#
# A fatal error has been detected by the Java Runtime Environment:
#
#  EXCEPTION_ACCESS_VIOLATION (0xc0000005) at pc=0x00007ff834c88427, pid=12460, tid=6748
#
# JRE version: OpenJDK Runtime Environment (23.0.1+11) (build 23.0.1+11-39)
# Java VM: OpenJDK 64-Bit Server VM (23.0.1+11-39, mixed mode, sharing, tiered, compressed oops, compressed class ptrs, g1 gc, windows-amd64)
# Problematic frame:
# C  [glass.dll+0x28427]
#
# No core dump will be written. Minidumps are not enabled by default on client versions of Windows
#
# If you would like to submit a bug report, please visit:
#   https://bugreport.java.com/bugreport/crash.jsp
#

---------------  S U M M A R Y ------------

Command Line: -javaagent:C:\Program Files\JetBrains\IntelliJ IDEA Community Edition 2024.2.1\lib\idea_rt.jar=55609:C:\Program Files\JetBrains\IntelliJ IDEA Community Edition 2024.2.1\bin -Dfile.encoding=UTF-8 -Dsun.stdout.encoding=UTF-8 -Dsun.stderr.encoding=UTF-8 com.JESIKOM.HowManager.HowManagerApplication

Host: AMD Ryzen 5 5600H with Radeon Graphics         , 12 cores, 15G,  Windows 11 , 64 bit Build 26100 (10.0.26100.3323)
Time: Thu Mar 20 23:26:28 2025 Paris, Madrid elapsed time: 111.223847 seconds (0d 0h 1m 51s)

---------------  T H R E A D  ---------------

Current thread (0x0000011974fb9440):  VMThread "VM Thread"          [id=6748, stack(0x0000001938e00000,0x0000001938f00000) (1024K)]

Stack: [0x0000001938e00000,0x0000001938f00000],  sp=0x0000001938eff030,  free space=1020k
Native frames: (J=compiled Java code, j=interpreted, Vv=VM code, C=native code)
C  [glass.dll+0x28427]  (no source info available)
C  [ucrtbase.dll+0x4bc75]  (no source info available)
C  [ucrtbase.dll+0x4b897]  (no source info available)
C  [ucrtbase.dll+0x4b84d]  (no source info available)
C  [glass.dll+0x25bbd]  (no source info available)
C  [glass.dll+0x25ce2]  (no source info available)
C  [ntdll.dll+0x12080]  (no source info available)
C  [ntdll.dll+0xbcf60]  (no source info available)
C  [ntdll.dll+0xbc124]  (no source info available)
C  [KERNEL32.DLL+0x418ab]  (no source info available)
C  [ucrtbase.dll+0xa0143]  (no source info available)
V  [jvm.dll+0x6d990c]  (no source info available)
V  [jvm.dll+0x6d9440]  (no source info available)
V  [jvm.dll+0x3da534]  (no source info available)
V  [jvm.dll+0x886720]  (no source info available)
V  [jvm.dll+0x887a47]  (no source info available)
V  [jvm.dll+0x887f78]  (no source info available)
V  [jvm.dll+0x888213]  (no source info available)
V  [jvm.dll+0x824f8b]  (no source info available)
V  [jvm.dll+0x6df065]  (no source info available)
C  [ucrtbase.dll+0x37b0]  (no source info available)
C  [KERNEL32.DLL+0x2e8d7]  (no source info available)
C  [ntdll.dll+0xbbf6c]  (no source info available)


siginfo: EXCEPTION_ACCESS_VIOLATION (0xc0000005), reading address 0x0000000000000000


Registers:
RAX=0x0000000000000000, RBX=0x0000011974fc199a, RCX=0x0000011974fb9440, RDX=0x0000001938eff030
RSP=0x0000001938eff030, RBP=0x0000203ce2e38589, RSI=0x0000011949d22448, RDI=0x0000011949d22420
R8 =0x0000000000010002, R9 =0x0000203ce2e38589, R10=0x0000011953bc0000, R11=0x0000001938eff118
R12=0x0000000000000001, R13=0x000000007ffe0385, R14=0x0000001938eff138, R15=0x0000011949d22420
RIP=0x00007ff834c88427, EFLAGS=0x0000000000010206


Register to memory mapping:

RAX=0x0 is null
RBX=0x0000011974fc199a is a global jni handle
RCX=0x0000011974fb9440 points into unknown readable memory: 0x00007ffff727f688 | 88 f6 27 f7 ff 7f 00 00
RDX=0x0000001938eff030 points into unknown readable memory: 0x0000000000000000 | 00 00 00 00 00 00 00 00
RSP=0x0000001938eff030 points into unknown readable memory: 0x0000000000000000 | 00 00 00 00 00 00 00 00
RBP=0x0000203ce2e38589 is an unknown value
RSI=0x0000011949d22448 points into unknown readable memory: 0x0000203ce2e38589 | 89 85 e3 e2 3c 20 00 00
RDI=0x0000011949d22420 points into unknown readable memory: 0x00ffd05572531589 | 89 15 53 72 55 d0 ff 00
R8 =0x0000000000010002 is an unknown value
R9 =0x0000203ce2e38589 is an unknown value
R10=0x0000011953bc0000 points into unknown readable memory: 0x0000000000000000 | 00 00 00 00 00 00 00 00
R11=0x0000001938eff118 points into unknown readable memory: 0x00007ff834c85bbd | bd 5b c8 34 f8 7f 00 00
R12=0x0000000000000001 is an unknown value
R13=0x000000007ffe0385 points into unknown readable memory: 00 00 00
R14=0x0000001938eff138 points into unknown readable memory: 0x0000001938eff120 | 20 f1 ef 38 19 00 00 00
R15=0x0000011949d22420 points into unknown readable memory: 0x00ffd05572531589 | 89 15 53 72 55 d0 ff 00

Top of Stack: (sp=0x0000001938eff030)
0x0000001938eff030:   0000000000000000 0000011900000000
0x0000001938eff040:   000001194996bdf0 0000000000000001
0x0000001938eff050:   0000011949d22428 00007ff8c3b3bc75
0x0000001938eff060:   0000011949d22420 0000011900000000
0x0000001938eff070:   0000011949d22440 0000203ce2e38589
0x0000001938eff080:   fffffffffffffffe 0000001938eff108
0x0000001938eff090:   00007ff834c60000 00007ff834c60000
0x0000001938eff0a0:   0000001938eff128 00007ff8c3b3b897
0x0000001938eff0b0:   0000001938eff100 0000001938eff138
0x0000001938eff0c0:   0000001938eff660 00007ff8c3c298c0
0x0000001938eff0d0:   0000000000000001 00007ff8c3b3b84d
0x0000001938eff0e0:   0000000000000000 0000000000000001
0x0000001938eff0f0:   0000000000000001 0000001938eff128
0x0000001938eff100:   fffffffffffffffe 000000007ffe0384
0x0000001938eff110:   0000000000000000 00007ff834c85bbd
0x0000001938eff120:   00007ff834c9d078 00007ff800000002
0x0000001938eff130:   00007ff800000002 0000001938eff120
0x0000001938eff140:   0000000000000000 0000c41b75a3b9b2
0x0000001938eff150:   0000000000000000 00007ff834c85ce2
0x0000001938eff160:   0000000000000001 000000007ffe0384
0x0000001938eff170:   000000007ffe0384 0000000000000001
0x0000001938eff180:   0000000000000001 0000000000000000
0x0000001938eff190:   0000000000000001 00000000000000bc
0x0000001938eff1a0:   0000000000000000 0000000000000001
0x0000001938eff1b0:   00007ff834c85d30 00007ff8c6612080
0x0000001938eff1c0:   00007ff834c60000 00007ff800000000
0x0000001938eff1d0:   0000000000000001 000000007ffe0384
0x0000001938eff1e0:   000000000000008d 0000000000000000
0x0000001938eff1f0:   0000000000000000 0000000000000000
0x0000001938eff200:   00007ff834c60000 fffffd4300000000
0x0000001938eff210:   00000000000000ba 0000000000000000
0x0000001938eff220:   0000000000000000 0000011953fb66a0 

Instructions: (pc=0x00007ff834c88427)
0x00007ff834c88327:   8b 4d 58 e8 49 cf ff ff 48 8b 4d 60 e8 40 cf ff
0x00007ff834c88337:   ff 48 8b 95 80 00 00 00 48 8b 8d 18 01 00 00 e8
0x00007ff834c88347:   26 c5 ff ff 33 d2 33 c9 e8 8c e1 ff ff 90 48 89
0x00007ff834c88357:   54 24 10 55 48 83 ec 20 48 8b ea 48 b8 00 00 00
0x00007ff834c88367:   00 00 00 00 00 48 83 c4 20 5d c3 cc 40 55 48 8b
0x00007ff834c88377:   ea 48 8b 01 33 c9 81 38 05 00 00 c0 0f 94 c1 8b
0x00007ff834c88387:   c1 5d c3 cc 40 55 48 83 ec 20 48 8b ea 8a 4d 40
0x00007ff834c88397:   48 83 c4 20 5d e9 33 d3 ff ff cc 40 55 48 83 ec
0x00007ff834c883a7:   20 48 8b ea 8a 4d 20 e8 21 d3 ff ff 90 48 83 c4
0x00007ff834c883b7:   20 5d c3 cc 40 55 48 83 ec 20 48 8b ea 48 83 c4
0x00007ff834c883c7:   20 5d e9 82 d1 ff ff cc 40 55 48 83 ec 30 48 8b
0x00007ff834c883d7:   ea 48 8b 01 8b 10 48 89 4c 24 28 89 54 24 20 4c
0x00007ff834c883e7:   8d 0d 23 d6 ff ff 4c 8b 45 70 8b 55 68 48 8b 4d
0x00007ff834c883f7:   60 e8 c3 d0 ff ff 90 48 83 c4 30 5d c3 cc cc cc
0x00007ff834c88407:   cc cc cc cc cc cc cc cc cc 40 53 48 83 ec 20 48
0x00007ff834c88417:   8b 1d 1b 46 01 00 48 85 db 74 16 e8 59 90 ff ff
0x00007ff834c88427:   4c 8b 00 48 8b d3 48 8b c8 41 ff 90 b0 00 00 00
0x00007ff834c88437:   90 48 83 c4 20 5b c3 cc cc 40 53 48 83 ec 20 48
0x00007ff834c88447:   8b 1d 5b 47 01 00 48 85 db 74 57 b8 ff ff ff ff
0x00007ff834c88457:   f0 0f c1 43 10 83 f8 01 75 3d 48 85 db 74 38 48
0x00007ff834c88467:   8b 0b 48 85 c9 74 0d ff 15 3c 0e 00 00 48 c7 03
0x00007ff834c88477:   00 00 00 00 48 8b 4b 08 48 85 c9 74 0d e8 ef cd
0x00007ff834c88487:   ff ff 48 c7 43 08 00 00 00 00 ba 18 00 00 00 48
0x00007ff834c88497:   8b cb e8 da cd ff ff 48 c7 05 ff 46 01 00 00 00
0x00007ff834c884a7:   00 00 48 83 c4 20 5b c3 cc 40 53 48 83 ec 20 48
0x00007ff834c884b7:   8b 1d cb 46 01 00 48 85 db 74 57 b8 ff ff ff ff
0x00007ff834c884c7:   f0 0f c1 43 10 83 f8 01 75 3d 48 85 db 74 38 48
0x00007ff834c884d7:   8b 0b 48 85 c9 74 0d ff 15 cc 0d 00 00 48 c7 03
0x00007ff834c884e7:   00 00 00 00 48 8b 4b 08 48 85 c9 74 0d e8 7f cd
0x00007ff834c884f7:   ff ff 48 c7 43 08 00 00 00 00 ba 18 00 00 00 48
0x00007ff834c88507:   8b cb e8 6a cd ff ff 48 c7 05 6f 46 01 00 00 00
0x00007ff834c88517:   00 00 48 83 c4 20 5b c3 cc 40 53 48 83 ec 20 48 


Stack slot to memory mapping:

stack at sp + 0 slots: 0x0 is null
stack at sp + 1 slots: 0x0000011900000000 is pointing into metadata
stack at sp + 2 slots: 0x000001194996bdf0 points into unknown readable memory: 0x000001194996c660 | 60 c6 96 49 19 01 00 00
stack at sp + 3 slots: 0x0000000000000001 is an unknown value
stack at sp + 4 slots: 0x0000011949d22428 points into unknown readable memory: 0x0000203ce2e38589 | 89 85 e3 e2 3c 20 00 00
stack at sp + 5 slots: 0x00007ff8c3b3bc75 ucrtbase.dll
stack at sp + 6 slots: 0x0000011949d22420 points into unknown readable memory: 0x00ffd05572531589 | 89 15 53 72 55 d0 ff 00
stack at sp + 7 slots: 0x0000011900000000 is pointing into metadata

VM_Operation (0x00000019384fefe0): Exit, mode: safepoint, requested by thread 0x000001194a8ecec0


---------------  P R O C E S S  ---------------

Threads class SMR info:
_java_thread_list=0x000001194a46e790, length=19, elements={
0x0000011953c7c890, 0x0000011974fcb1b0, 0x0000011974fcb820, 0x0000011945016540,
0x0000011945019fc0, 0x000001194501e750, 0x0000011945030510, 0x0000011945039020,
0x00000119451434f0, 0x000001194532cc60, 0x000001194553f940, 0x0000011948ca5ab0,
0x0000011948ca4d90, 0x0000011948ca5420, 0x0000011948ca6140, 0x000001194a8ed550,
0x000001194a8ec830, 0x000001194a8efcb0, 0x000001194a8ecec0
}

Java Threads: ( => current thread )
  0x0000011953c7c890 JavaThread "main"                              [_thread_blocked, id=14864, stack(0x0000001938700000,0x0000001938800000) (1024K)]
  0x0000011974fcb1b0 JavaThread "Reference Handler"          daemon [_thread_blocked, id=11144, stack(0x0000001938f00000,0x0000001939000000) (1024K)]
  0x0000011974fcb820 JavaThread "Finalizer"                  daemon [_thread_blocked, id=13132, stack(0x0000001939000000,0x0000001939100000) (1024K)]
  0x0000011945016540 JavaThread "Attach Listener"            daemon [_thread_blocked, id=12372, stack(0x0000001939200000,0x0000001939300000) (1024K)]
  0x0000011945019fc0 JavaThread "Service Thread"             daemon [_thread_blocked, id=20588, stack(0x0000001939300000,0x0000001939400000) (1024K)]
  0x000001194501e750 JavaThread "Monitor Deflation Thread"   daemon [_thread_blocked, id=2692, stack(0x0000001939400000,0x0000001939500000) (1024K)]
  0x0000011945030510 JavaThread "C2 CompilerThread0"         daemon [_thread_blocked, id=18520, stack(0x0000001939500000,0x0000001939600000) (1024K)]
  0x0000011945039020 JavaThread "C1 CompilerThread0"         daemon [_thread_blocked, id=17560, stack(0x0000001939600000,0x0000001939700000) (1024K)]
  0x00000119451434f0 JavaThread "Common-Cleaner"             daemon [_thread_blocked, id=5240, stack(0x0000001939700000,0x0000001939800000) (1024K)]
  0x000001194532cc60 JavaThread "Monitor Ctrl-Break"         daemon [_thread_in_native, id=22040, stack(0x0000001939900000,0x0000001939a00000) (1024K)]
  0x000001194553f940 JavaThread "Notification Thread"        daemon [_thread_blocked, id=12304, stack(0x0000001939a00000,0x0000001939b00000) (1024K)]
  0x0000011948ca5ab0 JavaThread "JavaFX-Launcher"                   [_thread_blocked, id=20488, stack(0x000000193a900000,0x000000193aa00000) (1024K)]
  0x0000011948ca4d90 JavaThread "QuantumRenderer-0"          daemon [_thread_blocked, id=2732, stack(0x000000193aa00000,0x000000193ab00000) (1024K)]
  0x0000011948ca5420 JavaThread "InvokeLaterDispatcher"      daemon [_thread_blocked, id=15416, stack(0x000000193ad00000,0x000000193ae00000) (1024K)]
  0x0000011948ca6140 JavaThread "JavaFX Application Thread"         [_thread_in_native, id=11772, stack(0x000000193ae00000,0x000000193af00000) (1024K)]
  0x000001194a8ed550 JavaThread "Thread-3"                   daemon [_thread_in_native, id=18420, stack(0x000000193b700000,0x000000193b800000) (1024K)]
  0x000001194a8ec830 JavaThread "Prism Font Disposer"        daemon [_thread_blocked, id=584, stack(0x000000193b900000,0x000000193ba00000) (1024K)]
  0x000001194a8efcb0 JavaThread "Cleaner-0"                  daemon [_thread_blocked, id=5680, stack(0x000000193ba00000,0x000000193bb00000) (1024K)]
  0x000001194a8ecec0 JavaThread "SIGINT handler"             daemon [_thread_blocked, id=10048, stack(0x0000001938400000,0x0000001938500000) (1024K)]
Total: 19

Other Threads:
=>0x0000011974fb9440 VMThread "VM Thread"                           [id=6748, stack(0x0000001938e00000,0x0000001938f00000) (1024K)]
  0x0000011956148f50 WorkerThread "GC Thread#0"                     [id=6808, stack(0x0000001938800000,0x0000001938900000) (1024K)]
  0x0000011945cf4f70 WorkerThread "GC Thread#1"                     [id=17128, stack(0x0000001939b00000,0x0000001939c00000) (1024K)]
  0x0000011945cf5320 WorkerThread "GC Thread#2"                     [id=19124, stack(0x0000001939c00000,0x0000001939d00000) (1024K)]
  0x0000011945cf56d0 WorkerThread "GC Thread#3"                     [id=11692, stack(0x0000001939d00000,0x0000001939e00000) (1024K)]
  0x0000011945cf5a80 WorkerThread "GC Thread#4"                     [id=416, stack(0x0000001939e00000,0x0000001939f00000) (1024K)]
  0x0000011945df4800 WorkerThread "GC Thread#5"                     [id=22052, stack(0x0000001939f00000,0x000000193a000000) (1024K)]
  0x0000011945df4bb0 WorkerThread "GC Thread#6"                     [id=11300, stack(0x000000193a000000,0x000000193a100000) (1024K)]
  0x0000011945e5d050 WorkerThread "GC Thread#7"                     [id=6276, stack(0x000000193a200000,0x000000193a300000) (1024K)]
  0x0000011945e5db60 WorkerThread "GC Thread#8"                     [id=10832, stack(0x000000193a300000,0x000000193a400000) (1024K)]
  0x0000011946c884d0 WorkerThread "GC Thread#9"                     [id=11748, stack(0x000000193a100000,0x000000193a200000) (1024K)]
  0x00000119561789e0 ConcurrentGCThread "G1 Main Marker"            terminated
  0x0000011956179b90 WorkerThread "G1 Conc#0"                       [id=8308, stack(0x0000001938a00000,0x0000001938b00000) (1024K)]
  0x0000011946c8b4c0 WorkerThread "G1 Conc#1"                       [id=22444, stack(0x000000193a500000,0x000000193a600000) (1024K)]
  0x0000011946c88c30 WorkerThread "G1 Conc#2"                       [id=12736, stack(0x000000193a600000,0x000000193a700000) (1024K)]
  0x000001195619e650 ConcurrentGCThread "G1 Refine#0"               terminated
  0x0000011974e730a0 ConcurrentGCThread "G1 Service"                terminated
Total: 17

Threads with active compile tasks:
C1 CompilerThread0  111452 7931       3       ch.qos.logback.classic.Logger::recursiveReset (58 bytes)
Total: 1

VM state: at safepoint (shutting down)

VM Mutex/Monitor currently owned by a thread:  ([mutex/lock_event])
[0x00007ffff7453910] Threads_lock - owner thread: 0x0000011974fb9440
[0x00007ffff7453a10] Heap_lock - owner thread: 0x000001194a8ecec0

Heap address: 0x000000070a800000, size: 3928 MB, Compressed Oops mode: Zero based, Oop shift amount: 3

CDS archive(s) mapped at: [0x0000011900000000-0x0000011900d70000-0x0000011900d70000), size 14090240, SharedBaseAddress: 0x0000011900000000, ArchiveRelocationMode: 1.
Compressed class space mapped at: 0x0000011901000000-0x0000011941000000, reserved size: 1073741824
Narrow klass base: 0x0000011900000000, Narrow klass shift: 0, Narrow klass range: 0x41000000

GC Precious Log:
 CardTable entry size: 512
 Card Set container configuration: InlinePtr #cards 4 size 8 Array Of Cards #cards 16 size 48 Howl #buckets 8 coarsen threshold 3686 Howl Bitmap #cards 512 size 80 coarsen threshold 460 Card regions per heap region 1 cards per card region 4096
 CPUs: 12 total, 12 available
 Memory: 15711M
 Large Page Support: Disabled
 NUMA Support: Disabled
 Compressed Oops: Enabled (Zero based)
 Heap Region Size: 2M
 Heap Min Capacity: 8M
 Heap Initial Capacity: 246M
 Heap Max Capacity: 3928M
 Pre-touch: Disabled
 Parallel Workers: 10
 Concurrent Workers: 3
 Concurrent Refinement Workers: 10
 Periodic GC: Disabled

Heap:
 garbage-first heap   total reserved 4022272K, committed 112640K, used 71516K [0x000000070a800000, 0x0000000800000000)
  region size 2048K, 9 young (18432K), 4 survivors (8192K)
 Metaspace       used 68033K, committed 68672K, reserved 1114112K
  class space    used 10017K, committed 10240K, reserved 1048576K

Heap Regions: E=young(eden), S=young(survivor), O=old, HS=humongous(starts), HC=humongous(continues), CS=collection set, F=free, TAMS=top-at-mark-start, PB=parsable bottom
|   0|0x000000070a800000, 0x000000070aa00000, 0x000000070aa00000|100%| O|  |TAMS 0x000000070a800000| PB 0x000000070a800000| Untracked |  0
|   1|0x000000070aa00000, 0x000000070ac00000, 0x000000070ac00000|100%| O|  |TAMS 0x000000070aa00000| PB 0x000000070aa00000| Untracked |  0
|   2|0x000000070ac00000, 0x000000070ae00000, 0x000000070ae00000|100%| O|  |TAMS 0x000000070ac00000| PB 0x000000070ac00000| Untracked |  0
|   3|0x000000070ae00000, 0x000000070b000000, 0x000000070b000000|100%|HS|  |TAMS 0x000000070ae00000| PB 0x000000070ae00000| Complete |  0
|   4|0x000000070b000000, 0x000000070b200000, 0x000000070b200000|100%| O|  |TAMS 0x000000070b000000| PB 0x000000070b000000| Untracked |  0
|   5|0x000000070b200000, 0x000000070b400000, 0x000000070b400000|100%| O|  |TAMS 0x000000070b200000| PB 0x000000070b200000| Untracked |  0
|   6|0x000000070b400000, 0x000000070b600000, 0x000000070b600000|100%| O|Cm|TAMS 0x000000070b400000| PB 0x000000070b400000| Complete |  0
|   7|0x000000070b600000, 0x000000070b800000, 0x000000070b800000|100%| O|  |TAMS 0x000000070b600000| PB 0x000000070b600000| Untracked |  0
|   8|0x000000070b800000, 0x000000070b9b2ec0, 0x000000070ba00000| 84%| O|  |TAMS 0x000000070b800000| PB 0x000000070b800000| Untracked |  0
|   9|0x000000070ba00000, 0x000000070bc00000, 0x000000070bc00000|100%|HS|  |TAMS 0x000000070ba00000| PB 0x000000070ba00000| Complete |  0
|  10|0x000000070bc00000, 0x000000070be00000, 0x000000070be00000|100%|HC|  |TAMS 0x000000070bc00000| PB 0x000000070bc00000| Complete |  0
|  11|0x000000070be00000, 0x000000070c000000, 0x000000070c000000|100%|HC|  |TAMS 0x000000070be00000| PB 0x000000070be00000| Complete |  0
|  12|0x000000070c000000, 0x000000070c200000, 0x000000070c200000|100%| O|  |TAMS 0x000000070c000000| PB 0x000000070c000000| Untracked |  0
|  13|0x000000070c200000, 0x000000070c400000, 0x000000070c400000|100%| O|  |TAMS 0x000000070c200000| PB 0x000000070c200000| Untracked |  0
|  14|0x000000070c400000, 0x000000070c600000, 0x000000070c600000|100%| S|CS|TAMS 0x000000070c400000| PB 0x000000070c400000| Complete |  0
|  15|0x000000070c600000, 0x000000070c800000, 0x000000070c800000|100%| S|CS|TAMS 0x000000070c600000| PB 0x000000070c600000| Complete |  0
|  16|0x000000070c800000, 0x000000070ca00000, 0x000000070ca00000|100%| S|CS|TAMS 0x000000070c800000| PB 0x000000070c800000| Complete |  0
|  17|0x000000070ca00000, 0x000000070cc00000, 0x000000070cc00000|100%| S|CS|TAMS 0x000000070ca00000| PB 0x000000070ca00000| Complete |  0
|  18|0x000000070cc00000, 0x000000070ce00000, 0x000000070ce00000|100%|HS|  |TAMS 0x000000070cc00000| PB 0x000000070cc00000| Complete |  0
|  19|0x000000070ce00000, 0x000000070d000000, 0x000000070d000000|100%|HC|  |TAMS 0x000000070ce00000| PB 0x000000070ce00000| Complete |  0
|  20|0x000000070d000000, 0x000000070d200000, 0x000000070d200000|100%|HC|  |TAMS 0x000000070d000000| PB 0x000000070d000000| Complete |  0
|  21|0x000000070d200000, 0x000000070d200000, 0x000000070d400000|  0%| F|  |TAMS 0x000000070d200000| PB 0x000000070d200000| Untracked |  0
|  22|0x000000070d400000, 0x000000070d400000, 0x000000070d600000|  0%| F|  |TAMS 0x000000070d400000| PB 0x000000070d400000| Untracked |  0
|  23|0x000000070d600000, 0x000000070d600000, 0x000000070d800000|  0%| F|  |TAMS 0x000000070d600000| PB 0x000000070d600000| Untracked |  0
|  24|0x000000070d800000, 0x000000070d800000, 0x000000070da00000|  0%| F|  |TAMS 0x000000070d800000| PB 0x000000070d800000| Untracked |  0
|  25|0x000000070da00000, 0x000000070da00000, 0x000000070dc00000|  0%| F|  |TAMS 0x000000070da00000| PB 0x000000070da00000| Untracked |  0
|  26|0x000000070dc00000, 0x000000070dc00000, 0x000000070de00000|  0%| F|  |TAMS 0x000000070dc00000| PB 0x000000070dc00000| Untracked |  0
|  27|0x000000070de00000, 0x000000070de00000, 0x000000070e000000|  0%| F|  |TAMS 0x000000070de00000| PB 0x000000070de00000| Untracked |  0
|  28|0x000000070e000000, 0x000000070e000000, 0x000000070e200000|  0%| F|  |TAMS 0x000000070e000000| PB 0x000000070e000000| Untracked |  0
|  29|0x000000070e200000, 0x000000070e200000, 0x000000070e400000|  0%| F|  |TAMS 0x000000070e200000| PB 0x000000070e200000| Untracked |  0
|  30|0x000000070e400000, 0x000000070e400000, 0x000000070e600000|  0%| F|  |TAMS 0x000000070e400000| PB 0x000000070e400000| Untracked |  0
|  31|0x000000070e600000, 0x000000070e600000, 0x000000070e800000|  0%| F|  |TAMS 0x000000070e600000| PB 0x000000070e600000| Untracked |  0
|  32|0x000000070e800000, 0x000000070e800000, 0x000000070ea00000|  0%| F|  |TAMS 0x000000070e800000| PB 0x000000070e800000| Untracked |  0
|  33|0x000000070ea00000, 0x000000070ea00000, 0x000000070ec00000|  0%| F|  |TAMS 0x000000070ea00000| PB 0x000000070ea00000| Untracked |  0
|  34|0x000000070ec00000, 0x000000070ec00000, 0x000000070ee00000|  0%| F|  |TAMS 0x000000070ec00000| PB 0x000000070ec00000| Untracked |  0
|  35|0x000000070ee00000, 0x000000070ee00000, 0x000000070f000000|  0%| F|  |TAMS 0x000000070ee00000| PB 0x000000070ee00000| Untracked |  0
|  36|0x000000070f000000, 0x000000070f000000, 0x000000070f200000|  0%| F|  |TAMS 0x000000070f000000| PB 0x000000070f000000| Untracked |  0
|  37|0x000000070f200000, 0x000000070f200000, 0x000000070f400000|  0%| F|  |TAMS 0x000000070f200000| PB 0x000000070f200000| Untracked |  0
|  38|0x000000070f400000, 0x000000070f400000, 0x000000070f600000|  0%| F|  |TAMS 0x000000070f400000| PB 0x000000070f400000| Untracked |  0
|  39|0x000000070f600000, 0x000000070f699c38, 0x000000070f800000| 30%| E|  |TAMS 0x000000070f600000| PB 0x000000070f600000| Complete |  0
|  40|0x000000070f800000, 0x000000070fa00000, 0x000000070fa00000|100%| E|CS|TAMS 0x000000070f800000| PB 0x000000070f800000| Complete |  0
|  41|0x000000070fa00000, 0x000000070fc00000, 0x000000070fc00000|100%| E|CS|TAMS 0x000000070fa00000| PB 0x000000070fa00000| Complete |  0
|  42|0x000000070fc00000, 0x000000070fe00000, 0x000000070fe00000|100%| E|CS|TAMS 0x000000070fc00000| PB 0x000000070fc00000| Complete |  0
| 122|0x0000000719c00000, 0x0000000719e00000, 0x0000000719e00000|100%| E|CS|TAMS 0x0000000719c00000| PB 0x0000000719c00000| Complete |  0
|1953|0x00000007fea00000, 0x00000007fea24200, 0x00000007fec00000|  7%| O|  |TAMS 0x00000007fea00000| PB 0x00000007fea00000| Untracked |  0
|1954|0x00000007fec00000, 0x00000007fee00000, 0x00000007fee00000|100%| O|  |TAMS 0x00000007fec00000| PB 0x00000007fec00000| Untracked |  0
|1955|0x00000007fee00000, 0x00000007ff000000, 0x00000007ff000000|100%| O|  |TAMS 0x00000007fee00000| PB 0x00000007fee00000| Untracked |  0
|1956|0x00000007ff000000, 0x00000007ff200000, 0x00000007ff200000|100%| O|  |TAMS 0x00000007ff000000| PB 0x00000007ff000000| Untracked |  0
|1957|0x00000007ff200000, 0x00000007ff400000, 0x00000007ff400000|100%| O|  |TAMS 0x00000007ff200000| PB 0x00000007ff200000| Untracked |  0
|1958|0x00000007ff400000, 0x00000007ff600000, 0x00000007ff600000|100%| O|  |TAMS 0x00000007ff400000| PB 0x00000007ff400000| Untracked |  0
|1959|0x00000007ff600000, 0x00000007ff800000, 0x00000007ff800000|100%| O|  |TAMS 0x00000007ff600000| PB 0x00000007ff600000| Untracked |  0
|1960|0x00000007ff800000, 0x00000007ffa00000, 0x00000007ffa00000|100%| O|  |TAMS 0x00000007ff800000| PB 0x00000007ff800000| Untracked |  0
|1961|0x00000007ffa00000, 0x00000007ffc00000, 0x00000007ffc00000|100%| O|  |TAMS 0x00000007ffa00000| PB 0x00000007ffa00000| Untracked |  0
|1962|0x00000007ffc00000, 0x00000007ffe00000, 0x00000007ffe00000|100%| O|  |TAMS 0x00000007ffc00000| PB 0x00000007ffc00000| Untracked |  0
|1963|0x00000007ffe00000, 0x0000000800000000, 0x0000000800000000|100%| O|  |TAMS 0x00000007ffe00000| PB 0x00000007ffe00000| Untracked |  0

Card table byte_map: [0x000001196e620000,0x000001196edd0000] _byte_map_base: 0x000001196adcc000

Marking Bits: (CMBitMap*) 0x000001195614b970
 Bits: [0x000001196edd0000, 0x0000011972b30000)

Polling page: 0x0000011953f00000

Metaspace:

Usage:
  Non-class:     56.66 MB used.
      Class:      9.78 MB used.
       Both:     66.44 MB used.

Virtual space:
  Non-class space:       64.00 MB reserved,      57.06 MB ( 89%) committed,  1 nodes.
      Class space:        1.00 GB reserved,      10.00 MB ( <1%) committed,  1 nodes.
             Both:        1.06 GB reserved,      67.06 MB (  6%) committed. 

Chunk freelists:
   Non-Class:  6.73 MB
       Class:  5.94 MB
        Both:  12.67 MB

MaxMetaspaceSize: unlimited
CompressedClassSpaceSize: 1.00 GB
Initial GC threshold: 21.00 MB
Current GC threshold: 98.38 MB
CDS: on
 - commit_granule_bytes: 65536.
 - commit_granule_words: 8192.
 - virtual_space_node_default_size: 8388608.
 - enlarge_chunks_in_place: 1.
 - use_allocation_guard: 0.


Internal statistics:

num_allocs_failed_limit: 9.
num_arena_births: 846.
num_arena_deaths: 0.
num_vsnodes_births: 2.
num_vsnodes_deaths: 0.
num_space_committed: 1073.
num_space_uncommitted: 0.
num_chunks_returned_to_freelist: 9.
num_chunks_taken_from_freelist: 3320.
num_chunk_merges: 9.
num_chunk_splits: 2392.
num_chunks_enlarged: 1868.
num_inconsistent_stats: 0.

CodeHeap 'non-profiled nmethods': size=120064Kb used=3423Kb max_used=3423Kb free=116640Kb
 bounds [0x00000119662d0000, 0x0000011966630000, 0x000001196d810000]
CodeHeap 'profiled nmethods': size=120000Kb used=10845Kb max_used=10845Kb free=109154Kb
 bounds [0x000001195e810000, 0x000001195f2b0000, 0x0000011965d40000]
CodeHeap 'non-nmethods': size=5696Kb used=2061Kb max_used=2112Kb free=3634Kb
 bounds [0x0000011965d40000, 0x0000011965fb0000, 0x00000119662d0000]
CodeCache: size=245760Kb, used=16329Kb, max_used=16380Kb, free=229428Kb
 total_blobs=8335, nmethods=7283, adapters=957, full_count=0
Compilation: enabled, stopped_count=0, restarted_count=0

Compilation events (20 events):
Event: 110.687 Thread 0x0000011945039020 nmethod 7919 0x000001195f2a3d88 code [0x000001195f2a3ee0, 0x000001195f2a4228]
Event: 110.688 Thread 0x0000011945039020 7921       3       java.lang.invoke.MemberName::isVolatile (8 bytes)
Event: 110.688 Thread 0x0000011945039020 nmethod 7921 0x000001195f2a4288 code [0x000001195f2a43a0, 0x000001195f2a4560]
Event: 110.688 Thread 0x0000011945039020 7922       3       java.lang.invoke.MethodHandles$Lookup::getDirectFieldCommon (67 bytes)
Event: 110.688 Thread 0x0000011945039020 nmethod 7922 0x000001195f2a4588 code [0x000001195f2a4700, 0x000001195f2a4b68]
Event: 110.689 Thread 0x0000011945039020 7923       3       org.h2.result.DefaultRow::setValue (24 bytes)
Event: 110.689 Thread 0x0000011945039020 nmethod 7923 0x000001195f2a4b88 code [0x000001195f2a4cc0, 0x000001195f2a50a0]
Event: 110.689 Thread 0x0000011945039020 7924       1       org.h2.mvstore.tx.VersionedValueCommitted::getCurrentValue (5 bytes)
Event: 110.689 Thread 0x0000011945039020 nmethod 7924 0x0000011966627a88 code [0x0000011966627ba0, 0x0000011966627c70]
Event: 110.690 Thread 0x0000011945039020 7925       3       ch.qos.logback.core.util.COWArrayList::asTypedArray (9 bytes)
Event: 110.690 Thread 0x0000011945039020 nmethod 7925 0x000001195f2a5108 code [0x000001195f2a5260, 0x000001195f2a5758]
Event: 110.690 Thread 0x0000011945039020 7926       3       ch.qos.logback.core.util.COWArrayList::refreshCopyIfNecessary (12 bytes)
Event: 110.690 Thread 0x0000011945039020 nmethod 7926 0x000001195f2a5808 code [0x000001195f2a5960, 0x000001195f2a5df8]
Event: 110.690 Thread 0x0000011945039020 7927       3       ch.qos.logback.core.util.COWArrayList::isFresh (8 bytes)
Event: 110.691 Thread 0x0000011945039020 nmethod 7927 0x000001195f2a5e88 code [0x000001195f2a5fa0, 0x000001195f2a6170]
Event: 110.691 Thread 0x0000011945039020 7928       3       org.springframework.boot.logging.logback.EnclosedInSquareBracketsConverter::transform (10 bytes)
Event: 110.691 Thread 0x0000011945039020 nmethod 7928 0x000001195f2a6208 code [0x000001195f2a6340, 0x000001195f2a6580]
Event: 110.691 Thread 0x0000011945039020 7929       3       org.springframework.boot.logging.logback.EnclosedInSquareBracketsConverter::transform (43 bytes)
Event: 110.691 Thread 0x0000011945039020 nmethod 7929 0x000001195f2a6608 code [0x000001195f2a6840, 0x000001195f2a7690]
Event: 110.691 Thread 0x0000011945039020 7931       3       ch.qos.logback.classic.Logger::recursiveReset (58 bytes)

GC Heap History (20 events):
Event: 0.540 GC heap before
{Heap before GC invocations=0 (full 0):
 garbage-first heap   total reserved 4022272K, committed 251904K, used 22528K [0x000000070a800000, 0x0000000800000000)
  region size 2048K, 12 young (24576K), 0 survivors (0K)
 Metaspace       used 7223K, committed 7488K, reserved 1114112K
  class space    used 885K, committed 1024K, reserved 1048576K
}
Event: 0.544 GC heap after
{Heap after GC invocations=1 (full 0):
 garbage-first heap   total reserved 4022272K, committed 251904K, used 8352K [0x000000070a800000, 0x0000000800000000)
  region size 2048K, 2 young (4096K), 2 survivors (4096K)
 Metaspace       used 7223K, committed 7488K, reserved 1114112K
  class space    used 885K, committed 1024K, reserved 1048576K
}
Event: 0.815 GC heap before
{Heap before GC invocations=1 (full 0):
 garbage-first heap   total reserved 4022272K, committed 251904K, used 28832K [0x000000070a800000, 0x0000000800000000)
  region size 2048K, 12 young (24576K), 2 survivors (4096K)
 Metaspace       used 12234K, committed 12544K, reserved 1114112K
  class space    used 1635K, committed 1792K, reserved 1048576K
}
Event: 0.818 GC heap after
{Heap after GC invocations=2 (full 0):
 garbage-first heap   total reserved 4022272K, committed 251904K, used 9536K [0x000000070a800000, 0x0000000800000000)
  region size 2048K, 1 young (2048K), 1 survivors (2048K)
 Metaspace       used 12234K, committed 12544K, reserved 1114112K
  class space    used 1635K, committed 1792K, reserved 1048576K
}
Event: 1.621 GC heap before
{Heap before GC invocations=2 (full 0):
 garbage-first heap   total reserved 4022272K, committed 251904K, used 56640K [0x000000070a800000, 0x0000000800000000)
  region size 2048K, 26 young (53248K), 1 survivors (2048K)
 Metaspace       used 21104K, committed 21504K, reserved 1114112K
  class space    used 2869K, committed 3072K, reserved 1048576K
}
Event: 1.625 GC heap after
{Heap after GC invocations=3 (full 0):
 garbage-first heap   total reserved 4022272K, committed 251904K, used 13937K [0x000000070a800000, 0x0000000800000000)
  region size 2048K, 3 young (6144K), 3 survivors (6144K)
 Metaspace       used 21104K, committed 21504K, reserved 1114112K
  class space    used 2869K, committed 3072K, reserved 1048576K
}
Event: 1.964 GC heap before
{Heap before GC invocations=4 (full 0):
 garbage-first heap   total reserved 4022272K, committed 49152K, used 36465K [0x000000070a800000, 0x0000000800000000)
  region size 2048K, 14 young (28672K), 3 survivors (6144K)
 Metaspace       used 26710K, committed 27200K, reserved 1114112K
  class space    used 3768K, committed 4032K, reserved 1048576K
}
Event: 1.968 GC heap after
{Heap after GC invocations=5 (full 0):
 garbage-first heap   total reserved 4022272K, committed 49152K, used 15182K [0x000000070a800000, 0x0000000800000000)
  region size 2048K, 1 young (2048K), 1 survivors (2048K)
 Metaspace       used 26710K, committed 27200K, reserved 1114112K
  class space    used 3768K, committed 4032K, reserved 1048576K
}
Event: 2.246 GC heap before
{Heap before GC invocations=5 (full 0):
 garbage-first heap   total reserved 4022272K, committed 49152K, used 35662K [0x000000070a800000, 0x0000000800000000)
  region size 2048K, 11 young (22528K), 1 survivors (2048K)
 Metaspace       used 33281K, committed 33792K, reserved 1114112K
  class space    used 4603K, committed 4800K, reserved 1048576K
}
Event: 2.250 GC heap after
{Heap after GC invocations=6 (full 0):
 garbage-first heap   total reserved 4022272K, committed 49152K, used 15989K [0x000000070a800000, 0x0000000800000000)
  region size 2048K, 2 young (4096K), 2 survivors (4096K)
 Metaspace       used 33281K, committed 33792K, reserved 1114112K
  class space    used 4603K, committed 4800K, reserved 1048576K
}
Event: 2.400 GC heap before
{Heap before GC invocations=6 (full 0):
 garbage-first heap   total reserved 4022272K, committed 49152K, used 22133K [0x000000070a800000, 0x0000000800000000)
  region size 2048K, 7 young (14336K), 2 survivors (4096K)
 Metaspace       used 35632K, committed 36096K, reserved 1114112K
  class space    used 4940K, committed 5120K, reserved 1048576K
}
Event: 2.404 GC heap after
{Heap after GC invocations=7 (full 0):
 garbage-first heap   total reserved 4022272K, committed 49152K, used 17045K [0x000000070a800000, 0x0000000800000000)
  region size 2048K, 2 young (4096K), 2 survivors (4096K)
 Metaspace       used 35632K, committed 36096K, reserved 1114112K
  class space    used 4940K, committed 5120K, reserved 1048576K
}
Event: 2.683 GC heap before
{Heap before GC invocations=8 (full 0):
 garbage-first heap   total reserved 4022272K, committed 49152K, used 35477K [0x000000070a800000, 0x0000000800000000)
  region size 2048K, 11 young (22528K), 2 survivors (4096K)
 Metaspace       used 40962K, committed 41408K, reserved 1114112K
  class space    used 5745K, committed 5952K, reserved 1048576K
}
Event: 2.687 GC heap after
{Heap after GC invocations=9 (full 0):
 garbage-first heap   total reserved 4022272K, committed 49152K, used 18131K [0x000000070a800000, 0x0000000800000000)
  region size 2048K, 1 young (2048K), 1 survivors (2048K)
 Metaspace       used 40962K, committed 41408K, reserved 1114112K
  class space    used 5745K, committed 5952K, reserved 1048576K
}
Event: 2.960 GC heap before
{Heap before GC invocations=9 (full 0):
 garbage-first heap   total reserved 4022272K, committed 49152K, used 36563K [0x000000070a800000, 0x0000000800000000)
  region size 2048K, 11 young (22528K), 1 survivors (2048K)
 Metaspace       used 45929K, committed 46464K, reserved 1114112K
  class space    used 6543K, committed 6784K, reserved 1048576K
}
Event: 2.965 GC heap after
{Heap after GC invocations=10 (full 0):
 garbage-first heap   total reserved 4022272K, committed 151552K, used 19007K [0x000000070a800000, 0x0000000800000000)
  region size 2048K, 2 young (4096K), 2 survivors (4096K)
 Metaspace       used 45929K, committed 46464K, reserved 1114112K
  class space    used 6543K, committed 6784K, reserved 1048576K
}
Event: 4.045 GC heap before
{Heap before GC invocations=10 (full 0):
 garbage-first heap   total reserved 4022272K, committed 151552K, used 86591K [0x000000070a800000, 0x0000000800000000)
  region size 2048K, 37 young (75776K), 2 survivors (4096K)
 Metaspace       used 59708K, committed 60288K, reserved 1114112K
  class space    used 8466K, committed 8704K, reserved 1048576K
}
Event: 4.050 GC heap after
{Heap after GC invocations=11 (full 0):
 garbage-first heap   total reserved 4022272K, committed 151552K, used 26308K [0x000000070a800000, 0x0000000800000000)
  region size 2048K, 5 young (10240K), 5 survivors (10240K)
 Metaspace       used 59708K, committed 60288K, reserved 1114112K
  class space    used 8466K, committed 8704K, reserved 1048576K
}
Event: 7.734 GC heap before
{Heap before GC invocations=12 (full 0):
 garbage-first heap   total reserved 4022272K, committed 90112K, used 75460K [0x000000070a800000, 0x0000000800000000)
  region size 2048K, 26 young (53248K), 5 survivors (10240K)
 Metaspace       used 67499K, committed 68096K, reserved 1114112K
  class space    used 9993K, committed 10240K, reserved 1048576K
}
Event: 7.741 GC heap after
{Heap after GC invocations=13 (full 0):
 garbage-first heap   total reserved 4022272K, committed 112640K, used 57180K [0x000000070a800000, 0x0000000800000000)
  region size 2048K, 4 young (8192K), 4 survivors (8192K)
 Metaspace       used 67499K, committed 68096K, reserved 1114112K
  class space    used 9993K, committed 10240K, reserved 1048576K
}

Dll operation events (20 events):
Event: 3.623 Loaded shared library C:\Users\g_ste\.openjfx\cache\23.0.1+4\amd64\api-ms-win-crt-heap-l1-1-0.dll
Event: 3.625 Loaded shared library C:\Users\g_ste\.openjfx\cache\23.0.1+4\amd64\api-ms-win-crt-locale-l1-1-0.dll
Event: 3.627 Loaded shared library C:\Users\g_ste\.openjfx\cache\23.0.1+4\amd64\api-ms-win-crt-math-l1-1-0.dll
Event: 3.629 Loaded shared library C:\Users\g_ste\.openjfx\cache\23.0.1+4\amd64\api-ms-win-crt-multibyte-l1-1-0.dll
Event: 3.632 Loaded shared library C:\Users\g_ste\.openjfx\cache\23.0.1+4\amd64\api-ms-win-crt-private-l1-1-0.dll
Event: 3.633 Loaded shared library C:\Users\g_ste\.openjfx\cache\23.0.1+4\amd64\api-ms-win-crt-process-l1-1-0.dll
Event: 3.635 Loaded shared library C:\Users\g_ste\.openjfx\cache\23.0.1+4\amd64\api-ms-win-crt-runtime-l1-1-0.dll
Event: 3.637 Loaded shared library C:\Users\g_ste\.openjfx\cache\23.0.1+4\amd64\api-ms-win-crt-stdio-l1-1-0.dll
Event: 3.638 Loaded shared library C:\Users\g_ste\.openjfx\cache\23.0.1+4\amd64\api-ms-win-crt-string-l1-1-0.dll
Event: 3.640 Loaded shared library C:\Users\g_ste\.openjfx\cache\23.0.1+4\amd64\api-ms-win-crt-time-l1-1-0.dll
Event: 3.642 Loaded shared library C:\Users\g_ste\.openjfx\cache\23.0.1+4\amd64\api-ms-win-crt-utility-l1-1-0.dll
Event: 3.652 Loaded shared library C:\Users\g_ste\.openjfx\cache\23.0.1+4\amd64\ucrtbase.dll
Event: 3.654 Loaded shared library C:\Users\g_ste\.openjfx\cache\23.0.1+4\amd64\vcruntime140.dll
Event: 3.656 Loaded shared library C:\Users\g_ste\.openjfx\cache\23.0.1+4\amd64\vcruntime140_1.dll
Event: 3.661 Loaded shared library C:\Users\g_ste\.openjfx\cache\23.0.1+4\amd64\msvcp140.dll
Event: 3.663 Loaded shared library C:\Users\g_ste\.openjfx\cache\23.0.1+4\amd64\msvcp140_1.dll
Event: 3.666 Loaded shared library C:\Users\g_ste\.openjfx\cache\23.0.1+4\amd64\msvcp140_2.dll
Event: 3.686 Loaded shared library C:\Users\g_ste\.openjfx\cache\23.0.1+4\amd64\prism_d3d.dll
Event: 3.726 Loaded shared library C:\Users\g_ste\.openjfx\cache\23.0.1+4\amd64\glass.dll
Event: 4.064 Loaded shared library C:\Users\g_ste\.openjfx\cache\23.0.1+4\amd64\javafx_font.dll

Deoptimization events (20 events):
Event: 9.621 Thread 0x0000011948ca6140 Uncommon trap: trap_request=0xffffffbe fr.pc=0x00000119665efb5c relative=0x0000000000000c1c
Event: 9.621 Thread 0x0000011948ca6140 Uncommon trap: reason=profile_predicate action=maybe_recompile pc=0x00000119665efb5c method=com.sun.javafx.css.BitSet.addAll(Ljava/util/Collection;)Z @ 122 c2
Event: 9.621 Thread 0x0000011948ca6140 DEOPT PACKING pc=0x00000119665efb5c sp=0x000000193aef9360
Event: 9.621 Thread 0x0000011948ca6140 DEOPT UNPACKING pc=0x0000011965d94402 sp=0x000000193aef92c0 mode 2
Event: 9.621 Thread 0x0000011948ca6140 Uncommon trap: trap_request=0xffffffbe fr.pc=0x00000119665efb5c relative=0x0000000000000c1c
Event: 9.621 Thread 0x0000011948ca6140 Uncommon trap: reason=profile_predicate action=maybe_recompile pc=0x00000119665efb5c method=com.sun.javafx.css.BitSet.addAll(Ljava/util/Collection;)Z @ 122 c2
Event: 9.621 Thread 0x0000011948ca6140 DEOPT PACKING pc=0x00000119665efb5c sp=0x000000193aef92e0
Event: 9.621 Thread 0x0000011948ca6140 DEOPT UNPACKING pc=0x0000011965d94402 sp=0x000000193aef9240 mode 2
Event: 9.630 Thread 0x0000011948ca6140 Uncommon trap: trap_request=0xffffffbe fr.pc=0x00000119665efb5c relative=0x0000000000000c1c
Event: 9.630 Thread 0x0000011948ca6140 Uncommon trap: reason=profile_predicate action=maybe_recompile pc=0x00000119665efb5c method=com.sun.javafx.css.BitSet.addAll(Ljava/util/Collection;)Z @ 122 c2
Event: 9.630 Thread 0x0000011948ca6140 DEOPT PACKING pc=0x00000119665efb5c sp=0x000000193aef90a0
Event: 9.630 Thread 0x0000011948ca6140 DEOPT UNPACKING pc=0x0000011965d94402 sp=0x000000193aef9000 mode 2
Event: 20.305 Thread 0x0000011948ca6140 Uncommon trap: trap_request=0xffffff6e fr.pc=0x000001196662322c relative=0x000000000000020c
Event: 20.305 Thread 0x0000011948ca6140 Uncommon trap: reason=loop_limit_check action=maybe_recompile pc=0x000001196662322c method=javafx.scene.Parent.pickChildrenNode(Lcom/sun/javafx/geom/PickRay;Lcom/sun/javafx/scene/input/PickResultChooser;)Z @ 17 c2
Event: 20.305 Thread 0x0000011948ca6140 DEOPT PACKING pc=0x000001196662322c sp=0x000000193aef8d10
Event: 20.305 Thread 0x0000011948ca6140 DEOPT UNPACKING pc=0x0000011965d94402 sp=0x000000193aef8ac0 mode 2
Event: 21.081 Thread 0x0000011948ca6140 Uncommon trap: trap_request=0xffffff45 fr.pc=0x00000119666254e8 relative=0x00000000000009c8
Event: 21.082 Thread 0x0000011948ca6140 Uncommon trap: reason=unstable_if action=reinterpret pc=0x00000119666254e8 method=javafx.scene.Parent.getOrderedChildren()Ljava/util/List; @ 7 c2
Event: 21.082 Thread 0x0000011948ca6140 DEOPT PACKING pc=0x00000119666254e8 sp=0x000000193aef8dd0
Event: 21.082 Thread 0x0000011948ca6140 DEOPT UNPACKING pc=0x0000011965d94402 sp=0x000000193aef8b20 mode 2

Classes loaded (20 events):
Event: 4.558 Loading class jdk/internal/ref/CleanerImpl$InnocuousThreadFactory
Event: 4.558 Loading class jdk/internal/ref/CleanerImpl$InnocuousThreadFactory done
Event: 4.561 Loading class sun/misc/Unsafe
Event: 4.562 Loading class sun/misc/Unsafe done
Event: 4.562 Loading class sun/misc/Unsafe$MemoryAccessOption
Event: 4.562 Loading class sun/misc/Unsafe$MemoryAccessOption done
Event: 4.577 Loading class java/nio/ShortBuffer
Event: 4.577 Loading class java/nio/ShortBuffer done
Event: 4.577 Loading class java/nio/DoubleBuffer
Event: 4.577 Loading class java/nio/DoubleBuffer done
Event: 4.577 Loading class java/nio/DirectFloatBufferU
Event: 4.577 Loading class java/nio/DirectFloatBufferU done
Event: 4.578 Loading class java/lang/FdLibm$Atan2
Event: 4.578 Loading class java/lang/FdLibm$Atan2 done
Event: 110.682 Loading class jdk/internal/misc/Signal$1
Event: 110.682 Loading class jdk/internal/misc/Signal$1 done
Event: 110.686 Loading class java/util/AbstractMap$2
Event: 110.687 Loading class java/util/AbstractMap$2 done
Event: 110.687 Loading class java/util/AbstractMap$ValueIterator
Event: 110.687 Loading class java/util/AbstractMap$ValueIterator done

Classes unloaded (0 events):
No events

Classes redefined (0 events):
No events

Internal exceptions (20 events):
Event: 3.458 Thread 0x0000011953c7c890 Exception <a 'java/lang/NoSuchMethodError'{0x0000000711954ff8}: 'void java.lang.invoke.DirectMethodHandle$Holder.invokeStatic(java.lang.Object, java.lang.Object, int)'> (0x0000000711954ff8) 
thrown [s\open\src\hotspot\share\interpreter\linkResolver.cpp, line 796]
Event: 3.474 Thread 0x0000011953c7c890 Exception <a 'java/lang/NoSuchMethodError'{0x00000007116165c0}: 'java.lang.Object java.lang.invoke.Invokers$Holder.linkToTargetMethod(java.lang.Object, long, java.lang.Object)'> (0x00000007116165c0) 
thrown [s\open\src\hotspot\share\interpreter\linkResolver.cpp, line 796]
Event: 3.515 Thread 0x0000011953c7c890 Exception <a 'java/lang/NoSuchMethodError'{0x000000071147f858}: 'long java.lang.invoke.DirectMethodHandle$Holder.invokeSpecial(java.lang.Object, java.lang.Object)'> (0x000000071147f858) 
thrown [s\open\src\hotspot\share\interpreter\linkResolver.cpp, line 796]
Event: 3.517 Thread 0x0000011953c7c890 Exception <a 'java/lang/NoSuchMethodError'{0x000000071149c0d0}: 'void java.lang.invoke.DirectMethodHandle$Holder.invokeVirtual(java.lang.Object, java.lang.Object, long)'> (0x000000071149c0d0) 
thrown [s\open\src\hotspot\share\interpreter\linkResolver.cpp, line 796]
Event: 3.520 Thread 0x0000011953c7c890 Exception <a 'java/lang/NoSuchMethodError'{0x00000007114fecd0}: 'java.lang.Object java.lang.invoke.DirectMethodHandle$Holder.newInvokeSpecial(java.lang.Object, java.lang.Object, int, java.lang.Object, java.lang.Object)'> (0x00000007114fecd0) 
thrown [s\open\src\hotspot\share\interpreter\linkResolver.cpp, line 796]
Event: 3.772 Thread 0x0000011948ca6140 Exception <a 'java/lang/NoSuchMethodError'{0x0000000710df5b68}: 'void java.lang.invoke.DirectMethodHandle$Holder.invokeStaticInit(java.lang.Object)'> (0x0000000710df5b68) 
thrown [s\open\src\hotspot\share\interpreter\linkResolver.cpp, line 796]
Event: 4.011 Thread 0x0000011948ca6140 Exception <a 'java/lang/NullPointerException'{0x000000070f8b5070}> (0x000000070f8b5070) 
thrown [s\open\src\hotspot\share\interpreter\linkResolver.cpp, line 1389]
Event: 4.116 Thread 0x0000011948ca6140 Exception <a 'java/lang/NoSuchMethodError'{0x000000070fa28410}: 'void java.lang.invoke.DirectMethodHandle$Holder.invokeSpecial(java.lang.Object, java.lang.Object, double)'> (0x000000070fa28410) 
thrown [s\open\src\hotspot\share\interpreter\linkResolver.cpp, line 796]
Event: 4.116 Thread 0x0000011948ca6140 Exception <a 'java/lang/NoSuchMethodError'{0x000000070fa32938}: 'double java.lang.invoke.DelegatingMethodHandle$Holder.reinvoke_L(java.lang.Object, java.lang.Object, int)'> (0x000000070fa32938) 
thrown [s\open\src\hotspot\share\interpreter\linkResolver.cpp, line 796]
Event: 4.117 Thread 0x0000011948ca6140 Exception <a 'java/lang/NoSuchMethodError'{0x000000070fa3c670}: 'void java.lang.invoke.DelegatingMethodHandle$Holder.reinvoke_L(java.lang.Object, java.lang.Object, double)'> (0x000000070fa3c670) 
thrown [s\open\src\hotspot\share\interpreter\linkResolver.cpp, line 796]
Event: 4.184 Thread 0x0000011948ca6140 Exception <a 'java/lang/NoSuchMethodError'{0x000000070f8fef28}: 'void java.lang.invoke.DirectMethodHandle$Holder.invokeSpecial(java.lang.Object, java.lang.Object, int)'> (0x000000070f8fef28) 
thrown [s\open\src\hotspot\share\interpreter\linkResolver.cpp, line 796]
Event: 4.274 Thread 0x0000011948ca6140 Implicit null exception at 0x00000119663ce017 to 0x00000119663cfb30
Event: 4.391 Thread 0x0000011948ca6140 Exception <a 'java/lang/IncompatibleClassChangeError'{0x000000070dd80340}: Found class java.lang.Object, but interface was expected> (0x000000070dd80340) 
thrown [s\open\src\hotspot\share\interpreter\linkResolver.cpp, line 863]
Event: 6.375 Thread 0x0000011948ca6140 Exception <a 'java/lang/NoSuchMethodError'{0x000000070d0b9dd8}: 'long java.lang.invoke.DirectMethodHandle$Holder.invokeStatic(java.lang.Object, java.lang.Object, java.lang.Object)'> (0x000000070d0b9dd8) 
thrown [s\open\src\hotspot\share\interpreter\linkResolver.cpp, line 796]
Event: 6.375 Thread 0x0000011948ca6140 Exception <a 'java/lang/NoSuchMethodError'{0x000000070d0bd178}: 'long java.lang.invoke.DirectMethodHandle$Holder.invokeStaticInit(java.lang.Object, java.lang.Object, java.lang.Object)'> (0x000000070d0bd178) 
thrown [s\open\src\hotspot\share\interpreter\linkResolver.cpp, line 796]
Event: 6.376 Thread 0x0000011948ca6140 Exception <a 'java/lang/NoSuchMethodError'{0x000000070d0d1770}: 'java.lang.Object java.lang.invoke.DirectMethodHandle$Holder.newInvokeSpecial(java.lang.Object, java.lang.Object, long)'> (0x000000070d0d1770) 
thrown [s\open\src\hotspot\share\interpreter\linkResolver.cpp, line 796]
Event: 6.385 Thread 0x0000011948ca4d90 Exception <a 'java/lang/NoSuchMethodError'{0x000000070d152c80}: 'java.lang.Object java.lang.invoke.DirectMethodHandle$Holder.invokeStaticInit(java.lang.Object, int)'> (0x000000070d152c80) 
thrown [s\open\src\hotspot\share\interpreter\linkResolver.cpp, line 796]
Event: 7.660 Thread 0x0000011948ca6140 Exception <a 'java/io/FileNotFoundException'{0x000000070cee9bd0}> (0x000000070cee9bd0) 
thrown [s\open\src\hotspot\share\prims\jni.cpp, line 520]
Event: 7.661 Thread 0x0000011948ca6140 Exception <a 'java/io/FileNotFoundException'{0x000000070ceefb58}> (0x000000070ceefb58) 
thrown [s\open\src\hotspot\share\prims\jni.cpp, line 520]
Event: 7.663 Thread 0x0000011948ca6140 Exception <a 'java/io/FileNotFoundException'{0x000000070cf0a8e0}> (0x000000070cf0a8e0) 
thrown [s\open\src\hotspot\share\prims\jni.cpp, line 520]

VM Operations (20 events):
Event: 3.489 Executing VM operation: HandshakeAllThreads (Deoptimize) done
Event: 4.045 Executing VM operation: CollectForMetadataAllocation (Metadata GC Threshold)
Event: 4.050 Executing VM operation: CollectForMetadataAllocation (Metadata GC Threshold) done
Event: 4.056 Executing VM operation: G1PauseRemark
Event: 4.059 Executing VM operation: G1PauseRemark done
Event: 4.061 Executing VM operation: G1PauseCleanup
Event: 4.061 Executing VM operation: G1PauseCleanup done
Event: 4.084 Executing VM operation: HandshakeAllThreads (Deoptimize)
Event: 4.084 Executing VM operation: HandshakeAllThreads (Deoptimize) done
Event: 4.433 Executing VM operation: HandshakeAllThreads (Deoptimize)
Event: 4.433 Executing VM operation: HandshakeAllThreads (Deoptimize) done
Event: 7.721 Executing VM operation: HandshakeAllThreads (Deoptimize)
Event: 7.721 Executing VM operation: HandshakeAllThreads (Deoptimize) done
Event: 7.734 Executing VM operation: G1CollectForAllocation (G1 Evacuation Pause)
Event: 7.741 Executing VM operation: G1CollectForAllocation (G1 Evacuation Pause) done
Event: 60.148 Executing VM operation: HandshakeAllThreads (HandshakeForDeflation)
Event: 60.148 Executing VM operation: HandshakeAllThreads (HandshakeForDeflation) done
Event: 60.148 Executing VM operation: RendezvousGCThreads
Event: 60.148 Executing VM operation: RendezvousGCThreads done
Event: 110.692 Executing VM operation: Exit

Memory protections (0 events):
No events

Nmethod flushes (20 events):
Event: 4.058 Thread 0x0000011974fb9440 flushing  nmethod 0x0000011966391388
Event: 4.058 Thread 0x0000011974fb9440 flushing  nmethod 0x00000119663fb088
Event: 4.058 Thread 0x0000011974fb9440 flushing  nmethod 0x000001195e853608
Event: 4.058 Thread 0x0000011974fb9440 flushing  nmethod 0x000001195e890b88
Event: 4.058 Thread 0x0000011974fb9440 flushing  nmethod 0x000001195e8d3e88
Event: 4.058 Thread 0x0000011974fb9440 flushing  nmethod 0x000001195e92f608
Event: 4.058 Thread 0x0000011974fb9440 flushing  nmethod 0x000001195e94b508
Event: 4.058 Thread 0x0000011974fb9440 flushing  nmethod 0x000001195e94c808
Event: 4.058 Thread 0x0000011974fb9440 flushing  nmethod 0x000001195e94e288
Event: 4.058 Thread 0x0000011974fb9440 flushing  nmethod 0x000001195e968008
Event: 4.058 Thread 0x0000011974fb9440 flushing  nmethod 0x000001195e969388
Event: 4.058 Thread 0x0000011974fb9440 flushing  nmethod 0x000001195eafe708
Event: 4.058 Thread 0x0000011974fb9440 flushing  nmethod 0x000001195eb75588
Event: 4.058 Thread 0x0000011974fb9440 flushing  nmethod 0x000001195ec40c88
Event: 4.058 Thread 0x0000011974fb9440 flushing  nmethod 0x000001195ecb0588
Event: 4.058 Thread 0x0000011974fb9440 flushing  nmethod 0x000001195ed88688
Event: 4.058 Thread 0x0000011974fb9440 flushing  nmethod 0x000001195ed88988
Event: 4.058 Thread 0x0000011974fb9440 flushing  nmethod 0x000001195ed89388
Event: 4.058 Thread 0x0000011974fb9440 flushing  nmethod 0x000001195ed89888
Event: 4.058 Thread 0x0000011974fb9440 flushing  nmethod 0x000001195edf9a88

Events (20 events):
Event: 7.659 Thread 0x0000011945039020 Thread added: 0x000001194a894170
Event: 8.288 Thread 0x000001194a894170 Thread exited: 0x000001194a894170
Event: 9.607 Thread 0x0000011945039020 Thread added: 0x000001194a896380
Event: 9.856 Thread 0x000001194a896380 Thread exited: 0x000001194a896380
Event: 12.891 Thread 0x0000011945030510 Thread added: 0x000001194a894170
Event: 14.808 Thread 0x000001194a894170 Thread exited: 0x000001194a894170
Event: 14.813 Thread 0x0000011945039020 Thread added: 0x000001194a894170
Event: 15.080 Thread 0x000001194a894170 Thread exited: 0x000001194a894170
Event: 110.682 Thread 0x0000011974fce620 Thread added: 0x000001194a8ecec0
Event: 110.682 Thread 0x000001194a8ecec0 Thread added: 0x000001194a8f1d80
Event: 110.682 Thread 0x000001194a8ecec0 Thread added: 0x000001194a8f09d0
Event: 110.682 Thread 0x000001194a8ecec0 Thread added: 0x000001194a8f3130
Event: 110.683 Thread 0x000001194a8f09d0 Thread exited: 0x000001194a8f09d0
Event: 110.683 Thread 0x000001194a8f1d80 Thread exited: 0x000001194a8f1d80
Event: 110.688 Thread 0x000001194a8f3130 Thread added: 0x000001194a8f16f0
Event: 110.688 Thread 0x0000011947b39970 Thread exited: 0x0000011947b39970
Event: 110.690 Thread 0x000001194a8f16f0 Thread exited: 0x000001194a8f16f0
Event: 110.691 Thread 0x000001194a8f3130 Thread exited: 0x000001194a8f3130
Event: 110.691 Thread 0x000001194a8ecec0 Before exit entered
Event: 110.692 Thread 0x0000011974fce620 Thread exited: 0x0000011974fce620


Dynamic libraries:
0x00007ff7114e0000 - 0x00007ff7114ee000 	C:\Users\g_ste\.jdks\openjdk-23.0.1\bin\java.exe
0x00007ff8c6600000 - 0x00007ff8c6863000 	C:\WINDOWS\SYSTEM32\ntdll.dll
0x00007ff8c5740000 - 0x00007ff8c5807000 	C:\WINDOWS\System32\KERNEL32.DLL
0x00007ff8c4050000 - 0x00007ff8c4419000 	C:\WINDOWS\System32\KERNELBASE.dll
0x00007ff8c3af0000 - 0x00007ff8c3c3c000 	C:\WINDOWS\System32\ucrtbase.dll
0x00007ff8bd0f0000 - 0x00007ff8bd107000 	C:\Users\g_ste\.jdks\openjdk-23.0.1\bin\jli.dll
0x00007ff8bc230000 - 0x00007ff8bc24b000 	C:\Users\g_ste\.jdks\openjdk-23.0.1\bin\VCRUNTIME140.dll
0x00007ff8c5a90000 - 0x00007ff8c5c5a000 	C:\WINDOWS\System32\USER32.dll
0x00007ff8addc0000 - 0x00007ff8ae050000 	C:\WINDOWS\WinSxS\amd64_microsoft.windows.common-controls_6595b64144ccf1df_6.0.26100.3323_none_3e088096e3344490\COMCTL32.dll
0x00007ff8c3f90000 - 0x00007ff8c3fb7000 	C:\WINDOWS\System32\win32u.dll
0x00007ff8c4460000 - 0x00007ff8c448a000 	C:\WINDOWS\System32\GDI32.dll
0x00007ff8c4d00000 - 0x00007ff8c4da9000 	C:\WINDOWS\System32\msvcrt.dll
0x00007ff8c3db0000 - 0x00007ff8c3ee1000 	C:\WINDOWS\System32\gdi32full.dll
0x00007ff8c3d00000 - 0x00007ff8c3da3000 	C:\WINDOWS\System32\msvcp_win.dll
0x00007ff8c45a0000 - 0x00007ff8c45cf000 	C:\WINDOWS\System32\IMM32.DLL
0x00007ff8bc220000 - 0x00007ff8bc22c000 	C:\Users\g_ste\.jdks\openjdk-23.0.1\bin\vcruntime140_1.dll
0x00007ff82e4e0000 - 0x00007ff82e56e000 	C:\Users\g_ste\.jdks\openjdk-23.0.1\bin\msvcp140.dll
0x00007ffff67e0000 - 0x00007ffff752f000 	C:\Users\g_ste\.jdks\openjdk-23.0.1\bin\server\jvm.dll
0x00007ff8c6190000 - 0x00007ff8c6242000 	C:\WINDOWS\System32\ADVAPI32.dll
0x00007ff8c5010000 - 0x00007ff8c50b6000 	C:\WINDOWS\System32\sechost.dll
0x00007ff8c5810000 - 0x00007ff8c5926000 	C:\WINDOWS\System32\RPCRT4.dll
0x00007ff8c5930000 - 0x00007ff8c59a4000 	C:\WINDOWS\System32\WS2_32.dll
0x00007ff8c3690000 - 0x00007ff8c36de000 	C:\WINDOWS\SYSTEM32\POWRPROF.dll
0x00007ff8b8940000 - 0x00007ff8b8976000 	C:\WINDOWS\SYSTEM32\WINMM.dll
0x00007ff8bb610000 - 0x00007ff8bb61b000 	C:\WINDOWS\SYSTEM32\VERSION.dll
0x00007ff8c3670000 - 0x00007ff8c3684000 	C:\WINDOWS\SYSTEM32\UMPDC.dll
0x00007ff8c2620000 - 0x00007ff8c263a000 	C:\WINDOWS\SYSTEM32\kernel.appcore.dll
0x00007ff88af60000 - 0x00007ff88af6a000 	C:\Users\g_ste\.jdks\openjdk-23.0.1\bin\jimage.dll
0x00007ff8ba410000 - 0x00007ff8ba651000 	C:\WINDOWS\SYSTEM32\DBGHELP.DLL
0x00007ff8c5c60000 - 0x00007ff8c5fe2000 	C:\WINDOWS\System32\combase.dll
0x00007ff8c6250000 - 0x00007ff8c6326000 	C:\WINDOWS\System32\OLEAUT32.dll
0x00007ff874910000 - 0x00007ff874949000 	C:\WINDOWS\SYSTEM32\dbgcore.DLL
0x00007ff8c3ef0000 - 0x00007ff8c3f89000 	C:\WINDOWS\System32\bcryptPrimitives.dll
0x00007ff8895d0000 - 0x00007ff8895df000 	C:\Users\g_ste\.jdks\openjdk-23.0.1\bin\instrument.dll
0x00007ff88af40000 - 0x00007ff88af5e000 	C:\Users\g_ste\.jdks\openjdk-23.0.1\bin\java.dll
0x00007ff8c5ff0000 - 0x00007ff8c6185000 	C:\WINDOWS\System32\ole32.dll
0x00007ff8c45e0000 - 0x00007ff8c4cf5000 	C:\WINDOWS\System32\SHELL32.dll
0x00007ff8c3800000 - 0x00007ff8c3968000 	C:\WINDOWS\System32\wintypes.dll
0x00007ff8c14b0000 - 0x00007ff8c1cf5000 	C:\WINDOWS\SYSTEM32\windows.storage.dll
0x00007ff8c5550000 - 0x00007ff8c563b000 	C:\WINDOWS\System32\SHCORE.dll
0x00007ff8c4db0000 - 0x00007ff8c4e0d000 	C:\WINDOWS\System32\shlwapi.dll
0x00007ff8c3710000 - 0x00007ff8c373f000 	C:\WINDOWS\SYSTEM32\profapi.dll
0x00007ff82c0f0000 - 0x00007ff82c1c7000 	C:\Users\g_ste\.jdks\openjdk-23.0.1\bin\jsvml.dll
0x00007ff87b200000 - 0x00007ff87b217000 	C:\Users\g_ste\.jdks\openjdk-23.0.1\bin\zip.dll
0x00007ff8895c0000 - 0x00007ff8895d0000 	C:\Users\g_ste\.jdks\openjdk-23.0.1\bin\net.dll
0x00007ff8c2b40000 - 0x00007ff8c2baa000 	C:\WINDOWS\system32\mswsock.dll
0x00007ff8895a0000 - 0x00007ff8895b6000 	C:\Users\g_ste\.jdks\openjdk-23.0.1\bin\nio.dll
0x00007ff87a700000 - 0x00007ff87a71a000 	C:\Program Files\JetBrains\IntelliJ IDEA Community Edition 2024.2.1\bin\breakgen64.dll
0x00007ff8828e0000 - 0x00007ff8828e9000 	C:\Users\g_ste\.jdks\openjdk-23.0.1\bin\extnet.dll
0x00007ff8c2de0000 - 0x00007ff8c2dfc000 	C:\WINDOWS\SYSTEM32\CRYPTSP.dll
0x00007ff8c2580000 - 0x00007ff8c25ba000 	C:\WINDOWS\system32\rsaenh.dll
0x00007ff8c2be0000 - 0x00007ff8c2c0b000 	C:\WINDOWS\SYSTEM32\USERENV.dll
0x00007ff8c3020000 - 0x00007ff8c3046000 	C:\WINDOWS\SYSTEM32\bcrypt.dll
0x00007ff8c2e00000 - 0x00007ff8c2e0c000 	C:\WINDOWS\SYSTEM32\CRYPTBASE.dll
0x00007ff8c20c0000 - 0x00007ff8c20f3000 	C:\WINDOWS\SYSTEM32\IPHLPAPI.DLL
0x00007ff8c4450000 - 0x00007ff8c445a000 	C:\WINDOWS\System32\NSI.dll
0x00007ff877dc0000 - 0x00007ff877dd0000 	C:\Users\g_ste\.jdks\openjdk-23.0.1\bin\verify.dll
0x00007ff87b1c0000 - 0x00007ff87b1ca000 	C:\Users\g_ste\.jdks\openjdk-23.0.1\bin\management.dll
0x00007ff87a6f0000 - 0x00007ff87a6fb000 	C:\Users\g_ste\.jdks\openjdk-23.0.1\bin\management_ext.dll
0x00007ff8c5000000 - 0x00007ff8c5008000 	C:\WINDOWS\System32\PSAPI.DLL
0x0000011947bc0000 - 0x0000011947bc3000 	C:\Users\g_ste\.openjfx\cache\23.0.1+4\amd64\api-ms-win-core-console-l1-1-0.dll
0x0000011947bd0000 - 0x0000011947bd3000 	C:\Users\g_ste\.openjfx\cache\23.0.1+4\amd64\api-ms-win-core-console-l1-2-0.dll
0x0000011947be0000 - 0x0000011947be3000 	C:\Users\g_ste\.openjfx\cache\23.0.1+4\amd64\api-ms-win-core-datetime-l1-1-0.dll
0x0000011947bf0000 - 0x0000011947bf3000 	C:\Users\g_ste\.openjfx\cache\23.0.1+4\amd64\api-ms-win-core-debug-l1-1-0.dll
0x0000011947c00000 - 0x0000011947c03000 	C:\Users\g_ste\.openjfx\cache\23.0.1+4\amd64\api-ms-win-core-errorhandling-l1-1-0.dll
0x0000011947e50000 - 0x0000011947e54000 	C:\Users\g_ste\.openjfx\cache\23.0.1+4\amd64\api-ms-win-core-file-l1-1-0.dll
0x0000011947e60000 - 0x0000011947e63000 	C:\Users\g_ste\.openjfx\cache\23.0.1+4\amd64\api-ms-win-core-file-l1-2-0.dll
0x0000011947e70000 - 0x0000011947e73000 	C:\Users\g_ste\.openjfx\cache\23.0.1+4\amd64\api-ms-win-core-file-l2-1-0.dll
0x0000011948e50000 - 0x0000011948e53000 	C:\Users\g_ste\.openjfx\cache\23.0.1+4\amd64\api-ms-win-core-handle-l1-1-0.dll
0x0000011948e60000 - 0x0000011948e63000 	C:\Users\g_ste\.openjfx\cache\23.0.1+4\amd64\api-ms-win-core-heap-l1-1-0.dll
0x0000011948e70000 - 0x0000011948e73000 	C:\Users\g_ste\.openjfx\cache\23.0.1+4\amd64\api-ms-win-core-interlocked-l1-1-0.dll
0x0000011948e80000 - 0x0000011948e83000 	C:\Users\g_ste\.openjfx\cache\23.0.1+4\amd64\api-ms-win-core-libraryloader-l1-1-0.dll
0x0000011948e90000 - 0x0000011948e93000 	C:\Users\g_ste\.openjfx\cache\23.0.1+4\amd64\api-ms-win-core-localization-l1-2-0.dll
0x0000011948ea0000 - 0x0000011948ea3000 	C:\Users\g_ste\.openjfx\cache\23.0.1+4\amd64\api-ms-win-core-memory-l1-1-0.dll
0x0000011948eb0000 - 0x0000011948eb3000 	C:\Users\g_ste\.openjfx\cache\23.0.1+4\amd64\api-ms-win-core-namedpipe-l1-1-0.dll
0x0000011947c10000 - 0x0000011947c13000 	C:\Users\g_ste\.openjfx\cache\23.0.1+4\amd64\api-ms-win-core-processenvironment-l1-1-0.dll
0x0000011947c20000 - 0x0000011947c23000 	C:\Users\g_ste\.openjfx\cache\23.0.1+4\amd64\api-ms-win-core-processthreads-l1-1-0.dll
0x0000011947c30000 - 0x0000011947c33000 	C:\Users\g_ste\.openjfx\cache\23.0.1+4\amd64\api-ms-win-core-processthreads-l1-1-1.dll
0x0000011947c40000 - 0x0000011947c43000 	C:\Users\g_ste\.openjfx\cache\23.0.1+4\amd64\api-ms-win-core-profile-l1-1-0.dll
0x0000011947c50000 - 0x0000011947c53000 	C:\Users\g_ste\.openjfx\cache\23.0.1+4\amd64\api-ms-win-core-rtlsupport-l1-1-0.dll
0x0000011947c60000 - 0x0000011947c63000 	C:\Users\g_ste\.openjfx\cache\23.0.1+4\amd64\api-ms-win-core-string-l1-1-0.dll
0x0000011947c70000 - 0x0000011947c73000 	C:\Users\g_ste\.openjfx\cache\23.0.1+4\amd64\api-ms-win-core-synch-l1-1-0.dll
0x0000011947c80000 - 0x0000011947c83000 	C:\Users\g_ste\.openjfx\cache\23.0.1+4\amd64\api-ms-win-core-synch-l1-2-0.dll
0x0000011947c90000 - 0x0000011947c93000 	C:\Users\g_ste\.openjfx\cache\23.0.1+4\amd64\api-ms-win-core-sysinfo-l1-1-0.dll
0x0000011947ca0000 - 0x0000011947ca3000 	C:\Users\g_ste\.openjfx\cache\23.0.1+4\amd64\api-ms-win-core-timezone-l1-1-0.dll
0x0000011947cb0000 - 0x0000011947cb3000 	C:\Users\g_ste\.openjfx\cache\23.0.1+4\amd64\api-ms-win-core-util-l1-1-0.dll
0x0000011947cc0000 - 0x0000011947cc3000 	C:\Users\g_ste\.openjfx\cache\23.0.1+4\amd64\api-ms-win-crt-conio-l1-1-0.dll
0x0000011947cd0000 - 0x0000011947cd4000 	C:\Users\g_ste\.openjfx\cache\23.0.1+4\amd64\api-ms-win-crt-convert-l1-1-0.dll
0x0000011947ce0000 - 0x0000011947ce3000 	C:\Users\g_ste\.openjfx\cache\23.0.1+4\amd64\api-ms-win-crt-environment-l1-1-0.dll
0x0000011947cf0000 - 0x0000011947cf3000 	C:\Users\g_ste\.openjfx\cache\23.0.1+4\amd64\api-ms-win-crt-filesystem-l1-1-0.dll
0x0000011947d00000 - 0x0000011947d03000 	C:\Users\g_ste\.openjfx\cache\23.0.1+4\amd64\api-ms-win-crt-heap-l1-1-0.dll
0x0000011947d10000 - 0x0000011947d13000 	C:\Users\g_ste\.openjfx\cache\23.0.1+4\amd64\api-ms-win-crt-locale-l1-1-0.dll
0x0000011947d20000 - 0x0000011947d25000 	C:\Users\g_ste\.openjfx\cache\23.0.1+4\amd64\api-ms-win-crt-math-l1-1-0.dll
0x0000011947d30000 - 0x0000011947d35000 	C:\Users\g_ste\.openjfx\cache\23.0.1+4\amd64\api-ms-win-crt-multibyte-l1-1-0.dll
0x0000011947d40000 - 0x0000011947d50000 	C:\Users\g_ste\.openjfx\cache\23.0.1+4\amd64\api-ms-win-crt-private-l1-1-0.dll
0x0000011947d50000 - 0x0000011947d53000 	C:\Users\g_ste\.openjfx\cache\23.0.1+4\amd64\api-ms-win-crt-process-l1-1-0.dll
0x0000011947d60000 - 0x0000011947d64000 	C:\Users\g_ste\.openjfx\cache\23.0.1+4\amd64\api-ms-win-crt-runtime-l1-1-0.dll
0x0000011947d70000 - 0x0000011947d74000 	C:\Users\g_ste\.openjfx\cache\23.0.1+4\amd64\api-ms-win-crt-stdio-l1-1-0.dll
0x0000011947d80000 - 0x0000011947d84000 	C:\Users\g_ste\.openjfx\cache\23.0.1+4\amd64\api-ms-win-crt-string-l1-1-0.dll
0x0000011947d90000 - 0x0000011947d93000 	C:\Users\g_ste\.openjfx\cache\23.0.1+4\amd64\api-ms-win-crt-time-l1-1-0.dll
0x0000011947da0000 - 0x0000011947da3000 	C:\Users\g_ste\.openjfx\cache\23.0.1+4\amd64\api-ms-win-crt-utility-l1-1-0.dll
0x00007ff82bff0000 - 0x00007ff82c0ec000 	C:\Users\g_ste\.openjfx\cache\23.0.1+4\amd64\ucrtbase.dll
0x00007ff871090000 - 0x00007ff8710ab000 	C:\Users\g_ste\.openjfx\cache\23.0.1+4\amd64\vcruntime140.dll
0x00007ff876710000 - 0x00007ff87671c000 	C:\Users\g_ste\.openjfx\cache\23.0.1+4\amd64\vcruntime140_1.dll
0x00007ff82bf60000 - 0x00007ff82bfee000 	C:\Users\g_ste\.openjfx\cache\23.0.1+4\amd64\msvcp140.dll
0x00007ff874860000 - 0x00007ff874869000 	C:\Users\g_ste\.openjfx\cache\23.0.1+4\amd64\msvcp140_1.dll
0x00007ff864b70000 - 0x00007ff864bb1000 	C:\Users\g_ste\.openjfx\cache\23.0.1+4\amd64\msvcp140_2.dll
0x00007ff864b40000 - 0x00007ff864b70000 	C:\Users\g_ste\.openjfx\cache\23.0.1+4\amd64\prism_d3d.dll
0x00007ff872470000 - 0x00007ff87261c000 	C:\WINDOWS\system32\d3d9.dll
0x00007ff8c0e00000 - 0x00007ff8c0e35000 	C:\WINDOWS\SYSTEM32\dwmapi.dll
0x00007ff8c0d90000 - 0x00007ff8c0dd7000 	C:\WINDOWS\SYSTEM32\dxcore.dll
0x00007ff8c0aa0000 - 0x00007ff8c0b4e000 	C:\WINDOWS\system32\uxtheme.dll
0x00007ff8c0bd0000 - 0x00007ff8c0c2d000 	C:\WINDOWS\SYSTEM32\directxdatabasehelper.dll
0x00007ff834c60000 - 0x00007ff834ca5000 	C:\Users\g_ste\.openjfx\cache\23.0.1+4\amd64\glass.dll
0x00007ff8c5640000 - 0x00007ff8c5731000 	C:\WINDOWS\System32\COMDLG32.dll
0x00007ff8c63e0000 - 0x00007ff8c653b000 	C:\WINDOWS\System32\MSCTF.dll
0x00007ff8c6330000 - 0x00007ff8c63d8000 	C:\WINDOWS\System32\clbcatq.dll
0x00007ff8a58d0000 - 0x00007ff8a5a26000 	C:\Windows\System32\Windows.UI.dll
0x00007ff890030000 - 0x00007ff89017c000 	C:\Windows\System32\Windows.UI.Immersive.dll
0x00007ff8680b0000 - 0x00007ff8680c5000 	C:\Users\g_ste\.openjfx\cache\23.0.1+4\amd64\javafx_font.dll
0x00007ff8bf930000 - 0x00007ff8bfb99000 	C:\WINDOWS\SYSTEM32\dwrite.dll
0x00007ff8bee20000 - 0x00007ff8bf04e000 	C:\WINDOWS\SYSTEM32\WindowsCodecs.dll
0x00007ff8a6cc0000 - 0x00007ff8a6d1a000 	C:\WINDOWS\system32\dataexchange.dll
0x00007ff8bb620000 - 0x00007ff8bb85b000 	C:\WINDOWS\system32\twinapi.appcore.dll
0x00007ff864040000 - 0x00007ff86406c000 	C:\Program Files\Common Files\Microsoft Shared\Ink\rtscom.dll
0x00007ff8a7760000 - 0x00007ff8a78a6000 	C:\WINDOWS\SYSTEM32\textinputframework.dll
0x00007ff8c05e0000 - 0x00007ff8c0706000 	C:\WINDOWS\SYSTEM32\CoreMessaging.dll
0x00007ff8b78b0000 - 0x00007ff8b7b93000 	C:\WINDOWS\SYSTEM32\CoreUIComponents.dll

dbghelp: loaded successfully - version: 4.0.5 - missing functions: none
symbol engine: initialized successfully - sym options: 0x614 - pdb path: .;C:\Users\g_ste\.jdks\openjdk-23.0.1\bin;C:\WINDOWS\SYSTEM32;C:\WINDOWS\WinSxS\amd64_microsoft.windows.common-controls_6595b64144ccf1df_6.0.26100.3323_none_3e088096e3344490;C:\Users\g_ste\.jdks\openjdk-23.0.1\bin\server;C:\Program Files\JetBrains\IntelliJ IDEA Community Edition 2024.2.1\bin;C:\Users\g_ste\.openjfx\cache\23.0.1+4\amd64;C:\WINDOWS\System32\DriverStore\FileRepository\u0407098.inf_amd64_05392d9068e0824e\B406567;C:\Program Files\Common Files\Microsoft Shared\Ink

VM Arguments:
jvm_args: -javaagent:C:\Program Files\JetBrains\IntelliJ IDEA Community Edition 2024.2.1\lib\idea_rt.jar=55609:C:\Program Files\JetBrains\IntelliJ IDEA Community Edition 2024.2.1\bin -Dfile.encoding=UTF-8 -Dsun.stdout.encoding=UTF-8 -Dsun.stderr.encoding=UTF-8 
java_command: com.JESIKOM.HowManager.HowManagerApplication
java_class_path (initial): C:\Users\g_ste\Downloads\HowManager-main\HowManager-main\target\classes;C:\Users\g_ste\.m2\repository\org\springframework\boot\spring-boot-starter\3.4.2\spring-boot-starter-3.4.2.jar;C:\Users\g_ste\.m2\repository\org\springframework\boot\spring-boot\3.4.2\spring-boot-3.4.2.jar;C:\Users\g_ste\.m2\repository\org\springframework\spring-context\6.2.2\spring-context-6.2.2.jar;C:\Users\g_ste\.m2\repository\org\springframework\spring-expression\6.2.2\spring-expression-6.2.2.jar;C:\Users\g_ste\.m2\repository\io\micrometer\micrometer-observation\1.14.3\micrometer-observation-1.14.3.jar;C:\Users\g_ste\.m2\repository\io\micrometer\micrometer-commons\1.14.3\micrometer-commons-1.14.3.jar;C:\Users\g_ste\.m2\repository\org\springframework\boot\spring-boot-autoconfigure\3.4.2\spring-boot-autoconfigure-3.4.2.jar;C:\Users\g_ste\.m2\repository\org\springframework\boot\spring-boot-starter-logging\3.4.2\spring-boot-starter-logging-3.4.2.jar;C:\Users\g_ste\.m2\repository\ch\qos\logback\logback-classic\1.5.16\logback-classic-1.5.16.jar;C:\Users\g_ste\.m2\repository\ch\qos\logback\logback-core\1.5.16\logback-core-1.5.16.jar;C:\Users\g_ste\.m2\repository\org\apache\logging\log4j\log4j-to-slf4j\2.24.3\log4j-to-slf4j-2.24.3.jar;C:\Users\g_ste\.m2\repository\org\apache\logging\log4j\log4j-api\2.24.3\log4j-api-2.24.3.jar;C:\Users\g_ste\.m2\repository\org\slf4j\jul-to-slf4j\2.0.16\jul-to-slf4j-2.0.16.jar;C:\Users\g_ste\.m2\repository\jakarta\annotation\jakarta.annotation-api\2.1.1\jakarta.annotation-api-2.1.1.jar;C:\Users\g_ste\.m2\repository\org\springframework\spring-core\6.2.2\spring-core-6.2.2.jar;C:\Users\g_ste\.m2\repository\org\springframework\spring-jcl\6.2.2\spring-jcl-6.2.2.jar;C:\Users\g_ste\.m2\repository\org\yaml\snakeyaml\2.3\snakeyaml-2.3.jar;C:\Users\g_ste\.m2\repository\org\springframework\boot\spring-boot-starter-data-jpa\3.4.2\spring-boot-starter-data-jpa-3.4.2.jar;C:\Users\g_ste\.m2\repository\org\springframework\boot\spring-boot-starter-jdbc\3.4.2\spring-boot-starter-jdbc-3.4.2.jar;C:\Users\g_ste\.m2\repository\com\zaxxer\HikariCP\5.1.0\HikariCP-5.1.0.jar;C:\Users\g_ste\.m2\repository\org\springframework\spring-jdbc\6.2.2\spring-jdbc-6.2.2.jar;C:\Users\g_ste\.m2\repository\org\hibernate\orm\hibernate-core\6.6.5.Final\hibernate-core-6.6.5.Final.jar;C:\Users\g_ste\.m2\repository\jakarta\persistence\jakarta.persistence-api\3.1.0\jakarta.persistence-api-3.1.0.jar;C:\Users\g_ste\.m2\repository\jakarta\transaction\jakarta.transaction-api\2.0.1\jakarta.transaction-api-2.0.1.jar;C:\Users\g_ste\.m2\repository\org\jboss\logging\jboss-logging\3.6.1.Final\jboss-logging-3.6.1.Final.jar;C:\Users\g_ste\.m2\repository\org\hibernate\common\hibernate-commons-annotations\7.0.3.Final\hibernate-commons-annotations-7.0.3.Final.jar;C:\Users\g_ste\.m2\repository\io\smallrye\jandex\3.2.0\jandex-3.2.0.jar;C:\Users\g_ste\.m2\repository\com\fasterxml\classmate\1.7.0\classmate-1.7.0.jar;C:\Users\g_ste\.m2\repository\org\glassfish\jaxb\jaxb-runtime\4.0.5\jaxb-runtime-4.0.5.jar;C:\Users\g_ste\.m2\repository\org\glassfish\jaxb\jaxb-core\4.0.5\jaxb-core-4.0.5.jar;C:\Users\g_ste\.m2\repository\org\eclipse\angus\angus-activation\2.0.2\angus-activation-2.0.2.jar;C:\Users\g_ste\.m2\repository\org\glassfish\jaxb\txw2\4.0.5\txw2-4.0.5.jar;C:\Users\g_ste\.m2\repository\com\sun\istack\istack-commons-runtime\4.1.2\istack-commons-runtime-4.1.2.jar;C:\Users\g_ste\.m2\repository\jakarta\inject\jakarta.inject-api\2.0.1\jakarta.inject-api-2.0.1.jar;C:\Users\g_ste\.m2\repository\org\antlr\antlr4-runtime\4.13.0\antlr4-runtime-4.13.0.jar;C:\Users\g_ste\.m2\repository\org\springframework\data\spring-data-jpa\3.4.2\spring-data-jpa-3.4.2.jar;C:\Users\g_ste\.m2\repository\org\springframework\data\spring-data-commons\3.4.2\spring-data-commons-3.4.2.jar;C:\Users\g_ste\.m2\repository\org\springframework\spring-orm\6.2.2\spring-orm-6.2.2.jar;C:\Users\g_ste\.m2\repository\org\springframework\spring-aop\6.2.2\spring-aop-6.2.2.jar;C:\Users\g_ste\.m2\repository\org\springframework\spring-tx\6.2.2\spring-tx-6.2.2.jar;C:\Users\g_ste\.m2\repository\org\springframework\spring-beans\6.2.2\spring-beans-6.2.2.jar;C:\Users\g_ste\.m2\repository\org\slf4j\slf4j-api\2.0.16\slf4j-api-2.0.16.jar;C:\Users\g_ste\.m2\repository\org\springframework\spring-aspects\6.2.2\spring-aspects-6.2.2.jar;C:\Users\g_ste\.m2\repository\org\aspectj\aspectjweaver\1.9.22.1\aspectjweaver-1.9.22.1.jar;C:\Users\g_ste\.m2\repository\org\springframework\boot\spring-boot-starter-validation\3.4.2\spring-boot-starter-validation-3.4.2.jar;C:\Users\g_ste\.m2\repository\org\apache\tomcat\embed\tomcat-embed-el\10.1.34\tomcat-embed-el-10.1.34.jar;C:\Users\g_ste\.m2\repository\org\hibernate\validator\hibernate-validator\8.0.2.Final\hibernate-validator-8.0.2.Final.jar;C:\Users\g_ste\.m2\repository\jakarta\validation\jakarta.validation-api\3.0.2\jakarta.validation-api-3.0.2.jar;C:\Users\g_ste\.m2\repository\jakarta\xml\bind\jakarta.xml.bind-api\4.0.2\jakarta.xml.bind-api-4.0.2.jar;C:\Users\g_ste\.m2\repository\jakarta\activation\jakarta.activation-api\2.1.3\jakarta.activation-api-2.1.3.jar;C:\Users\g_ste\.m2\repository\org\openjfx\javafx-controls\23.0.1\javafx-controls-23.0.1.jar;C:\Users\g_ste\.m2\repository\org\openjfx\javafx-controls\23.0.1\javafx-controls-23.0.1-win.jar;C:\Users\g_ste\.m2\repository\org\openjfx\javafx-graphics\23.0.1\javafx-graphics-23.0.1.jar;C:\Users\g_ste\.m2\repository\org\openjfx\javafx-graphics\23.0.1\javafx-graphics-23.0.1-win.jar;C:\Users\g_ste\.m2\repository\org\openjfx\javafx-base\23.0.1\javafx-base-23.0.1.jar;C:\Users\g_ste\.m2\repository\org\openjfx\javafx-base\23.0.1\javafx-base-23.0.1-win.jar;C:\Users\g_ste\.m2\repository\org\openjfx\javafx-fxml\23.0.1\javafx-fxml-23.0.1.jar;C:\Users\g_ste\.m2\repository\org\openjfx\javafx-fxml\23.0.1\javafx-fxml-23.0.1-win.jar;C:\Users\g_ste\.m2\repository\com\h2database\h2\2.3.232\h2-2.3.232.jar;C:\Users\g_ste\.m2\repository\net\bytebuddy\byte-buddy\1.15.11\byte-buddy-1.15.11.jar
Launcher Type: SUN_STANDARD

[Global flags]
     intx CICompilerCount                          = 4                                         {product} {ergonomic}
     uint ConcGCThreads                            = 3                                         {product} {ergonomic}
     uint G1ConcRefinementThreads                  = 10                                        {product} {ergonomic}
   size_t G1HeapRegionSize                         = 2097152                                   {product} {ergonomic}
   size_t InitialHeapSize                          = 257949696                                 {product} {ergonomic}
   size_t MarkStackSize                            = 4194304                                   {product} {ergonomic}
   size_t MarkStackSizeMax                         = 536870912                                 {product} {ergonomic}
   size_t MaxHeapSize                              = 4118806528                                {product} {ergonomic}
   size_t MaxNewSize                               = 2470445056                                {product} {ergonomic}
   size_t MinHeapDeltaBytes                        = 2097152                                   {product} {ergonomic}
   size_t MinHeapSize                              = 8388608                                   {product} {ergonomic}
    uintx NonNMethodCodeHeapSize                   = 5832704                                {pd product} {ergonomic}
    uintx NonProfiledCodeHeapSize                  = 122945536                              {pd product} {ergonomic}
    uintx ProfiledCodeHeapSize                     = 122880000                              {pd product} {ergonomic}
    uintx ReservedCodeCacheSize                    = 251658240                              {pd product} {ergonomic}
     bool SegmentedCodeCache                       = true                                      {product} {ergonomic}
   size_t SoftMaxHeapSize                          = 4118806528                             {manageable} {ergonomic}
     bool UseCompressedOops                        = true                           {product lp64_product} {ergonomic}
     bool UseG1GC                                  = true                                      {product} {ergonomic}
     bool UseLargePagesIndividualAllocation        = false                                  {pd product} {ergonomic}

Logging:
Log output configuration:
 #0: stdout all=off uptime,level,tags foldmultilines=false
 #1: stderr all=off uptime,level,tags foldmultilines=false

Environment Variables:
JAVA_HOME="C:\Users\g_ste\.jdks\openjdk-23.0.1"
PATH=C:\app\g_ste\product\21c\dbhomeXE\bin;C:\windows\system32;C:\windows;C:\windows\System32\Wbem;C:\windows\System32\WindowsPowerShell\v1.0\;C:\windows\System32\OpenSSH\;C:\Program Files (x86)\NVIDIA Corporation\PhysX\Common;C:\Program Files\NVIDIA Corporation\NVIDIA NvDLISR;C:\Program Files\HP\HP One Agent;C:\Program Files\Git\cmd;C:\Program Files (x86)\Microsoft SQL Server\160\Tools\Binn\;C:\Program Files\Microsoft SQL Server\160\Tools\Binn\;C:\Program Files\Microsoft SQL Server\Client SDK\ODBC\170\Tools\Binn\;C:\Program Files\Microsoft SQL Server\160\DTS\Binn\;C:\Program Files\PuTTY\;C:\Users\g_ste\.jdks\openjdk-23.0.1\bin;C:\Program Files\Apache\Maven\bin;;%SystemRoot%\system32;%SystemRoot%;%SystemRoot%\System32\Wbem;%SYSTEMROOT%\System32\WindowsPowerShell\v1.0\;%SYSTEMROOT%\System32\OpenSSH\;C:\Users\g_ste\AppData\Local\Programs\Python\Python312\Scripts\;C:\Users\g_ste\AppData\Local\Programs\Python\Python312\;C:\Users\g_ste\AppData\Local\Programs\Python\Launcher\;C:\Users\g_ste\AppData\Local\Microsoft\WindowsApps;C:\Program Files\JetBrains\IntelliJ IDEA Community Edition 2024.2.1\bin;;LIEN VERS PYTHON;C:\Program Files\Git\bin;C:\Users\g_ste\AppData\Local\Programs\Microsoft VS Code\bin;C:\Users\g_ste\mysys64;C:\msys64\ucrt64\bin;C:\Program Files\Oracle\instantclient_sqlplus\instantclient_23_6;C:\Users\g_ste\.jdks\openjdk-23.0.1;
USERNAME=g_ste
OS=Windows_NT
PROCESSOR_IDENTIFIER=AMD64 Family 25 Model 80 Stepping 0, AuthenticAMD
TMP=C:\Users\g_ste\AppData\Local\Temp
TEMP=C:\Users\g_ste\AppData\Local\Temp




Periodic native trim disabled

---------------  S Y S T E M  ---------------

OS:
 Windows 11 , 64 bit Build 26100 (10.0.26100.3323)
OS uptime: 1 days 1:56 hours
Hyper-V role detected

CPU: total 12 (initial active 12) (12 cores per cpu, 2 threads per core) family 25 model 80 stepping 0 microcode 0xa50000d, cx8, cmov, fxsr, ht, mmx, 3dnowpref, sse, sse2, sse3, ssse3, sse4a, sse4.1, sse4.2, popcnt, lzcnt, tsc, tscinvbit, avx, avx2, aes, erms, clmul, bmi1, bmi2, adx, sha, fma, vzeroupper, clflush, clflushopt, hv, rdtscp, rdpid, fsrm, f16c, cet_ss
Processor Information for processor 0
  Max Mhz: 3301, Current Mhz: 3301, Mhz Limit: 3301
Processor Information for processor 1
  Max Mhz: 3301, Current Mhz: 2630, Mhz Limit: 3301
Processor Information for processor 2
  Max Mhz: 3301, Current Mhz: 2630, Mhz Limit: 3301
Processor Information for processor 3
  Max Mhz: 3301, Current Mhz: 2630, Mhz Limit: 3301
Processor Information for processor 4
  Max Mhz: 3301, Current Mhz: 2630, Mhz Limit: 3301
Processor Information for processor 5
  Max Mhz: 3301, Current Mhz: 3301, Mhz Limit: 3301
Processor Information for processor 6
  Max Mhz: 3301, Current Mhz: 2630, Mhz Limit: 3301
Processor Information for processor 7
  Max Mhz: 3301, Current Mhz: 2630, Mhz Limit: 3301
Processor Information for processor 8
  Max Mhz: 3301, Current Mhz: 2630, Mhz Limit: 3301
Processor Information for processor 9
  Max Mhz: 3301, Current Mhz: 2630, Mhz Limit: 3301
Processor Information for processor 10
  Max Mhz: 3301, Current Mhz: 3301, Mhz Limit: 3301
Processor Information for processor 11
  Max Mhz: 3301, Current Mhz: 2630, Mhz Limit: 3301

Memory: 4k page, system-wide physical 15711M (5998M free)
TotalPageFile size 21855M (AvailPageFile size 6590M)
current process WorkingSet (physical memory assigned to process): 308M, peak: 349M
current process commit charge ("private bytes"): 400M, peak: 448M

vm_info: OpenJDK 64-Bit Server VM (23.0.1+11-39) for windows-amd64 JRE (23.0.1+11-39), built on 2024-09-30T07:20:43Z with MS VC++ 17.6 (VS2022)

END.
