#
# A fatal error has been detected by the Java Runtime Environment:
#
#  EXCEPTION_ACCESS_VIOLATION (0xc0000005) at pc=0x00007ffbba6f8427, pid=26312, tid=17324
#
# JRE version: OpenJDK Runtime Environment (23.0.1+11) (build 23.0.1+11-39)
# Java VM: OpenJDK 64-Bit Server VM (23.0.1+11-39, mixed mode, sharing, tiered, compressed oops, compressed class ptrs, g1 gc, windows-amd64)
# Problematic frame:
# C  [glass.dll+0x28427]
#
# No core dump will be written. Minidumps are not enabled by default on client versions of Windows
#
# If you would like to submit a bug report, please visit:
#   https://bugreport.java.com/bugreport/crash.jsp
#

---------------  S U M M A R Y ------------

Command Line: -javaagent:C:\Program Files\JetBrains\IntelliJ IDEA Community Edition 2024.2.1\lib\idea_rt.jar=58377:C:\Program Files\JetBrains\IntelliJ IDEA Community Edition 2024.2.1\bin -Dfile.encoding=UTF-8 -Dsun.stdout.encoding=UTF-8 -Dsun.stderr.encoding=UTF-8 com.JESIKOM.HowManager.HowManagerApplication

Host: AMD Ryzen 5 5600H with Radeon Graphics         , 12 cores, 15G,  Windows 11 , 64 bit Build 26100 (10.0.26100.3912)
Time: Sun May 18 07:32:34 2025 Paris, Madrid (heure duild 26100 (10.0.26100.3912) elapsed time: 1500.921634 seconds (0d 0h 25m 0s)

---------------  T H R E A D  ---------------

Current thread (0x000001fcb14d1550):  VMThread "VM Thread"          [id=17324, stack(0x000000f4ff500000,0x000000f4ff600000) (1024K)]

Stack: [0x000000f4ff500000,0x000000f4ff600000],  sp=0x000000f4ff5fec80,  free space=1019k
Native frames: (J=compiled Java code, j=interpreted, Vv=VM code, C=native code)
C  [glass.dll+0x28427]  (no source info available)
C  [ucrtbase.dll+0x4bc75]  (no source info available)
C  [ucrtbase.dll+0x4b897]  (no source info available)
C  [ucrtbase.dll+0x4b84d]  (no source info available)
C  [glass.dll+0x25bbd]  (no source info available)
C  [glass.dll+0x25ce2]  (no source info available)
C  [ntdll.dll+0x88083]  (no source info available)
C  [ntdll.dll+0x9da1f]  (no source info available)
C  [ntdll.dll+0x9c794]  (no source info available)
C  [KERNEL32.DLL+0x418ab]  (no source info available)
C  [ucrtbase.dll+0xa0093]  (no source info available)
V  [jvm.dll+0x6d990c]  (no source info available)
V  [jvm.dll+0x6d9440]  (no source info available)
V  [jvm.dll+0x3da534]  (no source info available)
V  [jvm.dll+0x886720]  (no source info available)
V  [jvm.dll+0x887a47]  (no source info available)
V  [jvm.dll+0x887f78]  (no source info available)
V  [jvm.dll+0x888213]  (no source info available)
V  [jvm.dll+0x824f8b]  (no source info available)
V  [jvm.dll+0x6df065]  (no source info available)
C  [ucrtbase.dll+0x37b0]  (no source info available)
C  [KERNEL32.DLL+0x2e8d7]  (no source info available)
C  [ntdll.dll+0x9c5dc]  (no source info available)


siginfo: EXCEPTION_ACCESS_VIOLATION (0xc0000005), reading address 0x0000000000000000


Registers:
RAX=0x0000000000000000, RBX=0x000001fcb14da382, RCX=0x000001fcb14d1550, RDX=0x000000f4ff5fec80
RSP=0x000000f4ff5fec80, RBP=0x0000fea89bddd1b6, RSI=0x000001fcf883a098, RDI=0x000001fcf883a070
R8 =0x0000000000010002, R9 =0x0000fea89bddd1b6, R10=0x000001fc8f960000, R11=0x000000f4ff5fed68
R12=0x00007ffbba6d0000, R13=0x000000007ffe0385, R14=0x000000f4ff5fed88, R15=0x000001fcf883a070
RIP=0x00007ffbba6f8427, EFLAGS=0x0000000000010206


Register to memory mapping:

RAX=0x0 is null
RBX=0x000001fcb14da382 is a global jni handle
RCX=0x000001fcb14d1550 points into unknown readable memory: 0x00007ffb6fcff688 | 88 f6 cf 6f fb 7f 00 00
RDX=0x000000f4ff5fec80 points into unknown readable memory: 0x0000000000000000 | 00 00 00 00 00 00 00 00
RSP=0x000000f4ff5fec80 points into unknown readable memory: 0x0000000000000000 | 00 00 00 00 00 00 00 00
RBP=0x0000fea89bddd1b6 is an unknown value
RSI=0x000001fcf883a098 points into unknown readable memory: 0x0000fea89bddd1b6 | b6 d1 dd 9b a8 fe 00 00
RDI=0x000001fcf883a070 points into unknown readable memory: 0x1200feb765334a60 | 60 4a 33 65 b7 fe 00 12
R8 =0x0000000000010002 is an unknown value
R9 =0x0000fea89bddd1b6 is an unknown value
R10=0x000001fc8f960000 points into unknown readable memory: 0x0000000000000000 | 00 00 00 00 00 00 00 00
R11=0x000000f4ff5fed68 points into unknown readable memory: 0x00007ffbba6f5bbd | bd 5b 6f ba fb 7f 00 00
R12=0x00007ffbba6d0000 glass.dll
R13=0x000000007ffe0385 points into unknown readable memory: 00 00 00
R14=0x000000f4ff5fed88 points into unknown readable memory: 0x000000f4ff5fed70 | 70 ed 5f ff f4 00 00 00
R15=0x000001fcf883a070 points into unknown readable memory: 0x1200feb765334a60 | 60 4a 33 65 b7 fe 00 12

Top of Stack: (sp=0x000000f4ff5fec80)
0x000000f4ff5fec80:   0000000000000000 000001fc00000000
0x000000f4ff5fec90:   000001fcf99165d0 00007ffbba6d0000
0x000000f4ff5feca0:   000001fcf883a078 00007ffc0f39bc75
0x000000f4ff5fecb0:   000001fcf883a070 000001fc00000000
0x000000f4ff5fecc0:   000001fcf883a090 0000fea89bddd1b6
0x000000f4ff5fecd0:   fffffffffffffffe 000000f4ff5fed58
0x000000f4ff5fece0:   0000000000000000 00007ffbba6d0000
0x000000f4ff5fecf0:   000000f4ff5fed78 00007ffc0f39b897
0x000000f4ff5fed00:   000000f4ff5fed00 000000f4ff5fed88
0x000000f4ff5fed10:   000000f4ff5ff2b0 00007ffc0f4888c0
0x000000f4ff5fed20:   0000000000000001 00007ffc0f39b84d
0x000000f4ff5fed30:   0000000000000000 0000000000000001
0x000000f4ff5fed40:   0000000000000001 000000f4ff5fed78
0x000000f4ff5fed50:   fffffffffffffffe 000000007ffe0384
0x000000f4ff5fed60:   0000000000000000 00007ffbba6f5bbd
0x000000f4ff5fed70:   00007ffbba70d078 00007ffb00000002
0x000000f4ff5fed80:   00007ffc00000002 000000f4ff5fed70
0x000000f4ff5fed90:   0000000000000000 0000898ff1d8617a
0x000000f4ff5feda0:   0000000000000000 00007ffbba6f5ce2
0x000000f4ff5fedb0:   0000000000000001 000000007ffe0384
0x000000f4ff5fedc0:   000000007ffe0384 0000000000000001
0x000000f4ff5fedd0:   0000000000000001 0000000000000000
0x000000f4ff5fede0:   0000000000000001 00000000000000bc
0x000000f4ff5fedf0:   00007ffbba6f5d30 0000000000000001
0x000000f4ff5fee00:   0000000000000001 00007ffc11c28083
0x000000f4ff5fee10:   00007ffbba6d0000 0000000000000000
0x000000f4ff5fee20:   0000000000000001 000000007ffe0384
0x000000f4ff5fee30:   000000000000008d 0000000000000000
0x000000f4ff5fee40:   0000000000000000 0000000000000000
0x000000f4ff5fee50:   00007ffbba6d0000 fffffdcd00000000
0x000000f4ff5fee60:   00000000000000ba 0000000000000000
0x000000f4ff5fee70:   0000000000000000 000001fc8fbb6770 

Instructions: (pc=0x00007ffbba6f8427)
0x00007ffbba6f8327:   8b 4d 58 e8 49 cf ff ff 48 8b 4d 60 e8 40 cf ff
0x00007ffbba6f8337:   ff 48 8b 95 80 00 00 00 48 8b 8d 18 01 00 00 e8
0x00007ffbba6f8347:   26 c5 ff ff 33 d2 33 c9 e8 8c e1 ff ff 90 48 89
0x00007ffbba6f8357:   54 24 10 55 48 83 ec 20 48 8b ea 48 b8 00 00 00
0x00007ffbba6f8367:   00 00 00 00 00 48 83 c4 20 5d c3 cc 40 55 48 8b
0x00007ffbba6f8377:   ea 48 8b 01 33 c9 81 38 05 00 00 c0 0f 94 c1 8b
0x00007ffbba6f8387:   c1 5d c3 cc 40 55 48 83 ec 20 48 8b ea 8a 4d 40
0x00007ffbba6f8397:   48 83 c4 20 5d e9 33 d3 ff ff cc 40 55 48 83 ec
0x00007ffbba6f83a7:   20 48 8b ea 8a 4d 20 e8 21 d3 ff ff 90 48 83 c4
0x00007ffbba6f83b7:   20 5d c3 cc 40 55 48 83 ec 20 48 8b ea 48 83 c4
0x00007ffbba6f83c7:   20 5d e9 82 d1 ff ff cc 40 55 48 83 ec 30 48 8b
0x00007ffbba6f83d7:   ea 48 8b 01 8b 10 48 89 4c 24 28 89 54 24 20 4c
0x00007ffbba6f83e7:   8d 0d 23 d6 ff ff 4c 8b 45 70 8b 55 68 48 8b 4d
0x00007ffbba6f83f7:   60 e8 c3 d0 ff ff 90 48 83 c4 30 5d c3 cc cc cc
0x00007ffbba6f8407:   cc cc cc cc cc cc cc cc cc 40 53 48 83 ec 20 48
0x00007ffbba6f8417:   8b 1d 1b 46 01 00 48 85 db 74 16 e8 59 90 ff ff
0x00007ffbba6f8427:   4c 8b 00 48 8b d3 48 8b c8 41 ff 90 b0 00 00 00
0x00007ffbba6f8437:   90 48 83 c4 20 5b c3 cc cc 40 53 48 83 ec 20 48
0x00007ffbba6f8447:   8b 1d 5b 47 01 00 48 85 db 74 57 b8 ff ff ff ff
0x00007ffbba6f8457:   f0 0f c1 43 10 83 f8 01 75 3d 48 85 db 74 38 48
0x00007ffbba6f8467:   8b 0b 48 85 c9 74 0d ff 15 3c 0e 00 00 48 c7 03
0x00007ffbba6f8477:   00 00 00 00 48 8b 4b 08 48 85 c9 74 0d e8 ef cd
0x00007ffbba6f8487:   ff ff 48 c7 43 08 00 00 00 00 ba 18 00 00 00 48
0x00007ffbba6f8497:   8b cb e8 da cd ff ff 48 c7 05 ff 46 01 00 00 00
0x00007ffbba6f84a7:   00 00 48 83 c4 20 5b c3 cc 40 53 48 83 ec 20 48
0x00007ffbba6f84b7:   8b 1d cb 46 01 00 48 85 db 74 57 b8 ff ff ff ff
0x00007ffbba6f84c7:   f0 0f c1 43 10 83 f8 01 75 3d 48 85 db 74 38 48
0x00007ffbba6f84d7:   8b 0b 48 85 c9 74 0d ff 15 cc 0d 00 00 48 c7 03
0x00007ffbba6f84e7:   00 00 00 00 48 8b 4b 08 48 85 c9 74 0d e8 7f cd
0x00007ffbba6f84f7:   ff ff 48 c7 43 08 00 00 00 00 ba 18 00 00 00 48
0x00007ffbba6f8507:   8b cb e8 6a cd ff ff 48 c7 05 6f 46 01 00 00 00
0x00007ffbba6f8517:   00 00 48 83 c4 20 5b c3 cc 40 53 48 83 ec 20 48 


Stack slot to memory mapping:

stack at sp + 0 slots: 0x0 is null
stack at sp + 1 slots: 0x000001fc00000000 is an unknown value
stack at sp + 2 slots: 0x000001fcf99165d0 points into unknown readable memory: 0x000001fcf9916000 | 00 60 91 f9 fc 01 00 00
stack at sp + 3 slots: 0x00007ffbba6d0000 glass.dll
stack at sp + 4 slots: 0x000001fcf883a078 points into unknown readable memory: 0x0000fea89bddd1b6 | b6 d1 dd 9b a8 fe 00 00
stack at sp + 5 slots: 0x00007ffc0f39bc75 ucrtbase.dll
stack at sp + 6 slots: 0x000001fcf883a070 points into unknown readable memory: 0x1200feb765334a60 | 60 4a 33 65 b7 fe 00 12
stack at sp + 7 slots: 0x000001fc00000000 is an unknown value

VM_Operation (0x000000f4823fedb0): Exit, mode: safepoint, requested by thread 0x000001fcf9f63a90


---------------  P R O C E S S  ---------------

Threads class SMR info:
_java_thread_list=0x000001fcfcffb3a0, length=19, elements={
0x000001fc91d75fd0, 0x000001fcb14e7610, 0x000001fcb14eec00, 0x000001fcb14f2b90,
0x000001fcb14fcfb0, 0x000001fcb14fe560, 0x000001fcb14ff420, 0x000001fcb150b510,
0x000001fcb15e59b0, 0x000001fcf71ed370, 0x000001fcf71ed9e0, 0x000001fcfbc36790,
0x000001fcfbc381d0, 0x000001fcfcbe9040, 0x000001fcfcbebe30, 0x000001fcfcbe96d0,
0x000001fcfcbeb7a0, 0x000001fcf9f63a90, 0x000001fcfccefad0
}

Java Threads: ( => current thread )
  0x000001fc91d75fd0 JavaThread "main"                              [_thread_blocked, id=12936, stack(0x000000f4fee00000,0x000000f4fef00000) (1024K)]
  0x000001fcb14e7610 JavaThread "Reference Handler"          daemon [_thread_blocked, id=7112, stack(0x000000f4ff600000,0x000000f4ff700000) (1024K)]
  0x000001fcb14eec00 JavaThread "Finalizer"                  daemon [_thread_blocked, id=992, stack(0x000000f4ff700000,0x000000f4ff800000) (1024K)]
  0x000001fcb14f2b90 JavaThread "Attach Listener"            daemon [_thread_blocked, id=18396, stack(0x000000f4ff900000,0x000000f4ffa00000) (1024K)]
  0x000001fcb14fcfb0 JavaThread "Service Thread"             daemon [_thread_blocked, id=16876, stack(0x000000f4ffa00000,0x000000f4ffb00000) (1024K)]
  0x000001fcb14fe560 JavaThread "Monitor Deflation Thread"   daemon [_thread_blocked, id=15420, stack(0x000000f4ffb00000,0x000000f4ffc00000) (1024K)]
  0x000001fcb14ff420 JavaThread "C2 CompilerThread0"         daemon [_thread_blocked, id=16504, stack(0x000000f4ffc00000,0x000000f4ffd00000) (1024K)]
  0x000001fcb150b510 JavaThread "C1 CompilerThread0"         daemon [_thread_blocked, id=22684, stack(0x000000f4ffd00000,0x000000f4ffe00000) (1024K)]
  0x000001fcb15e59b0 JavaThread "Common-Cleaner"             daemon [_thread_blocked, id=23600, stack(0x000000f4ffe00000,0x000000f4fff00000) (1024K)]
  0x000001fcf71ed370 JavaThread "Monitor Ctrl-Break"         daemon [_thread_in_native, id=24316, stack(0x000000f480000000,0x000000f480100000) (1024K)]
  0x000001fcf71ed9e0 JavaThread "Notification Thread"        daemon [_thread_blocked, id=4232, stack(0x000000f480100000,0x000000f480200000) (1024K)]
  0x000001fcfbc36790 JavaThread "JavaFX-Launcher"                   [_thread_blocked, id=22240, stack(0x000000f482000000,0x000000f482100000) (1024K)]
  0x000001fcfbc381d0 JavaThread "InvokeLaterDispatcher"      daemon [_thread_blocked, id=26128, stack(0x000000f482400000,0x000000f482500000) (1024K)]
  0x000001fcfcbe9040 JavaThread "JavaFX Application Thread"         [_thread_in_native, id=5164, stack(0x000000f482500000,0x000000f482600000) (1024K)]
  0x000001fcfcbebe30 JavaThread "Thread-3"                   daemon [_thread_in_native, id=24952, stack(0x000000f481300000,0x000000f481400000) (1024K)]
  0x000001fcfcbe96d0 JavaThread "Prism Font Disposer"        daemon [_thread_blocked, id=23432, stack(0x000000f483000000,0x000000f483100000) (1024K)]
  0x000001fcfcbeb7a0 JavaThread "Cleaner-0"                  daemon [_thread_blocked, id=18444, stack(0x000000f483100000,0x000000f483200000) (1024K)]
  0x000001fcf9f63a90 JavaThread "SIGINT handler"             daemon [_thread_blocked, id=18788, stack(0x000000f482300000,0x000000f482400000) (1024K)]
  0x000001fcfccefad0 JavaThread "C2 CompilerThread1"         daemon [_thread_blocked, id=880, stack(0x000000f481200000,0x000000f481300000) (1024K)]
Total: 19

Other Threads:
=>0x000001fcb14d1550 VMThread "VM Thread"                           [id=17324, stack(0x000000f4ff500000,0x000000f4ff600000) (1024K)]
  0x000001fc91ddb5f0 WorkerThread "GC Thread#0"                     [id=17040, stack(0x000000f4fef00000,0x000000f4ff000000) (1024K)]
  0x000001fcf78e90d0 WorkerThread "GC Thread#1"                     [id=18744, stack(0x000000f480200000,0x000000f480300000) (1024K)]
  0x000001fcf78c37d0 WorkerThread "GC Thread#2"                     [id=22624, stack(0x000000f480300000,0x000000f480400000) (1024K)]
  0x000001fcf78c3b80 WorkerThread "GC Thread#3"                     [id=13600, stack(0x000000f480400000,0x000000f480500000) (1024K)]
  0x000001fcf78c3f30 WorkerThread "GC Thread#4"                     [id=16716, stack(0x000000f480500000,0x000000f480600000) (1024K)]
  0x000001fcf79cb8a0 WorkerThread "GC Thread#5"                     [id=1784, stack(0x000000f480600000,0x000000f480700000) (1024K)]
  0x000001fcf7947950 WorkerThread "GC Thread#6"                     [id=16676, stack(0x000000f480700000,0x000000f480800000) (1024K)]
  0x000001fcf7a38de0 WorkerThread "GC Thread#7"                     [id=8424, stack(0x000000f480900000,0x000000f480a00000) (1024K)]
  0x000001fcf7a39190 WorkerThread "GC Thread#8"                     [id=17508, stack(0x000000f480a00000,0x000000f480b00000) (1024K)]
  0x000001fcf91e9350 WorkerThread "GC Thread#9"                     [id=10696, stack(0x000000f480c00000,0x000000f480d00000) (1024K)]
  0x000001fc91df1850 ConcurrentGCThread "G1 Main Marker"            terminated
  0x000001fc91df2b00 WorkerThread "G1 Conc#0"                       [id=15372, stack(0x000000f4ff100000,0x000000f4ff200000) (1024K)]
  0x000001fcf91e9ab0 WorkerThread "G1 Conc#1"                       [id=15056, stack(0x000000f480d00000,0x000000f480e00000) (1024K)]
  0x000001fcf91e7d30 WorkerThread "G1 Conc#2"                       [id=2408, stack(0x000000f480e00000,0x000000f480f00000) (1024K)]
  0x000001fcb1389c70 ConcurrentGCThread "G1 Refine#0"               terminated
  0x000001fcb138a4a0 ConcurrentGCThread "G1 Service"                terminated
Total: 17

Threads with active compile tasks:
C2 CompilerThread0  1501387 11616       4       java.util.HashSet::remove (20 bytes)
Total: 1

VM state: at safepoint (shutting down)

VM Mutex/Monitor currently owned by a thread:  ([mutex/lock_event])
[0x00007ffb6fed3910] Threads_lock - owner thread: 0x000001fcb14d1550
[0x00007ffb6fed3a10] Heap_lock - owner thread: 0x000001fcf9f63a90

Heap address: 0x000000070a800000, size: 3928 MB, Compressed Oops mode: Zero based, Oop shift amount: 3

CDS archive(s) mapped at: [0x000001fcb2000000-0x000001fcb2d70000-0x000001fcb2d70000), size 14090240, SharedBaseAddress: 0x000001fcb2000000, ArchiveRelocationMode: 1.
Compressed class space mapped at: 0x000001fcb3000000-0x000001fcf3000000, reserved size: 1073741824
Narrow klass base: 0x000001fcb2000000, Narrow klass shift: 0, Narrow klass range: 0x41000000

GC Precious Log:
 CardTable entry size: 512
 Card Set container configuration: InlinePtr #cards 4 size 8 Array Of Cards #cards 16 size 48 Howl #buckets 8 coarsen threshold 3686 Howl Bitmap #cards 512 size 80 coarsen threshold 460 Card regions per heap region 1 cards per card region 4096
 CPUs: 12 total, 12 available
 Memory: 15711M
 Large Page Support: Disabled
 NUMA Support: Disabled
 Compressed Oops: Enabled (Zero based)
 Heap Region Size: 2M
 Heap Min Capacity: 8M
 Heap Initial Capacity: 246M
 Heap Max Capacity: 3928M
 Pre-touch: Disabled
 Parallel Workers: 10
 Concurrent Workers: 3
 Concurrent Refinement Workers: 10
 Periodic GC: Disabled

Heap:
 garbage-first heap   total reserved 4022272K, committed 137216K, used 94462K [0x000000070a800000, 0x0000000800000000)
  region size 2048K, 7 young (14336K), 2 survivors (4096K)
 Metaspace       used 91349K, committed 92224K, reserved 1179648K
  class space    used 13294K, committed 13696K, reserved 1048576K

Heap Regions: E=young(eden), S=young(survivor), O=old, HS=humongous(starts), HC=humongous(continues), CS=collection set, F=free, TAMS=top-at-mark-start, PB=parsable bottom
|   0|0x000000070a800000, 0x000000070aa00000, 0x000000070aa00000|100%| O|  |TAMS 0x000000070a800000| PB 0x000000070a800000| Untracked |  0
|   1|0x000000070aa00000, 0x000000070ac00000, 0x000000070ac00000|100%| O|  |TAMS 0x000000070aa00000| PB 0x000000070aa00000| Untracked |  0
|   2|0x000000070ac00000, 0x000000070ae00000, 0x000000070ae00000|100%| O|  |TAMS 0x000000070ac00000| PB 0x000000070ac00000| Untracked |  0
|   3|0x000000070ae00000, 0x000000070aff6ae0, 0x000000070b000000| 98%| O|  |TAMS 0x000000070ae00000| PB 0x000000070ae00000| Untracked |  0
|   4|0x000000070b000000, 0x000000070b200000, 0x000000070b200000|100%| O|  |TAMS 0x000000070b000000| PB 0x000000070b000000| Untracked |  0
|   5|0x000000070b200000, 0x000000070b400000, 0x000000070b400000|100%| O|  |TAMS 0x000000070b200000| PB 0x000000070b200000| Untracked |  0
|   6|0x000000070b400000, 0x000000070b600000, 0x000000070b600000|100%| O|  |TAMS 0x000000070b400000| PB 0x000000070b400000| Untracked |  0
|   7|0x000000070b600000, 0x000000070b800000, 0x000000070b800000|100%| O|  |TAMS 0x000000070b600000| PB 0x000000070b600000| Untracked |  0
|   8|0x000000070b800000, 0x000000070ba00000, 0x000000070ba00000|100%| O|  |TAMS 0x000000070b800000| PB 0x000000070b800000| Untracked |  0
|   9|0x000000070ba00000, 0x000000070bc00000, 0x000000070bc00000|100%| O|  |TAMS 0x000000070ba00000| PB 0x000000070ba00000| Untracked |  0
|  10|0x000000070bc00000, 0x000000070be00000, 0x000000070be00000|100%| O|  |TAMS 0x000000070bc00000| PB 0x000000070bc00000| Untracked |  0
|  11|0x000000070be00000, 0x000000070c000000, 0x000000070c000000|100%| O|  |TAMS 0x000000070be00000| PB 0x000000070be00000| Untracked |  0
|  12|0x000000070c000000, 0x000000070c200000, 0x000000070c200000|100%| O|  |TAMS 0x000000070c000000| PB 0x000000070c000000| Untracked |  0
|  13|0x000000070c200000, 0x000000070c400000, 0x000000070c400000|100%| O|  |TAMS 0x000000070c200000| PB 0x000000070c200000| Untracked |  0
|  14|0x000000070c400000, 0x000000070c600000, 0x000000070c600000|100%| O|  |TAMS 0x000000070c400000| PB 0x000000070c400000| Untracked |  0
|  15|0x000000070c600000, 0x000000070c800000, 0x000000070c800000|100%|HS|  |TAMS 0x000000070c600000| PB 0x000000070c600000| Complete |  0
|  16|0x000000070c800000, 0x000000070ca00000, 0x000000070ca00000|100%|HC|  |TAMS 0x000000070c800000| PB 0x000000070c800000| Complete |  0
|  17|0x000000070ca00000, 0x000000070cc00000, 0x000000070cc00000|100%|HS|  |TAMS 0x000000070ca00000| PB 0x000000070ca00000| Complete |  0
|  18|0x000000070cc00000, 0x000000070ce00000, 0x000000070ce00000|100%|HC|  |TAMS 0x000000070cc00000| PB 0x000000070cc00000| Complete |  0
|  19|0x000000070ce00000, 0x000000070d000000, 0x000000070d000000|100%| O|Cm|TAMS 0x000000070ce00000| PB 0x000000070ce00000| Complete |  0
|  20|0x000000070d000000, 0x000000070d200000, 0x000000070d200000|100%| O|  |TAMS 0x000000070d000000| PB 0x000000070d000000| Untracked |  0
|  21|0x000000070d200000, 0x000000070d400000, 0x000000070d400000|100%|HS|  |TAMS 0x000000070d200000| PB 0x000000070d200000| Complete |  0
|  22|0x000000070d400000, 0x000000070d600000, 0x000000070d600000|100%|HC|  |TAMS 0x000000070d400000| PB 0x000000070d400000| Complete |  0
|  23|0x000000070d600000, 0x000000070d800000, 0x000000070d800000|100%|HS|  |TAMS 0x000000070d600000| PB 0x000000070d600000| Complete |  0
|  24|0x000000070d800000, 0x000000070da00000, 0x000000070da00000|100%| O|  |TAMS 0x000000070d800000| PB 0x000000070d800000| Untracked |  0
|  25|0x000000070da00000, 0x000000070dc00000, 0x000000070dc00000|100%| O|  |TAMS 0x000000070da00000| PB 0x000000070da00000| Untracked |  0
|  26|0x000000070dc00000, 0x000000070dc48ee0, 0x000000070de00000| 14%| O|  |TAMS 0x000000070dc00000| PB 0x000000070dc00000| Untracked |  0
|  27|0x000000070de00000, 0x000000070e000000, 0x000000070e000000|100%| O|  |TAMS 0x000000070de00000| PB 0x000000070de00000| Untracked |  0
|  28|0x000000070e000000, 0x000000070e200000, 0x000000070e200000|100%| O|  |TAMS 0x000000070e000000| PB 0x000000070e000000| Untracked |  0
|  29|0x000000070e200000, 0x000000070e400000, 0x000000070e400000|100%| O|  |TAMS 0x000000070e200000| PB 0x000000070e200000| Untracked |  0
|  30|0x000000070e400000, 0x000000070e600000, 0x000000070e600000|100%|HS|  |TAMS 0x000000070e400000| PB 0x000000070e400000| Complete |  0
|  31|0x000000070e600000, 0x000000070e800000, 0x000000070e800000|100%|HC|  |TAMS 0x000000070e600000| PB 0x000000070e600000| Complete |  0
|  32|0x000000070e800000, 0x000000070ea00000, 0x000000070ea00000|100%|HC|  |TAMS 0x000000070e800000| PB 0x000000070e800000| Complete |  0
|  33|0x000000070ea00000, 0x000000070ec00000, 0x000000070ec00000|100%|HS|  |TAMS 0x000000070ea00000| PB 0x000000070ea00000| Complete |  0
|  34|0x000000070ec00000, 0x000000070ee00000, 0x000000070ee00000|100%|HC|  |TAMS 0x000000070ec00000| PB 0x000000070ec00000| Complete |  0
|  35|0x000000070ee00000, 0x000000070f000000, 0x000000070f000000|100%|HC|  |TAMS 0x000000070ee00000| PB 0x000000070ee00000| Complete |  0
|  36|0x000000070f000000, 0x000000070f000000, 0x000000070f200000|  0%| F|  |TAMS 0x000000070f000000| PB 0x000000070f000000| Untracked |  0
|  37|0x000000070f200000, 0x000000070f400000, 0x000000070f400000|100%| S|CS|TAMS 0x000000070f200000| PB 0x000000070f200000| Complete |  0
|  38|0x000000070f400000, 0x000000070f600000, 0x000000070f600000|100%| S|CS|TAMS 0x000000070f400000| PB 0x000000070f400000| Complete |  0
|  39|0x000000070f600000, 0x000000070f600000, 0x000000070f800000|  0%| F|  |TAMS 0x000000070f600000| PB 0x000000070f600000| Untracked |  0
|  40|0x000000070f800000, 0x000000070f800000, 0x000000070fa00000|  0%| F|  |TAMS 0x000000070f800000| PB 0x000000070f800000| Untracked |  0
|  41|0x000000070fa00000, 0x000000070fa00000, 0x000000070fc00000|  0%| F|  |TAMS 0x000000070fa00000| PB 0x000000070fa00000| Untracked |  0
|  42|0x000000070fc00000, 0x000000070fc00000, 0x000000070fe00000|  0%| F|  |TAMS 0x000000070fc00000| PB 0x000000070fc00000| Untracked |  0
|  43|0x000000070fe00000, 0x000000070fe00000, 0x0000000710000000|  0%| F|  |TAMS 0x000000070fe00000| PB 0x000000070fe00000| Untracked |  0
|  44|0x0000000710000000, 0x0000000710000000, 0x0000000710200000|  0%| F|  |TAMS 0x0000000710000000| PB 0x0000000710000000| Untracked |  0
|  45|0x0000000710200000, 0x0000000710200000, 0x0000000710400000|  0%| F|  |TAMS 0x0000000710200000| PB 0x0000000710200000| Untracked |  0
|  46|0x0000000710400000, 0x0000000710400000, 0x0000000710600000|  0%| F|  |TAMS 0x0000000710400000| PB 0x0000000710400000| Untracked |  0
|  47|0x0000000710600000, 0x0000000710600000, 0x0000000710800000|  0%| F|  |TAMS 0x0000000710600000| PB 0x0000000710600000| Untracked |  0
|  48|0x0000000710800000, 0x0000000710800000, 0x0000000710a00000|  0%| F|  |TAMS 0x0000000710800000| PB 0x0000000710800000| Untracked |  0
|  49|0x0000000710a00000, 0x0000000710a00000, 0x0000000710c00000|  0%| F|  |TAMS 0x0000000710a00000| PB 0x0000000710a00000| Untracked |  0
|  50|0x0000000710c00000, 0x0000000710c00000, 0x0000000710e00000|  0%| F|  |TAMS 0x0000000710c00000| PB 0x0000000710c00000| Untracked |  0
|  51|0x0000000710e00000, 0x0000000710e00000, 0x0000000711000000|  0%| F|  |TAMS 0x0000000710e00000| PB 0x0000000710e00000| Untracked |  0
|  52|0x0000000711000000, 0x0000000711000000, 0x0000000711200000|  0%| F|  |TAMS 0x0000000711000000| PB 0x0000000711000000| Untracked |  0
|  53|0x0000000711200000, 0x0000000711200000, 0x0000000711400000|  0%| F|  |TAMS 0x0000000711200000| PB 0x0000000711200000| Untracked |  0
|  54|0x0000000711400000, 0x0000000711400000, 0x0000000711600000|  0%| F|  |TAMS 0x0000000711400000| PB 0x0000000711400000| Untracked |  0
|  55|0x0000000711600000, 0x0000000711600000, 0x0000000711800000|  0%| F|  |TAMS 0x0000000711600000| PB 0x0000000711600000| Untracked |  0
|  56|0x0000000711800000, 0x0000000711800000, 0x0000000711a00000|  0%| F|  |TAMS 0x0000000711800000| PB 0x0000000711800000| Untracked |  0
|  57|0x0000000711a00000, 0x0000000711a8d290, 0x0000000711c00000| 27%| E|  |TAMS 0x0000000711a00000| PB 0x0000000711a00000| Complete |  0
|  58|0x0000000711c00000, 0x0000000711e00000, 0x0000000711e00000|100%| E|CS|TAMS 0x0000000711c00000| PB 0x0000000711c00000| Complete |  0
|  59|0x0000000711e00000, 0x0000000712000000, 0x0000000712000000|100%| E|CS|TAMS 0x0000000711e00000| PB 0x0000000711e00000| Complete |  0
|  60|0x0000000712000000, 0x0000000712200000, 0x0000000712200000|100%| E|CS|TAMS 0x0000000712000000| PB 0x0000000712000000| Complete |  0
| 122|0x0000000719c00000, 0x0000000719e00000, 0x0000000719e00000|100%| E|CS|TAMS 0x0000000719c00000| PB 0x0000000719c00000| Complete |  0
|1959|0x00000007ff600000, 0x00000007ff800000, 0x00000007ff800000|100%| O|  |TAMS 0x00000007ff600000| PB 0x00000007ff600000| Untracked |  0
|1960|0x00000007ff800000, 0x00000007ffa00000, 0x00000007ffa00000|100%| O|  |TAMS 0x00000007ff800000| PB 0x00000007ff800000| Untracked |  0
|1961|0x00000007ffa00000, 0x00000007ffc00000, 0x00000007ffc00000|100%| O|  |TAMS 0x00000007ffa00000| PB 0x00000007ffa00000| Untracked |  0
|1962|0x00000007ffc00000, 0x00000007ffe00000, 0x00000007ffe00000|100%| O|Cm|TAMS 0x00000007ffc00000| PB 0x00000007ffc00000| Complete |  0
|1963|0x00000007ffe00000, 0x0000000800000000, 0x0000000800000000|100%| O|  |TAMS 0x00000007ffe00000| PB 0x00000007ffe00000| Untracked |  0

Card table byte_map: [0x000001fcaa2b0000,0x000001fcaaa60000] _byte_map_base: 0x000001fca6a5c000

Marking Bits: (CMBitMap*) 0x000001fc91ddbd00
 Bits: [0x000001fcaaa60000, 0x000001fcae7c0000)

Polling page: 0x000001fc8fba0000

Metaspace:

Usage:
  Non-class:     76.23 MB used.
      Class:     12.98 MB used.
       Both:     89.21 MB used.

Virtual space:
  Non-class space:      128.00 MB reserved,      76.69 MB ( 60%) committed,  2 nodes.
      Class space:        1.00 GB reserved,      13.38 MB (  1%) committed,  1 nodes.
             Both:        1.12 GB reserved,      90.06 MB (  8%) committed. 

Chunk freelists:
   Non-Class:  2.54 MB
       Class:  2.50 MB
        Both:  5.03 MB

MaxMetaspaceSize: unlimited
CompressedClassSpaceSize: 1.00 GB
Initial GC threshold: 21.00 MB
Current GC threshold: 149.19 MB
CDS: on
 - commit_granule_bytes: 65536.
 - commit_granule_words: 8192.
 - virtual_space_node_default_size: 8388608.
 - enlarge_chunks_in_place: 1.
 - use_allocation_guard: 0.


Internal statistics:

num_allocs_failed_limit: 11.
num_arena_births: 1092.
num_arena_deaths: 0.
num_vsnodes_births: 3.
num_vsnodes_deaths: 0.
num_space_committed: 1441.
num_space_uncommitted: 0.
num_chunks_returned_to_freelist: 11.
num_chunks_taken_from_freelist: 4414.
num_chunk_merges: 11.
num_chunk_splits: 3233.
num_chunks_enlarged: 2593.
num_inconsistent_stats: 0.

CodeHeap 'non-profiled nmethods': size=120064Kb used=5020Kb max_used=5153Kb free=115044Kb
 bounds [0x000001fca1f60000, 0x000001fca2470000, 0x000001fca94a0000]
CodeHeap 'profiled nmethods': size=120000Kb used=16226Kb max_used=16226Kb free=103773Kb
 bounds [0x000001fc9a4a0000, 0x000001fc9b480000, 0x000001fca19d0000]
CodeHeap 'non-nmethods': size=5696Kb used=2134Kb max_used=2189Kb free=3562Kb
 bounds [0x000001fca19d0000, 0x000001fca1c40000, 0x000001fca1f60000]
CodeCache: size=245760Kb, used=23380Kb, max_used=23568Kb, free=222379Kb
 total_blobs=11488, nmethods=10379, adapters=1013, full_count=0
Compilation: enabled, stopped_count=0, restarted_count=0

Compilation events (20 events):
Event: 1500.373 Thread 0x000001fcb150b510 nmethod 11633 0x000001fc9b474488 code [0x000001fc9b474600, 0x000001fc9b474b30]
Event: 1500.373 Thread 0x000001fcb150b510 11634       3       org.h2.mvstore.RootReference::<init> (136 bytes)
Event: 1500.374 Thread 0x000001fcb150b510 nmethod 11634 0x000001fc9b474b88 code [0x000001fc9b474cc0, 0x000001fc9b4750e8]
Event: 1500.374 Thread 0x000001fcb150b510 11635   !   3       org.h2.mvstore.MVMap::tryLock (257 bytes)
Event: 1500.374 Thread 0x000001fcb150b510 nmethod 11635 0x000001fc9b475188 code [0x000001fc9b475360, 0x000001fc9b475d60]
Event: 1500.378 Thread 0x000001fcb14ff420 nmethod 11611 0x000001fca220e008 code [0x000001fca220e140, 0x000001fca220e680]
Event: 1500.378 Thread 0x000001fcb14ff420 11616       4       java.util.HashSet::remove (20 bytes)
Event: 1500.382 Thread 0x000001fcfccefad0 nmethod 11615 0x000001fca220d908 code [0x000001fca220da40, 0x000001fca220df80]
Event: 1500.382 Thread 0x000001fcb150b510 11636       3       org.apache.juli.logging.DirectJDKLog::isDebugEnabled (11 bytes)
Event: 1500.383 Thread 0x000001fcb150b510 nmethod 11636 0x000001fc9b475d88 code [0x000001fc9b475ea0, 0x000001fc9b476130]
Event: 1500.383 Thread 0x000001fcb150b510 11637  s    3       org.apache.catalina.util.LifecycleBase::setStateInternal (144 bytes)
Event: 1500.384 Thread 0x000001fcb150b510 nmethod 11637 0x000001fc9b476188 code [0x000001fc9b4763a0, 0x000001fc9b4772f8]
Event: 1500.384 Thread 0x000001fcb150b510 11638       3       ch.qos.logback.classic.Logger::recursiveReset (58 bytes)
Event: 1500.385 Thread 0x000001fcb150b510 nmethod 11638 0x000001fc9b477408 code [0x000001fc9b4775c0, 0x000001fc9b477e18]
Event: 1500.385 Thread 0x000001fcb150b510 11639       3       ch.qos.logback.classic.Logger::detachAndStopAllAppenders (15 bytes)
Event: 1500.385 Thread 0x000001fcb150b510 nmethod 11639 0x000001fc9b477e88 code [0x000001fc9b477fc0, 0x000001fc9b478150]
Event: 1500.385 Thread 0x000001fcb150b510 11640       3       ch.qos.logback.classic.Logger::localLevelReset (30 bytes)
Event: 1500.385 Thread 0x000001fcb150b510 nmethod 11640 0x000001fc9b478188 code [0x000001fc9b4782c0, 0x000001fc9b478590]
Event: 1500.385 Thread 0x000001fcb150b510 11641       3       ch.qos.logback.classic.Logger::isRootLogger (13 bytes)
Event: 1500.385 Thread 0x000001fcb150b510 nmethod 11641 0x000001fc9b478608 code [0x000001fc9b478720, 0x000001fc9b478880]

GC Heap History (20 events):
Event: 4.193 GC heap before
{Heap before GC invocations=10 (full 0):
 garbage-first heap   total reserved 4022272K, committed 49152K, used 39435K [0x000000070a800000, 0x0000000800000000)
  region size 2048K, 10 young (20480K), 1 survivors (2048K)
 Metaspace       used 39947K, committed 40448K, reserved 1114112K
  class space    used 5488K, committed 5696K, reserved 1048576K
}
Event: 4.195 GC heap after
{Heap after GC invocations=11 (full 0):
 garbage-first heap   total reserved 4022272K, committed 49152K, used 21795K [0x000000070a800000, 0x0000000800000000)
  region size 2048K, 2 young (4096K), 2 survivors (4096K)
 Metaspace       used 39947K, committed 40448K, reserved 1114112K
  class space    used 5488K, committed 5696K, reserved 1048576K
}
Event: 4.452 GC heap before
{Heap before GC invocations=11 (full 0):
 garbage-first heap   total reserved 4022272K, committed 49152K, used 38179K [0x000000070a800000, 0x0000000800000000)
  region size 2048K, 10 young (20480K), 2 survivors (4096K)
 Metaspace       used 45540K, committed 46080K, reserved 1114112K
  class space    used 6158K, committed 6400K, reserved 1048576K
}
Event: 4.456 GC heap after
{Heap after GC invocations=12 (full 0):
 garbage-first heap   total reserved 4022272K, committed 49152K, used 22869K [0x000000070a800000, 0x0000000800000000)
  region size 2048K, 2 young (4096K), 2 survivors (4096K)
 Metaspace       used 45540K, committed 46080K, reserved 1114112K
  class space    used 6158K, committed 6400K, reserved 1048576K
}
Event: 4.747 GC heap before
{Heap before GC invocations=12 (full 0):
 garbage-first heap   total reserved 4022272K, committed 49152K, used 39253K [0x000000070a800000, 0x0000000800000000)
  region size 2048K, 10 young (20480K), 2 survivors (4096K)
 Metaspace       used 49221K, committed 49728K, reserved 1114112K
  class space    used 6651K, committed 6848K, reserved 1048576K
}
Event: 4.749 GC heap after
{Heap after GC invocations=13 (full 0):
 garbage-first heap   total reserved 4022272K, committed 151552K, used 24179K [0x000000070a800000, 0x0000000800000000)
  region size 2048K, 2 young (4096K), 2 survivors (4096K)
 Metaspace       used 49221K, committed 49728K, reserved 1114112K
  class space    used 6651K, committed 6848K, reserved 1048576K
}
Event: 5.540 GC heap before
{Heap before GC invocations=13 (full 0):
 garbage-first heap   total reserved 4022272K, committed 151552K, used 73331K [0x000000070a800000, 0x0000000800000000)
  region size 2048K, 27 young (55296K), 2 survivors (4096K)
 Metaspace       used 59902K, committed 60480K, reserved 1114112K
  class space    used 8302K, committed 8576K, reserved 1048576K
}
Event: 5.544 GC heap after
{Heap after GC invocations=14 (full 0):
 garbage-first heap   total reserved 4022272K, committed 151552K, used 25721K [0x000000070a800000, 0x0000000800000000)
  region size 2048K, 3 young (6144K), 3 survivors (6144K)
 Metaspace       used 59902K, committed 60480K, reserved 1114112K
  class space    used 8302K, committed 8576K, reserved 1048576K
}
Event: 6.382 GC heap before
{Heap before GC invocations=15 (full 0):
 garbage-first heap   total reserved 4022272K, committed 96256K, used 76921K [0x000000070a800000, 0x0000000800000000)
  region size 2048K, 28 young (57344K), 3 survivors (6144K)
 Metaspace       used 67918K, committed 68544K, reserved 1114112K
  class space    used 9396K, committed 9664K, reserved 1048576K
}
Event: 6.387 GC heap after
{Heap after GC invocations=16 (full 0):
 garbage-first heap   total reserved 4022272K, committed 96256K, used 29892K [0x000000070a800000, 0x0000000800000000)
  region size 2048K, 4 young (8192K), 4 survivors (8192K)
 Metaspace       used 67918K, committed 68544K, reserved 1114112K
  class space    used 9396K, committed 9664K, reserved 1048576K
}
Event: 7.365 GC heap before
{Heap before GC invocations=16 (full 0):
 garbage-first heap   total reserved 4022272K, committed 96256K, used 74948K [0x000000070a800000, 0x0000000800000000)
  region size 2048K, 27 young (55296K), 4 survivors (8192K)
 Metaspace       used 73751K, committed 74496K, reserved 1114112K
  class space    used 10207K, committed 10560K, reserved 1048576K
}
Event: 7.372 GC heap after
{Heap after GC invocations=17 (full 0):
 garbage-first heap   total reserved 4022272K, committed 96256K, used 35327K [0x000000070a800000, 0x0000000800000000)
  region size 2048K, 3 young (6144K), 3 survivors (6144K)
 Metaspace       used 73751K, committed 74496K, reserved 1114112K
  class space    used 10207K, committed 10560K, reserved 1048576K
}
Event: 7.592 GC heap before
{Heap before GC invocations=17 (full 0):
 garbage-first heap   total reserved 4022272K, committed 96256K, used 53759K [0x000000070a800000, 0x0000000800000000)
  region size 2048K, 9 young (18432K), 3 survivors (6144K)
 Metaspace       used 75306K, committed 76096K, reserved 1179648K
  class space    used 10467K, committed 10816K, reserved 1048576K
}
Event: 7.595 GC heap after
{Heap after GC invocations=18 (full 0):
 garbage-first heap   total reserved 4022272K, committed 96256K, used 45159K [0x000000070a800000, 0x0000000800000000)
  region size 2048K, 1 young (2048K), 1 survivors (2048K)
 Metaspace       used 75306K, committed 76096K, reserved 1179648K
  class space    used 10467K, committed 10816K, reserved 1048576K
}
Event: 27.481 GC heap before
{Heap before GC invocations=19 (full 0):
 garbage-first heap   total reserved 4022272K, committed 96256K, used 88167K [0x000000070a800000, 0x0000000800000000)
  region size 2048K, 20 young (40960K), 1 survivors (2048K)
 Metaspace       used 85283K, committed 86016K, reserved 1179648K
  class space    used 12202K, committed 12480K, reserved 1048576K
}
Event: 27.487 GC heap after
{Heap after GC invocations=20 (full 0):
 garbage-first heap   total reserved 4022272K, committed 100352K, used 56357K [0x000000070a800000, 0x0000000800000000)
  region size 2048K, 3 young (6144K), 3 survivors (6144K)
 Metaspace       used 85283K, committed 86016K, reserved 1179648K
  class space    used 12202K, committed 12480K, reserved 1048576K
}
Event: 30.200 GC heap before
{Heap before GC invocations=20 (full 0):
 garbage-first heap   total reserved 4022272K, committed 100352K, used 82981K [0x000000070a800000, 0x0000000800000000)
  region size 2048K, 17 young (34816K), 3 survivors (6144K)
 Metaspace       used 89317K, committed 90048K, reserved 1179648K
  class space    used 13034K, committed 13376K, reserved 1048576K
}
Event: 30.209 GC heap after
{Heap after GC invocations=21 (full 0):
 garbage-first heap   total reserved 4022272K, committed 108544K, used 70320K [0x000000070a800000, 0x0000000800000000)
  region size 2048K, 3 young (6144K), 3 survivors (6144K)
 Metaspace       used 89317K, committed 90048K, reserved 1179648K
  class space    used 13034K, committed 13376K, reserved 1048576K
}
Event: 33.085 GC heap before
{Heap before GC invocations=21 (full 0):
 garbage-first heap   total reserved 4022272K, committed 108544K, used 86704K [0x000000070a800000, 0x0000000800000000)
  region size 2048K, 12 young (24576K), 3 survivors (6144K)
 Metaspace       used 90888K, committed 91648K, reserved 1179648K
  class space    used 13233K, committed 13568K, reserved 1048576K
}
Event: 33.096 GC heap after
{Heap after GC invocations=22 (full 0):
 garbage-first heap   total reserved 4022272K, committed 108544K, used 73982K [0x000000070a800000, 0x0000000800000000)
  region size 2048K, 2 young (4096K), 2 survivors (4096K)
 Metaspace       used 90888K, committed 91648K, reserved 1179648K
  class space    used 13233K, committed 13568K, reserved 1048576K
}

Dll operation events (20 events):
Event: 6.983 Loaded shared library C:\Users\g_ste\.openjfx\cache\23.0.1+4\amd64\api-ms-win-crt-locale-l1-1-0.dll
Event: 6.987 Loaded shared library C:\Users\g_ste\.openjfx\cache\23.0.1+4\amd64\api-ms-win-crt-math-l1-1-0.dll
Event: 6.990 Loaded shared library C:\Users\g_ste\.openjfx\cache\23.0.1+4\amd64\api-ms-win-crt-multibyte-l1-1-0.dll
Event: 6.993 Loaded shared library C:\Users\g_ste\.openjfx\cache\23.0.1+4\amd64\api-ms-win-crt-private-l1-1-0.dll
Event: 6.996 Loaded shared library C:\Users\g_ste\.openjfx\cache\23.0.1+4\amd64\api-ms-win-crt-process-l1-1-0.dll
Event: 6.999 Loaded shared library C:\Users\g_ste\.openjfx\cache\23.0.1+4\amd64\api-ms-win-crt-runtime-l1-1-0.dll
Event: 7.001 Loaded shared library C:\Users\g_ste\.openjfx\cache\23.0.1+4\amd64\api-ms-win-crt-stdio-l1-1-0.dll
Event: 7.005 Loaded shared library C:\Users\g_ste\.openjfx\cache\23.0.1+4\amd64\api-ms-win-crt-string-l1-1-0.dll
Event: 7.007 Loaded shared library C:\Users\g_ste\.openjfx\cache\23.0.1+4\amd64\api-ms-win-crt-time-l1-1-0.dll
Event: 7.009 Loaded shared library C:\Users\g_ste\.openjfx\cache\23.0.1+4\amd64\api-ms-win-crt-utility-l1-1-0.dll
Event: 7.023 Loaded shared library C:\Users\g_ste\.openjfx\cache\23.0.1+4\amd64\ucrtbase.dll
Event: 7.026 Loaded shared library C:\Users\g_ste\.openjfx\cache\23.0.1+4\amd64\vcruntime140.dll
Event: 7.030 Loaded shared library C:\Users\g_ste\.openjfx\cache\23.0.1+4\amd64\vcruntime140_1.dll
Event: 7.038 Loaded shared library C:\Users\g_ste\.openjfx\cache\23.0.1+4\amd64\msvcp140.dll
Event: 7.040 Loaded shared library C:\Users\g_ste\.openjfx\cache\23.0.1+4\amd64\msvcp140_1.dll
Event: 7.045 Loaded shared library C:\Users\g_ste\.openjfx\cache\23.0.1+4\amd64\msvcp140_2.dll
Event: 7.074 Loaded shared library C:\Users\g_ste\.openjfx\cache\23.0.1+4\amd64\prism_d3d.dll
Event: 7.131 Loaded shared library C:\Users\g_ste\.openjfx\cache\23.0.1+4\amd64\glass.dll
Event: 7.557 Loaded shared library C:\Users\g_ste\.openjfx\cache\23.0.1+4\amd64\javafx_iio.dll
Event: 7.696 Loaded shared library C:\Users\g_ste\.openjfx\cache\23.0.1+4\amd64\javafx_font.dll

Deoptimization events (20 events):
Event: 1500.353 Thread 0x000001fcfbc33310 DEOPT PACKING pc=0x000001fca22602e4 sp=0x000000f4814ff150
Event: 1500.353 Thread 0x000001fcfbc33310 DEOPT UNPACKING pc=0x000001fca1a24402 sp=0x000000f4814ff110 mode 2
Event: 1500.353 Thread 0x000001fcfbc37b40 DEOPT PACKING pc=0x000001fca22602e4 sp=0x000000f481cff380
Event: 1500.353 Thread 0x000001fcfbc37b40 DEOPT UNPACKING pc=0x000001fca1a24402 sp=0x000000f481cff340 mode 2
Event: 1500.353 Thread 0x000001fcfbc31240 DEOPT PACKING pc=0x000001fca22602e4 sp=0x000000f4817ff190
Event: 1500.353 Thread 0x000001fcfbc325f0 DEOPT PACKING pc=0x000001fca22602e4 sp=0x000000f4818ff230
Event: 1500.353 Thread 0x000001fcfbc31240 DEOPT UNPACKING pc=0x000001fca1a24402 sp=0x000000f4817ff150 mode 2
Event: 1500.353 Thread 0x000001fcfbc325f0 DEOPT UNPACKING pc=0x000001fca1a24402 sp=0x000000f4818ff1f0 mode 2
Event: 1500.368 Thread 0x000001fcf9f62050 Uncommon trap: trap_request=0xffffffde fr.pc=0x000001fca2174644 relative=0x0000000000000204
Event: 1500.368 Thread 0x000001fcf9f62050 Uncommon trap: reason=class_check action=maybe_recompile pc=0x000001fca2174644 method=java.util.concurrent.locks.ReentrantLock$Sync.lock()V @ 1 c2
Event: 1500.368 Thread 0x000001fcf9f62050 DEOPT PACKING pc=0x000001fca2174644 sp=0x000000f4814fef70
Event: 1500.368 Thread 0x000001fcf9f62050 DEOPT UNPACKING pc=0x000001fca1a24402 sp=0x000000f4814feed0 mode 2
Event: 1500.369 Thread 0x000001fcf9f62050 Uncommon trap: trap_request=0xffffffde fr.pc=0x000001fca2174644 relative=0x0000000000000204
Event: 1500.369 Thread 0x000001fcf9f62050 Uncommon trap: reason=class_check action=maybe_recompile pc=0x000001fca2174644 method=java.util.concurrent.locks.ReentrantLock$Sync.lock()V @ 1 c2
Event: 1500.369 Thread 0x000001fcf9f62050 DEOPT PACKING pc=0x000001fca2174644 sp=0x000000f4814fef70
Event: 1500.369 Thread 0x000001fcf9f62050 DEOPT UNPACKING pc=0x000001fca1a24402 sp=0x000000f4814feed0 mode 2
Event: 1500.369 Thread 0x000001fcf9f62050 Uncommon trap: trap_request=0xffffffde fr.pc=0x000001fca2174644 relative=0x0000000000000204
Event: 1500.369 Thread 0x000001fcf9f62050 Uncommon trap: reason=class_check action=maybe_recompile pc=0x000001fca2174644 method=java.util.concurrent.locks.ReentrantLock$Sync.lock()V @ 1 c2
Event: 1500.369 Thread 0x000001fcf9f62050 DEOPT PACKING pc=0x000001fca2174644 sp=0x000000f4814fef70
Event: 1500.369 Thread 0x000001fcf9f62050 DEOPT UNPACKING pc=0x000001fca1a24402 sp=0x000000f4814feed0 mode 2

Classes loaded (20 events):
Event: 1500.380 Loading class java/beans/WeakIdentityMap done
Event: 1500.380 Loading class java/beans/ThreadGroupContext$1 done
Event: 1500.380 Loading class java/beans/WeakIdentityMap$Entry
Event: 1500.380 Loading class java/beans/WeakIdentityMap$Entry done
Event: 1500.380 Loading class com/sun/beans/introspect/ClassInfo
Event: 1500.380 Loading class com/sun/beans/introspect/ClassInfo done
Event: 1500.380 Loading class com/sun/beans/introspect/ClassInfo$1
Event: 1500.380 Loading class com/sun/beans/util/Cache
Event: 1500.381 Loading class com/sun/beans/util/Cache done
Event: 1500.381 Loading class com/sun/beans/introspect/ClassInfo$1 done
Event: 1500.381 Loading class com/sun/beans/util/Cache$Kind
Event: 1500.381 Loading class com/sun/beans/util/Cache$Kind done
Event: 1500.381 Loading class com/sun/beans/util/Cache$Kind$1
Event: 1500.381 Loading class com/sun/beans/util/Cache$Kind$1 done
Event: 1500.381 Loading class com/sun/beans/util/Cache$Kind$2
Event: 1500.381 Loading class com/sun/beans/util/Cache$Kind$2 done
Event: 1500.381 Loading class com/sun/beans/util/Cache$Kind$3
Event: 1500.381 Loading class com/sun/beans/util/Cache$Kind$3 done
Event: 1500.381 Loading class com/sun/beans/util/Cache$CacheEntry
Event: 1500.381 Loading class com/sun/beans/util/Cache$CacheEntry done

Classes unloaded (0 events):
No events

Classes redefined (0 events):
No events

Internal exceptions (20 events):
Event: 8.152 Thread 0x000001fcfcbe9040 Exception <a 'java/lang/NoSuchMethodError'{0x000000070ef52968}: 'long java.lang.invoke.DirectMethodHandle$Holder.invokeStatic(java.lang.Object, java.lang.Object, java.lang.Object)'> (0x000000070ef52968) 
thrown [s\open\src\hotspot\share\interpreter\linkResolver.cpp, line 796]
Event: 8.153 Thread 0x000001fcfcbe9040 Exception <a 'java/lang/NoSuchMethodError'{0x000000070ef55d38}: 'long java.lang.invoke.DirectMethodHandle$Holder.invokeStaticInit(java.lang.Object, java.lang.Object, java.lang.Object)'> (0x000000070ef55d38) 
thrown [s\open\src\hotspot\share\interpreter\linkResolver.cpp, line 796]
Event: 8.154 Thread 0x000001fcfcbe9040 Exception <a 'java/lang/NoSuchMethodError'{0x000000070ef6a7d0}: 'java.lang.Object java.lang.invoke.DirectMethodHandle$Holder.newInvokeSpecial(java.lang.Object, java.lang.Object, long)'> (0x000000070ef6a7d0) 
thrown [s\open\src\hotspot\share\interpreter\linkResolver.cpp, line 796]
Event: 27.292 Thread 0x000001fcfcbe9040 Exception <a 'java/lang/NoSuchMethodError'{0x000000070e1c2d90}: 'void java.lang.invoke.DirectMethodHandle$Holder.invokeSpecialIFC(java.lang.Object, java.lang.Object, int, java.lang.Object, java.lang.Object, java.lang.Object, java.lang.Object)'> (0x000000070e1c2d90) 
thrown [s\open\src\hotspot\share\interpreter\linkResolver.cpp, line 796]
Event: 27.511 Thread 0x000001fcfcbe9040 Implicit null exception at 0x000001fca235534e to 0x000001fca23553d4
Event: 29.579 Thread 0x000001fcfcbe9040 Exception <a 'java/lang/NoSuchMethodError'{0x00000007106cd1c0}: 'java.lang.Object java.lang.invoke.DirectMethodHandle$Holder.newInvokeSpecial(java.lang.Object, double)'> (0x00000007106cd1c0) 
thrown [s\open\src\hotspot\share\interpreter\linkResolver.cpp, line 796]
Event: 29.739 Thread 0x000001fcfcbe9040 Exception <a 'java/lang/NoSuchMethodError'{0x000000070fdf1b28}: 'void java.lang.invoke.DirectMethodHandle$Holder.invokeSpecialIFC(java.lang.Object, java.lang.Object, java.lang.Object)'> (0x000000070fdf1b28) 
thrown [s\open\src\hotspot\share\interpreter\linkResolver.cpp, line 796]
Event: 29.779 Thread 0x000001fcfcbe9040 Exception <a 'java/lang/IncompatibleClassChangeError'{0x000000070f7d5340}: Found class java.lang.Object, but interface was expected> (0x000000070f7d5340) 
thrown [s\open\src\hotspot\share\interpreter\linkResolver.cpp, line 863]
Event: 29.790 Thread 0x000001fcfcbe9040 Exception <a 'java/lang/IncompatibleClassChangeError'{0x000000070f413dc0}: Found class java.lang.Object, but interface was expected> (0x000000070f413dc0) 
thrown [s\open\src\hotspot\share\interpreter\linkResolver.cpp, line 863]
Event: 29.815 Thread 0x000001fcfcbe9040 Exception <a 'java/lang/NoSuchMethodError'{0x000000070f4dead0}: 'float java.lang.invoke.DelegatingMethodHandle$Holder.reinvoke_L(java.lang.Object, java.lang.Object)'> (0x000000070f4dead0) 
thrown [s\open\src\hotspot\share\interpreter\linkResolver.cpp, line 796]
Event: 29.817 Thread 0x000001fcfcbe9040 Exception <a 'java/lang/NoSuchMethodError'{0x000000070f4e93d8}: 'void java.lang.invoke.DelegatingMethodHandle$Holder.reinvoke_L(java.lang.Object, java.lang.Object, float)'> (0x000000070f4e93d8) 
thrown [s\open\src\hotspot\share\interpreter\linkResolver.cpp, line 796]
Event: 29.833 Thread 0x000001fcfcbe9040 Exception <a 'java/lang/NoSuchMethodError'{0x000000070f52ca58}: 'float java.lang.invoke.Invokers$Holder.invokeExact_MT(java.lang.Object, java.lang.Object, java.lang.Object)'> (0x000000070f52ca58) 
thrown [s\open\src\hotspot\share\interpreter\linkResolver.cpp, line 796]
Event: 29.834 Thread 0x000001fcfcbe9040 Exception <a 'java/lang/IncompatibleClassChangeError'{0x000000070f533430}: Found class java.lang.Object, but interface was expected> (0x000000070f533430) 
thrown [s\open\src\hotspot\share\interpreter\linkResolver.cpp, line 863]
Event: 30.119 Thread 0x000001fcfcbe9040 Exception <a 'java/lang/NoSuchMethodError'{0x000000070eccaea0}: 'double java.lang.invoke.DirectMethodHandle$Holder.invokeVirtual(java.lang.Object, java.lang.Object)'> (0x000000070eccaea0) 
thrown [s\open\src\hotspot\share\interpreter\linkResolver.cpp, line 796]
Event: 30.120 Thread 0x000001fcfcbe9040 Exception <a 'java/lang/NoSuchMethodError'{0x000000070eccf118}: 'double java.lang.invoke.DelegatingMethodHandle$Holder.reinvoke_L(java.lang.Object, java.lang.Object)'> (0x000000070eccf118) 
thrown [s\open\src\hotspot\share\interpreter\linkResolver.cpp, line 796]
Event: 30.480 Thread 0x000001fcfbc374b0 Exception <a 'java/lang/NoSuchMethodError'{0x000000070fed4a98}: 'java.lang.Object java.lang.invoke.DirectMethodHandle$Holder.invokeStaticInit(java.lang.Object, int)'> (0x000000070fed4a98) 
thrown [s\open\src\hotspot\share\interpreter\linkResolver.cpp, line 796]
Event: 31.800 Thread 0x000001fcfcbe9040 Implicit null exception at 0x000001fca241ad84 to 0x000001fca24242f8
Event: 31.825 Thread 0x000001fcfcbe9040 Implicit null exception at 0x000001fca23d3758 to 0x000001fca23d4188
Event: 31.862 Thread 0x000001fcfcbe9040 Implicit null exception at 0x000001fca23a7f1c to 0x000001fca23a7f7c
Event: 1500.383 Thread 0x000001fcfa481610 Exception <a 'java/lang/InterruptedException'{0x0000000711a73918}: sleep interrupted> (0x0000000711a73918) 
thrown [s\open\src\hotspot\share\prims\jvm.cpp, line 3093]

VM Operations (20 events):
Event: 30.047 Executing VM operation: HandshakeAllThreads (Deoptimize) done
Event: 30.200 Executing VM operation: G1CollectForAllocation (G1 Evacuation Pause)
Event: 30.209 Executing VM operation: G1CollectForAllocation (G1 Evacuation Pause) done
Event: 30.357 Executing VM operation: HandshakeAllThreads (Deoptimize)
Event: 30.357 Executing VM operation: HandshakeAllThreads (Deoptimize) done
Event: 30.372 Executing VM operation: HandshakeAllThreads (Deoptimize)
Event: 30.373 Executing VM operation: HandshakeAllThreads (Deoptimize) done
Event: 31.809 Executing VM operation: HandshakeAllThreads (Deoptimize)
Event: 31.809 Executing VM operation: HandshakeAllThreads (Deoptimize) done
Event: 33.085 Executing VM operation: G1TryInitiateConcMark (G1 Humongous Allocation)
Event: 33.096 Executing VM operation: G1TryInitiateConcMark (G1 Humongous Allocation) done
Event: 33.144 Executing VM operation: G1PauseRemark
Event: 33.153 Executing VM operation: G1PauseRemark done
Event: 33.167 Executing VM operation: G1PauseCleanup
Event: 33.167 Executing VM operation: G1PauseCleanup done
Event: 60.177 Executing VM operation: HandshakeAllThreads (HandshakeForDeflation)
Event: 60.177 Executing VM operation: HandshakeAllThreads (HandshakeForDeflation) done
Event: 60.177 Executing VM operation: RendezvousGCThreads
Event: 60.177 Executing VM operation: RendezvousGCThreads done
Event: 1500.386 Executing VM operation: Exit

Memory protections (0 events):
No events

Nmethod flushes (20 events):
Event: 33.152 Thread 0x000001fcb14d1550 flushing  nmethod 0x000001fc9a744808
Event: 33.152 Thread 0x000001fcb14d1550 flushing  nmethod 0x000001fc9a76c908
Event: 33.152 Thread 0x000001fcb14d1550 flushing  nmethod 0x000001fc9a7c4088
Event: 33.152 Thread 0x000001fcb14d1550 flushing  nmethod 0x000001fc9a7cc608
Event: 33.152 Thread 0x000001fcb14d1550 flushing  nmethod 0x000001fc9a830788
Event: 33.152 Thread 0x000001fcb14d1550 flushing  nmethod 0x000001fc9a834388
Event: 33.152 Thread 0x000001fcb14d1550 flushing  nmethod 0x000001fc9a904988
Event: 33.152 Thread 0x000001fcb14d1550 flushing  nmethod 0x000001fc9aa1e088
Event: 33.152 Thread 0x000001fcb14d1550 flushing  nmethod 0x000001fc9aaed988
Event: 33.152 Thread 0x000001fcb14d1550 flushing  nmethod 0x000001fc9ab0c888
Event: 33.152 Thread 0x000001fcb14d1550 flushing  nmethod 0x000001fc9ab37d88
Event: 33.152 Thread 0x000001fcb14d1550 flushing  nmethod 0x000001fc9ab6f888
Event: 33.152 Thread 0x000001fcb14d1550 flushing  nmethod 0x000001fc9acb2088
Event: 33.152 Thread 0x000001fcb14d1550 flushing  nmethod 0x000001fc9ad0eb88
Event: 33.152 Thread 0x000001fcb14d1550 flushing  nmethod 0x000001fc9adf6208
Event: 33.152 Thread 0x000001fcb14d1550 flushing  nmethod 0x000001fc9ae25008
Event: 33.152 Thread 0x000001fcb14d1550 flushing  nmethod 0x000001fc9ae9ce88
Event: 33.152 Thread 0x000001fcb14d1550 flushing  nmethod 0x000001fc9ae9d308
Event: 33.152 Thread 0x000001fcb14d1550 flushing  nmethod 0x000001fc9aea4d08
Event: 33.152 Thread 0x000001fcb14d1550 flushing  nmethod 0x000001fc9aea5888

Events (20 events):
Event: 1500.353 Thread 0x000001fcfbc346c0 Thread exited: 0x000001fcfbc346c0
Event: 1500.353 Thread 0x000001fcfbc32c80 Thread exited: 0x000001fcfbc32c80
Event: 1500.353 Thread 0x000001fcfbc34d50 Thread exited: 0x000001fcfbc34d50
Event: 1500.353 Thread 0x000001fcfbc36e20 Thread exited: 0x000001fcfbc36e20
Event: 1500.353 Thread 0x000001fcfbc353e0 Thread exited: 0x000001fcfbc353e0
Event: 1500.353 Thread 0x000001fcfbc318d0 Thread exited: 0x000001fcfbc318d0
Event: 1500.353 Thread 0x000001fcfbc33310 Thread exited: 0x000001fcfbc33310
Event: 1500.353 Thread 0x000001fcfbc37b40 Thread exited: 0x000001fcfbc37b40
Event: 1500.353 Thread 0x000001fcfbc31240 Thread exited: 0x000001fcfbc31240
Event: 1500.353 Thread 0x000001fcfbc325f0 Thread exited: 0x000001fcfbc325f0
Event: 1500.361 Thread 0x000001fcb150b510 Thread added: 0x000001fcfccefad0
Event: 1500.366 Thread 0x000001fcf9f654d0 Thread added: 0x000001fcf9f62050
Event: 1500.366 Thread 0x000001fcfa482330 Thread exited: 0x000001fcfa482330
Event: 1500.372 Thread 0x000001fcf9f62050 Thread exited: 0x000001fcf9f62050
Event: 1500.383 Thread 0x000001fcfa480260 Thread exited: 0x000001fcfa480260
Event: 1500.383 Thread 0x000001fcfa481ca0 Thread exited: 0x000001fcfa481ca0
Event: 1500.383 Thread 0x000001fcfa481610 Thread exited: 0x000001fcfa481610
Event: 1500.384 Thread 0x000001fcf9f654d0 Thread exited: 0x000001fcf9f654d0
Event: 1500.386 Thread 0x000001fcf9f63a90 Before exit entered
Event: 1500.386 Thread 0x000001fcb14f2130 Thread exited: 0x000001fcb14f2130


Dynamic libraries:
0x00007ff6d9a90000 - 0x00007ff6d9a9e000 	C:\Users\g_ste\.jdks\openjdk-23.0.1\bin\java.exe
0x00007ffc11ba0000 - 0x00007ffc11e06000 	C:\WINDOWS\SYSTEM32\ntdll.dll
0x00007ffc100b0000 - 0x00007ffc10179000 	C:\WINDOWS\System32\KERNEL32.DLL
0x00007ffc0f590000 - 0x00007ffc0f95c000 	C:\WINDOWS\System32\KERNELBASE.dll
0x00007ffc0f350000 - 0x00007ffc0f49b000 	C:\WINDOWS\System32\ucrtbase.dll
0x00007ffc0bbe0000 - 0x00007ffc0bbfb000 	C:\Users\g_ste\.jdks\openjdk-23.0.1\bin\VCRUNTIME140.dll
0x00007ffbf7f40000 - 0x00007ffbf7f57000 	C:\Users\g_ste\.jdks\openjdk-23.0.1\bin\jli.dll
0x00007ffc10640000 - 0x00007ffc1080a000 	C:\WINDOWS\System32\USER32.dll
0x00007ffc0f560000 - 0x00007ffc0f587000 	C:\WINDOWS\System32\win32u.dll
0x00007ffc109a0000 - 0x00007ffc109cb000 	C:\WINDOWS\System32\GDI32.dll
0x00007ffbe80e0000 - 0x00007ffbe837a000 	C:\WINDOWS\WinSxS\amd64_microsoft.windows.common-controls_6595b64144ccf1df_6.0.26100.3912_none_3e07963ce335137e\COMCTL32.dll
0x00007ffc0ed30000 - 0x00007ffc0ee62000 	C:\WINDOWS\System32\gdi32full.dll
0x00007ffc10c30000 - 0x00007ffc10cd9000 	C:\WINDOWS\System32\msvcrt.dll
0x00007ffc0f080000 - 0x00007ffc0f123000 	C:\WINDOWS\System32\msvcp_win.dll
0x00007ffc0f960000 - 0x00007ffc0f990000 	C:\WINDOWS\System32\IMM32.DLL
0x00007ffbf8100000 - 0x00007ffbf810c000 	C:\Users\g_ste\.jdks\openjdk-23.0.1\bin\vcruntime140_1.dll
0x00007ffbd0b00000 - 0x00007ffbd0b8e000 	C:\Users\g_ste\.jdks\openjdk-23.0.1\bin\msvcp140.dll
0x00007ffb6f260000 - 0x00007ffb6ffaf000 	C:\Users\g_ste\.jdks\openjdk-23.0.1\bin\server\jvm.dll
0x00007ffc0fef0000 - 0x00007ffc0ffa2000 	C:\WINDOWS\System32\ADVAPI32.dll
0x00007ffc10180000 - 0x00007ffc10226000 	C:\WINDOWS\System32\sechost.dll
0x00007ffc11830000 - 0x00007ffc11946000 	C:\WINDOWS\System32\RPCRT4.dll
0x00007ffc0fe30000 - 0x00007ffc0fea4000 	C:\WINDOWS\System32\WS2_32.dll
0x00007ffc0eba0000 - 0x00007ffc0ebfe000 	C:\WINDOWS\SYSTEM32\POWRPROF.dll
0x00007ffc05a20000 - 0x00007ffc05a56000 	C:\WINDOWS\SYSTEM32\WINMM.dll
0x00007ffc078b0000 - 0x00007ffc078bb000 	C:\WINDOWS\SYSTEM32\VERSION.dll
0x00007ffc0eb80000 - 0x00007ffc0eb94000 	C:\WINDOWS\SYSTEM32\UMPDC.dll
0x00007ffc0dad0000 - 0x00007ffc0daea000 	C:\WINDOWS\SYSTEM32\kernel.appcore.dll
0x00007ffbf7f30000 - 0x00007ffbf7f3a000 	C:\Users\g_ste\.jdks\openjdk-23.0.1\bin\jimage.dll
0x00007ffc06210000 - 0x00007ffc06451000 	C:\WINDOWS\SYSTEM32\DBGHELP.DLL
0x00007ffc11420000 - 0x00007ffc117a4000 	C:\WINDOWS\System32\combase.dll
0x00007ffc11a70000 - 0x00007ffc11b50000 	C:\WINDOWS\System32\OLEAUT32.dll
0x00007ffbdbd40000 - 0x00007ffbdbd79000 	C:\WINDOWS\SYSTEM32\dbgcore.DLL
0x00007ffc0f2b0000 - 0x00007ffc0f349000 	C:\WINDOWS\System32\bcryptPrimitives.dll
0x00007ffbf7e70000 - 0x00007ffbf7e7f000 	C:\Users\g_ste\.jdks\openjdk-23.0.1\bin\instrument.dll
0x00007ffbf7e50000 - 0x00007ffbf7e6e000 	C:\Users\g_ste\.jdks\openjdk-23.0.1\bin\java.dll
0x00007ffc10a80000 - 0x00007ffc10c1f000 	C:\WINDOWS\System32\ole32.dll
0x00007ffc10cf0000 - 0x00007ffc1141d000 	C:\WINDOWS\System32\SHELL32.dll
0x00007ffc0f130000 - 0x00007ffc0f2a4000 	C:\WINDOWS\System32\wintypes.dll
0x00007ffc0c970000 - 0x00007ffc0d1c6000 	C:\WINDOWS\SYSTEM32\windows.storage.dll
0x00007ffc10820000 - 0x00007ffc1090f000 	C:\WINDOWS\System32\SHCORE.dll
0x00007ffc11970000 - 0x00007ffc119d9000 	C:\WINDOWS\System32\shlwapi.dll
0x00007ffc0ec40000 - 0x00007ffc0ec6f000 	C:\WINDOWS\SYSTEM32\profapi.dll
0x00007ffbbd800000 - 0x00007ffbbd8d7000 	C:\Users\g_ste\.jdks\openjdk-23.0.1\bin\jsvml.dll
0x00007ffbf47d0000 - 0x00007ffbf47e7000 	C:\Users\g_ste\.jdks\openjdk-23.0.1\bin\zip.dll
0x00007ffbf7dc0000 - 0x00007ffbf7dd0000 	C:\Users\g_ste\.jdks\openjdk-23.0.1\bin\net.dll
0x00007ffc0e060000 - 0x00007ffc0e0ca000 	C:\WINDOWS\system32\mswsock.dll
0x00007ffbf47f0000 - 0x00007ffbf4806000 	C:\Users\g_ste\.jdks\openjdk-23.0.1\bin\nio.dll
0x00007ffbe5f20000 - 0x00007ffbe5f3a000 	C:\Program Files\JetBrains\IntelliJ IDEA Community Edition 2024.2.1\bin\breakgen64.dll
0x00007ffbf7db0000 - 0x00007ffbf7db9000 	C:\Users\g_ste\.jdks\openjdk-23.0.1\bin\extnet.dll
0x00007ffbf2a10000 - 0x00007ffbf2a1e000 	C:\Users\g_ste\.jdks\openjdk-23.0.1\bin\sunmscapi.dll
0x00007ffc0ef00000 - 0x00007ffc0f077000 	C:\WINDOWS\System32\CRYPT32.dll
0x00007ffc0e510000 - 0x00007ffc0e540000 	C:\WINDOWS\SYSTEM32\ncrypt.dll
0x00007ffc0e4c0000 - 0x00007ffc0e4ff000 	C:\WINDOWS\SYSTEM32\NTASN1.dll
0x00007ffc0e300000 - 0x00007ffc0e31c000 	C:\WINDOWS\SYSTEM32\CRYPTSP.dll
0x00007ffc0da30000 - 0x00007ffc0da6a000 	C:\WINDOWS\system32\rsaenh.dll
0x00007ffc0e100000 - 0x00007ffc0e12b000 	C:\WINDOWS\SYSTEM32\USERENV.dll
0x00007ffc0ec10000 - 0x00007ffc0ec36000 	C:\WINDOWS\SYSTEM32\bcrypt.dll
0x00007ffc0e320000 - 0x00007ffc0e32c000 	C:\WINDOWS\SYSTEM32\CRYPTBASE.dll
0x00007ffc0d4d0000 - 0x00007ffc0d503000 	C:\WINDOWS\SYSTEM32\IPHLPAPI.DLL
0x00007ffc10410000 - 0x00007ffc1041a000 	C:\WINDOWS\System32\NSI.dll
0x00007ffbf6900000 - 0x00007ffbf690a000 	C:\Users\g_ste\.jdks\openjdk-23.0.1\bin\management.dll
0x00007ffbf47c0000 - 0x00007ffbf47cb000 	C:\Users\g_ste\.jdks\openjdk-23.0.1\bin\management_ext.dll
0x00007ffc10810000 - 0x00007ffc10818000 	C:\WINDOWS\System32\PSAPI.DLL
0x00007ffbf29e0000 - 0x00007ffbf29f0000 	C:\Users\g_ste\.jdks\openjdk-23.0.1\bin\verify.dll
0x00007ffbe2380000 - 0x00007ffbe2388000 	C:\WINDOWS\system32\wshunix.dll
0x000001fc914f0000 - 0x000001fc914f3000 	C:\Users\g_ste\.openjfx\cache\23.0.1+4\amd64\api-ms-win-core-console-l1-1-0.dll
0x000001fc91500000 - 0x000001fc91503000 	C:\Users\g_ste\.openjfx\cache\23.0.1+4\amd64\api-ms-win-core-console-l1-2-0.dll
0x000001fc91510000 - 0x000001fc91513000 	C:\Users\g_ste\.openjfx\cache\23.0.1+4\amd64\api-ms-win-core-datetime-l1-1-0.dll
0x000001fc91cd0000 - 0x000001fc91cd3000 	C:\Users\g_ste\.openjfx\cache\23.0.1+4\amd64\api-ms-win-core-debug-l1-1-0.dll
0x000001fc91ce0000 - 0x000001fc91ce3000 	C:\Users\g_ste\.openjfx\cache\23.0.1+4\amd64\api-ms-win-core-errorhandling-l1-1-0.dll
0x000001fc91cf0000 - 0x000001fc91cf4000 	C:\Users\g_ste\.openjfx\cache\23.0.1+4\amd64\api-ms-win-core-file-l1-1-0.dll
0x000001fc91d00000 - 0x000001fc91d03000 	C:\Users\g_ste\.openjfx\cache\23.0.1+4\amd64\api-ms-win-core-file-l1-2-0.dll
0x000001fc91d10000 - 0x000001fc91d13000 	C:\Users\g_ste\.openjfx\cache\23.0.1+4\amd64\api-ms-win-core-file-l2-1-0.dll
0x000001fc91d20000 - 0x000001fc91d23000 	C:\Users\g_ste\.openjfx\cache\23.0.1+4\amd64\api-ms-win-core-handle-l1-1-0.dll
0x000001fcb1ed0000 - 0x000001fcb1ed3000 	C:\Users\g_ste\.openjfx\cache\23.0.1+4\amd64\api-ms-win-core-heap-l1-1-0.dll
0x000001fcb1ee0000 - 0x000001fcb1ee3000 	C:\Users\g_ste\.openjfx\cache\23.0.1+4\amd64\api-ms-win-core-interlocked-l1-1-0.dll
0x000001fcb1ef0000 - 0x000001fcb1ef3000 	C:\Users\g_ste\.openjfx\cache\23.0.1+4\amd64\api-ms-win-core-libraryloader-l1-1-0.dll
0x000001fcb1f00000 - 0x000001fcb1f03000 	C:\Users\g_ste\.openjfx\cache\23.0.1+4\amd64\api-ms-win-core-localization-l1-2-0.dll
0x000001fcb1f10000 - 0x000001fcb1f13000 	C:\Users\g_ste\.openjfx\cache\23.0.1+4\amd64\api-ms-win-core-memory-l1-1-0.dll
0x000001fcb1f20000 - 0x000001fcb1f23000 	C:\Users\g_ste\.openjfx\cache\23.0.1+4\amd64\api-ms-win-core-namedpipe-l1-1-0.dll
0x000001fcb1f30000 - 0x000001fcb1f33000 	C:\Users\g_ste\.openjfx\cache\23.0.1+4\amd64\api-ms-win-core-processenvironment-l1-1-0.dll
0x000001fcb1f40000 - 0x000001fcb1f43000 	C:\Users\g_ste\.openjfx\cache\23.0.1+4\amd64\api-ms-win-core-processthreads-l1-1-0.dll
0x000001fcb1f50000 - 0x000001fcb1f53000 	C:\Users\g_ste\.openjfx\cache\23.0.1+4\amd64\api-ms-win-core-processthreads-l1-1-1.dll
0x000001fcb1f60000 - 0x000001fcb1f63000 	C:\Users\g_ste\.openjfx\cache\23.0.1+4\amd64\api-ms-win-core-profile-l1-1-0.dll
0x000001fcb1f70000 - 0x000001fcb1f73000 	C:\Users\g_ste\.openjfx\cache\23.0.1+4\amd64\api-ms-win-core-rtlsupport-l1-1-0.dll
0x000001fcb1f80000 - 0x000001fcb1f83000 	C:\Users\g_ste\.openjfx\cache\23.0.1+4\amd64\api-ms-win-core-string-l1-1-0.dll
0x000001fcb1f90000 - 0x000001fcb1f93000 	C:\Users\g_ste\.openjfx\cache\23.0.1+4\amd64\api-ms-win-core-synch-l1-1-0.dll
0x000001fcb1fa0000 - 0x000001fcb1fa3000 	C:\Users\g_ste\.openjfx\cache\23.0.1+4\amd64\api-ms-win-core-synch-l1-2-0.dll
0x000001fcb1fb0000 - 0x000001fcb1fb3000 	C:\Users\g_ste\.openjfx\cache\23.0.1+4\amd64\api-ms-win-core-sysinfo-l1-1-0.dll
0x000001fcb1fc0000 - 0x000001fcb1fc3000 	C:\Users\g_ste\.openjfx\cache\23.0.1+4\amd64\api-ms-win-core-timezone-l1-1-0.dll
0x000001fcb1fd0000 - 0x000001fcb1fd3000 	C:\Users\g_ste\.openjfx\cache\23.0.1+4\amd64\api-ms-win-core-util-l1-1-0.dll
0x000001fcb1fe0000 - 0x000001fcb1fe3000 	C:\Users\g_ste\.openjfx\cache\23.0.1+4\amd64\api-ms-win-crt-conio-l1-1-0.dll
0x000001fcb1ff0000 - 0x000001fcb1ff4000 	C:\Users\g_ste\.openjfx\cache\23.0.1+4\amd64\api-ms-win-crt-convert-l1-1-0.dll
0x000001fcfe850000 - 0x000001fcfe853000 	C:\Users\g_ste\.openjfx\cache\23.0.1+4\amd64\api-ms-win-crt-environment-l1-1-0.dll
0x000001fcfe860000 - 0x000001fcfe863000 	C:\Users\g_ste\.openjfx\cache\23.0.1+4\amd64\api-ms-win-crt-filesystem-l1-1-0.dll
0x000001fcfec40000 - 0x000001fcfec43000 	C:\Users\g_ste\.openjfx\cache\23.0.1+4\amd64\api-ms-win-crt-heap-l1-1-0.dll
0x000001fcb1d60000 - 0x000001fcb1d63000 	C:\Users\g_ste\.openjfx\cache\23.0.1+4\amd64\api-ms-win-crt-locale-l1-1-0.dll
0x000001fcb1d70000 - 0x000001fcb1d75000 	C:\Users\g_ste\.openjfx\cache\23.0.1+4\amd64\api-ms-win-crt-math-l1-1-0.dll
0x000001fcb1d80000 - 0x000001fcb1d85000 	C:\Users\g_ste\.openjfx\cache\23.0.1+4\amd64\api-ms-win-crt-multibyte-l1-1-0.dll
0x000001fcb1d90000 - 0x000001fcb1da0000 	C:\Users\g_ste\.openjfx\cache\23.0.1+4\amd64\api-ms-win-crt-private-l1-1-0.dll
0x000001fcb1da0000 - 0x000001fcb1da3000 	C:\Users\g_ste\.openjfx\cache\23.0.1+4\amd64\api-ms-win-crt-process-l1-1-0.dll
0x000001fcb1db0000 - 0x000001fcb1db4000 	C:\Users\g_ste\.openjfx\cache\23.0.1+4\amd64\api-ms-win-crt-runtime-l1-1-0.dll
0x000001fcb1dc0000 - 0x000001fcb1dc4000 	C:\Users\g_ste\.openjfx\cache\23.0.1+4\amd64\api-ms-win-crt-stdio-l1-1-0.dll
0x000001fcb1dd0000 - 0x000001fcb1dd4000 	C:\Users\g_ste\.openjfx\cache\23.0.1+4\amd64\api-ms-win-crt-string-l1-1-0.dll
0x000001fcb1de0000 - 0x000001fcb1de3000 	C:\Users\g_ste\.openjfx\cache\23.0.1+4\amd64\api-ms-win-crt-time-l1-1-0.dll
0x000001fcb1df0000 - 0x000001fcb1df3000 	C:\Users\g_ste\.openjfx\cache\23.0.1+4\amd64\api-ms-win-crt-utility-l1-1-0.dll
0x00007ffbbd640000 - 0x00007ffbbd73c000 	C:\Users\g_ste\.openjfx\cache\23.0.1+4\amd64\ucrtbase.dll
0x00007ffbe50e0000 - 0x00007ffbe50fb000 	C:\Users\g_ste\.openjfx\cache\23.0.1+4\amd64\vcruntime140.dll
0x00007ffbe5f10000 - 0x00007ffbe5f1c000 	C:\Users\g_ste\.openjfx\cache\23.0.1+4\amd64\vcruntime140_1.dll
0x00007ffbb5d20000 - 0x00007ffbb5dae000 	C:\Users\g_ste\.openjfx\cache\23.0.1+4\amd64\msvcp140.dll
0x00007ffbe50d0000 - 0x00007ffbe50d9000 	C:\Users\g_ste\.openjfx\cache\23.0.1+4\amd64\msvcp140_1.dll
0x00007ffbd5120000 - 0x00007ffbd5161000 	C:\Users\g_ste\.openjfx\cache\23.0.1+4\amd64\msvcp140_2.dll
0x00007ffbe1fb0000 - 0x00007ffbe1fe0000 	C:\Users\g_ste\.openjfx\cache\23.0.1+4\amd64\prism_d3d.dll
0x00007ffbbd290000 - 0x00007ffbbd445000 	C:\WINDOWS\system32\d3d9.dll
0x00007ffc0c4b0000 - 0x00007ffc0c4e6000 	C:\WINDOWS\SYSTEM32\dwmapi.dll
0x00007ffc0c080000 - 0x00007ffc0c0c7000 	C:\WINDOWS\SYSTEM32\dxcore.dll
0x00007ffc0bf30000 - 0x00007ffc0bfdf000 	C:\WINDOWS\system32\uxtheme.dll
0x00007ffc0c0d0000 - 0x00007ffc0c130000 	C:\WINDOWS\SYSTEM32\directxdatabasehelper.dll
0x00007ffbba6d0000 - 0x00007ffbba715000 	C:\Users\g_ste\.openjfx\cache\23.0.1+4\amd64\glass.dll
0x00007ffc0ffb0000 - 0x00007ffc100a4000 	C:\WINDOWS\System32\COMDLG32.dll
0x00007ffc10480000 - 0x00007ffc105df000 	C:\WINDOWS\System32\MSCTF.dll
0x00007ffc109d0000 - 0x00007ffc10a78000 	C:\WINDOWS\System32\clbcatq.dll
0x00007ffbe1ad0000 - 0x00007ffbe1c26000 	C:\Windows\System32\Windows.UI.dll
0x00007ffbd41d0000 - 0x00007ffbd431c000 	C:\Windows\System32\Windows.UI.Immersive.dll
0x00007ffbda080000 - 0x00007ffbda0ad000 	C:\Users\g_ste\.openjfx\cache\23.0.1+4\amd64\javafx_iio.dll
0x00007ffbdf770000 - 0x00007ffbdf785000 	C:\Users\g_ste\.openjfx\cache\23.0.1+4\amd64\javafx_font.dll
0x00007ffc0a4b0000 - 0x00007ffc0a719000 	C:\WINDOWS\SYSTEM32\dwrite.dll
0x00007ffc0a270000 - 0x00007ffc0a4aa000 	C:\WINDOWS\SYSTEM32\WindowsCodecs.dll

dbghelp: loaded successfully - version: 4.0.5 - missing functions: none
symbol engine: initialized successfully - sym options: 0x614 - pdb path: .;C:\Users\g_ste\.jdks\openjdk-23.0.1\bin;C:\WINDOWS\SYSTEM32;C:\WINDOWS\WinSxS\amd64_microsoft.windows.common-controls_6595b64144ccf1df_6.0.26100.3912_none_3e07963ce335137e;C:\Users\g_ste\.jdks\openjdk-23.0.1\bin\server;C:\Program Files\JetBrains\IntelliJ IDEA Community Edition 2024.2.1\bin;C:\Users\g_ste\.openjfx\cache\23.0.1+4\amd64;C:\WINDOWS\System32\DriverStore\FileRepository\u0407098.inf_amd64_05392d9068e0824e\B406567;C:\Program Files\Common Files\Microsoft Shared\Ink

VM Arguments:
jvm_args: -javaagent:C:\Program Files\JetBrains\IntelliJ IDEA Community Edition 2024.2.1\lib\idea_rt.jar=58377:C:\Program Files\JetBrains\IntelliJ IDEA Community Edition 2024.2.1\bin -Dfile.encoding=UTF-8 -Dsun.stdout.encoding=UTF-8 -Dsun.stderr.encoding=UTF-8 
java_command: com.JESIKOM.HowManager.HowManagerApplication
java_class_path (initial): C:\Users\g_ste\Downloads\HowManager-main\HowManager-main\target\classes;C:\Users\g_ste\.m2\repository\org\springframework\boot\spring-boot-starter\3.4.2\spring-boot-starter-3.4.2.jar;C:\Users\g_ste\.m2\repository\org\springframework\boot\spring-boot\3.4.2\spring-boot-3.4.2.jar;C:\Users\g_ste\.m2\repository\org\springframework\spring-context\6.2.2\spring-context-6.2.2.jar;C:\Users\g_ste\.m2\repository\org\springframework\boot\spring-boot-autoconfigure\3.4.2\spring-boot-autoconfigure-3.4.2.jar;C:\Users\g_ste\.m2\repository\org\springframework\boot\spring-boot-starter-logging\3.4.2\spring-boot-starter-logging-3.4.2.jar;C:\Users\g_ste\.m2\repository\ch\qos\logback\logback-classic\1.5.16\logback-classic-1.5.16.jar;C:\Users\g_ste\.m2\repository\ch\qos\logback\logback-core\1.5.16\logback-core-1.5.16.jar;C:\Users\g_ste\.m2\repository\org\apache\logging\log4j\log4j-to-slf4j\2.24.3\log4j-to-slf4j-2.24.3.jar;C:\Users\g_ste\.m2\repository\org\apache\logging\log4j\log4j-api\2.24.3\log4j-api-2.24.3.jar;C:\Users\g_ste\.m2\repository\org\slf4j\jul-to-slf4j\2.0.16\jul-to-slf4j-2.0.16.jar;C:\Users\g_ste\.m2\repository\jakarta\annotation\jakarta.annotation-api\2.1.1\jakarta.annotation-api-2.1.1.jar;C:\Users\g_ste\.m2\repository\org\springframework\spring-core\6.2.2\spring-core-6.2.2.jar;C:\Users\g_ste\.m2\repository\org\springframework\spring-jcl\6.2.2\spring-jcl-6.2.2.jar;C:\Users\g_ste\.m2\repository\org\yaml\snakeyaml\2.3\snakeyaml-2.3.jar;C:\Users\g_ste\.m2\repository\org\springframework\boot\spring-boot-starter-data-jpa\3.4.2\spring-boot-starter-data-jpa-3.4.2.jar;C:\Users\g_ste\.m2\repository\org\springframework\boot\spring-boot-starter-jdbc\3.4.2\spring-boot-starter-jdbc-3.4.2.jar;C:\Users\g_ste\.m2\repository\com\zaxxer\HikariCP\5.1.0\HikariCP-5.1.0.jar;C:\Users\g_ste\.m2\repository\org\springframework\spring-jdbc\6.2.2\spring-jdbc-6.2.2.jar;C:\Users\g_ste\.m2\repository\org\hibernate\orm\hibernate-core\6.6.5.Final\hibernate-core-6.6.5.Final.jar;C:\Users\g_ste\.m2\repository\jakarta\persistence\jakarta.persistence-api\3.1.0\jakarta.persistence-api-3.1.0.jar;C:\Users\g_ste\.m2\repository\jakarta\transaction\jakarta.transaction-api\2.0.1\jakarta.transaction-api-2.0.1.jar;C:\Users\g_ste\.m2\repository\org\jboss\logging\jboss-logging\3.6.1.Final\jboss-logging-3.6.1.Final.jar;C:\Users\g_ste\.m2\repository\org\hibernate\common\hibernate-commons-annotations\7.0.3.Final\hibernate-commons-annotations-7.0.3.Final.jar;C:\Users\g_ste\.m2\repository\io\smallrye\jandex\3.2.0\jandex-3.2.0.jar;C:\Users\g_ste\.m2\repository\com\fasterxml\classmate\1.7.0\classmate-1.7.0.jar;C:\Users\g_ste\.m2\repository\org\glassfish\jaxb\jaxb-runtime\4.0.5\jaxb-runtime-4.0.5.jar;C:\Users\g_ste\.m2\repository\org\glassfish\jaxb\jaxb-core\4.0.5\jaxb-core-4.0.5.jar;C:\Users\g_ste\.m2\repository\org\eclipse\angus\angus-activation\2.0.2\angus-activation-2.0.2.jar;C:\Users\g_ste\.m2\repository\org\glassfish\jaxb\txw2\4.0.5\txw2-4.0.5.jar;C:\Users\g_ste\.m2\repository\com\sun\istack\istack-commons-runtime\4.1.2\istack-commons-runtime-4.1.2.jar;C:\Users\g_ste\.m2\repository\jakarta\inject\jakarta.inject-api\2.0.1\jakarta.inject-api-2.0.1.jar;C:\Users\g_ste\.m2\repository\org\antlr\antlr4-runtime\4.13.0\antlr4-runtime-4.13.0.jar;C:\Users\g_ste\.m2\repository\org\springframework\data\spring-data-jpa\3.4.2\spring-data-jpa-3.4.2.jar;C:\Users\g_ste\.m2\repository\org\springframework\data\spring-data-commons\3.4.2\spring-data-commons-3.4.2.jar;C:\Users\g_ste\.m2\repository\org\springframework\spring-orm\6.2.2\spring-orm-6.2.2.jar;C:\Users\g_ste\.m2\repository\org\springframework\spring-aop\6.2.2\spring-aop-6.2.2.jar;C:\Users\g_ste\.m2\repository\org\springframework\spring-tx\6.2.2\spring-tx-6.2.2.jar;C:\Users\g_ste\.m2\repository\org\springframework\spring-beans\6.2.2\spring-beans-6.2.2.jar;C:\Users\g_ste\.m2\repository\org\slf4j\slf4j-api\2.0.16\slf4j-api-2.0.16.jar;C:\Users\g_ste\.m2\repository\org\springframework\spring-aspects\6.2.2\spring-aspects-6.2.2.jar;C:\Users\g_ste\.m2\repository\org\aspectj\aspectjweaver\1.9.22.1\aspectjweaver-1.9.22.1.jar;C:\Users\g_ste\.m2\repository\org\springframework\boot\spring-boot-starter-validation\3.4.2\spring-boot-starter-validation-3.4.2.jar;C:\Users\g_ste\.m2\repository\org\apache\tomcat\embed\tomcat-embed-el\10.1.34\tomcat-embed-el-10.1.34.jar;C:\Users\g_ste\.m2\repository\org\hibernate\validator\hibernate-validator\8.0.2.Final\hibernate-validator-8.0.2.Final.jar;C:\Users\g_ste\.m2\repository\jakarta\validation\jakarta.validation-api\3.0.2\jakarta.validation-api-3.0.2.jar;C:\Users\g_ste\.m2\repository\jakarta\xml\bind\jakarta.xml.bind-api\4.0.2\jakarta.xml.bind-api-4.0.2.jar;C:\Users\g_ste\.m2\repository\jakarta\activation\jakarta.activation-api\2.1.3\jakarta.activation-api-2.1.3.jar;C:\Users\g_ste\.m2\repository\org\openjfx\javafx-controls\23.0.1\javafx-controls-23.0.1.jar;C:\Users\g_ste\.m2\repository\org\openjfx\javafx-controls\23.0.1\javafx-controls-23.0.1-win.jar;C:\Users\g_ste\.m2\repository\org\openjfx\javafx-graphics\23.0.1\javafx-graphics-23.0.1.jar;C:\Users\g_ste\.m2\repository\org\openjfx\javafx-graphics\23.0.1\javafx-graphics-23.0.1-win.jar;C:\Users\g_ste\.m2\repository\org\openjfx\javafx-base\23.0.1\javafx-base-23.0.1.jar;C:\Users\g_ste\.m2\repository\org\openjfx\javafx-base\23.0.1\javafx-base-23.0.1-win.jar;C:\Users\g_ste\.m2\repository\org\openjfx\javafx-fxml\23.0.2\javafx-fxml-23.0.2.jar;C:\Users\g_ste\.m2\repository\org\openjfx\javafx-fxml\23.0.2\javafx-fxml-23.0.2-win.jar;C:\Users\g_ste\.m2\repository\com\h2database\h2\2.3.232\h2-2.3.232.jar;C:\Users\g_ste\.m2\repository\net\bytebuddy\byte-buddy\1.15.11\byte-buddy-1.15.11.jar;C:\Users\g_ste\.m2\repository\org\springframework\boot\spring-boot-starter-web\3.4.2\spring-boot-starter-web-3.4.2.jar;C:\Users\g_ste\.m2\repository\org\springframework\boot\spring-boot-starter-json\3.4.2\spring-boot-starter-json-3.4.2.jar;C:\Users\g_ste\.m2\repository\com\fasterxml\jackson\core\jackson-databind\2.18.2\jackson-databind-2.18.2.jar;C:\Users\g_ste\.m2\repository\com\fasterxml\jackson\core\jackson-annotations\2.18.2\jackson-annotations-2.18.2.jar;C:\Users\g_ste\.m2\repository\com\fasterxml\jackson\core\jackson-core\2.18.2\jackson-core-2.18.2.jar;C:\Users\g_ste\.m2\repository\com\fasterxml\jackson\datatype\jackson-datatype-jdk8\2.18.2\jackson-datatype-jdk8-2.18.2.jar;C:\Users\g_ste\.m2\repository\com\fasterxml\jackson\datatype\jackson-datatype-jsr310\2.18.2\jackson-datatype-jsr310-2.18.2.jar;C:\Users\g_ste\.m2\repository\com\fasterxml\jackson\module\jackson-module-parameter-names\2.18.2\jackson-module-parameter-names-2.18.2.jar;C:\Users\g_ste\.m2\repository\org\springframework\boot\spring-boot-starter-tomcat\3.4.2\spring-boot-starter-tomcat-3.4.2.jar;C:\Users\g_ste\.m2\repository\org\apache\tomcat\embed\tomcat-embed-core\10.1.34\tomcat-embed-core-10.1.34.jar;C:\Users\g_ste\.m2\repository\org\apache\tomcat\embed\tomcat-embed-websocket\10.1.34\tomcat-embed-websocket-10.1.34.jar;C:\Users\g_ste\.m2\repository\org\springframework\spring-web\6.2.2\spring-web-6.2.2.jar;C:\Users\g_ste\.m2\repository\io\micrometer\micrometer-observation\1.14.3\micrometer-observation-1.14.3.jar;C:\Users\g_ste\.m2\repository\io\micrometer\micrometer-commons\1.14.3\micrometer-commons-1.14.3.jar;C:\Users\g_ste\.m2\repository\org\springframework\spring-webmvc\6.2.2\spring-webmvc-6.2.2.jar;C:\Users\g_ste\.m2\repository\org\springframework\spring-expression\6.2.2\spring-expression-6.2.2.jar;C:\Users\g_ste\.m2\repository\org\mindrot\jbcrypt\0.4\jbcrypt-0.4.jar
Launcher Type: SUN_STANDARD

[Global flags]
     intx CICompilerCount                          = 4                                         {product} {ergonomic}
     uint ConcGCThreads                            = 3                                         {product} {ergonomic}
     uint G1ConcRefinementThreads                  = 10                                        {product} {ergonomic}
   size_t G1HeapRegionSize                         = 2097152                                   {product} {ergonomic}
   size_t InitialHeapSize                          = 257949696                                 {product} {ergonomic}
   size_t MarkStackSize                            = 4194304                                   {product} {ergonomic}
   size_t MarkStackSizeMax                         = 536870912                                 {product} {ergonomic}
   size_t MaxHeapSize                              = 4118806528                                {product} {ergonomic}
   size_t MaxNewSize                               = 2470445056                                {product} {ergonomic}
   size_t MinHeapDeltaBytes                        = 2097152                                   {product} {ergonomic}
   size_t MinHeapSize                              = 8388608                                   {product} {ergonomic}
    uintx NonNMethodCodeHeapSize                   = 5832704                                {pd product} {ergonomic}
    uintx NonProfiledCodeHeapSize                  = 122945536                              {pd product} {ergonomic}
    uintx ProfiledCodeHeapSize                     = 122880000                              {pd product} {ergonomic}
    uintx ReservedCodeCacheSize                    = 251658240                              {pd product} {ergonomic}
     bool SegmentedCodeCache                       = true                                      {product} {ergonomic}
   size_t SoftMaxHeapSize                          = 4118806528                             {manageable} {ergonomic}
     bool UseCompressedOops                        = true                           {product lp64_product} {ergonomic}
     bool UseG1GC                                  = true                                      {product} {ergonomic}
     bool UseLargePagesIndividualAllocation        = false                                  {pd product} {ergonomic}

Logging:
Log output configuration:
 #0: stdout all=off uptime,level,tags foldmultilines=false
 #1: stderr all=off uptime,level,tags foldmultilines=false

Environment Variables:
JAVA_HOME="C:\Program Files\Eclipse Adoptium\jdk-11.0.26.4-hotspot"
PATH=C:\Program Files\Eclipse Adoptium\jdk-11.0.26.4-hotspot\bin;C:\app\g_ste\product\21c\dbhomeXE\bin;C:\windows\system32;C:\windows;C:\windows\System32\Wbem;C:\windows\System32\WindowsPowerShell\v1.0\;C:\windows\System32\OpenSSH\;C:\Program Files (x86)\NVIDIA Corporation\PhysX\Common;C:\Program Files\NVIDIA Corporation\NVIDIA NvDLISR;C:\Program Files\HP\HP One Agent;C:\Program Files\Git\cmd;C:\Program Files (x86)\Microsoft SQL Server\160\Tools\Binn\;C:\Program Files\Microsoft SQL Server\160\Tools\Binn\;C:\Program Files\Microsoft SQL Server\Client SDK\ODBC\170\Tools\Binn\;C:\Program Files\Microsoft SQL Server\160\DTS\Binn\;C:\Program Files\PuTTY\;C:\Users\g_ste\.jdks\openjdk-23.0.1\bin;C:\Program Files\Apache\Maven\bin;C:\WINDOWS\system32;C:\WINDOWS;C:\WINDOWS\System32\Wbem;C:\WINDOWS\System32\WindowsPowerShell\v1.0\;C:\WINDOWS\System32\OpenSSH\;JAVA_HOME;C:\Users\g_ste\AppData\Local\Programs\Python\Python312\Scripts\;C:\Users\g_ste\AppData\Local\Programs\Python\Python312\;C:\Users\g_ste\AppData\Local\Programs\Python\Launcher\;C:\Users\g_ste\AppData\Local\Microsoft\WindowsApps;C:\Program Files\JetBrains\IntelliJ IDEA Community Edition 2024.2.1\bin;;LIEN VERS PYTHON;C:\Program Files\Git\bin;C:\Users\g_ste\AppData\Local\Programs\Microsoft VS Code\bin;C:\Users\g_ste\mysys64;C:\msys64\ucrt64\bin;C:\Program Files\Oracle\instantclient_sqlplus\instantclient_23_6;C:\Users\g_ste\.jdks\openjdk-23.0.1;
USERNAME=g_ste
OS=Windows_NT
PROCESSOR_IDENTIFIER=AMD64 Family 25 Model 80 Stepping 0, AuthenticAMD
TMP=C:\Users\g_ste\AppData\Local\Temp
TEMP=C:\Users\g_ste\AppData\Local\Temp




Periodic native trim disabled

---------------  S Y S T E M  ---------------

OS:
 Windows 11 , 64 bit Build 26100 (10.0.26100.3912)
OS uptime: 3 days 3:43 hours
Hyper-V role detected

CPU: total 12 (initial active 12) (12 cores per cpu, 2 threads per core) family 25 model 80 stepping 0 microcode 0xa50000d, cx8, cmov, fxsr, ht, mmx, 3dnowpref, sse, sse2, sse3, ssse3, sse4a, sse4.1, sse4.2, popcnt, lzcnt, tsc, tscinvbit, avx, avx2, aes, erms, clmul, bmi1, bmi2, adx, sha, fma, vzeroupper, clflush, clflushopt, hv, rdtscp, rdpid, fsrm, f16c, cet_ss
Processor Information for processor 0
  Max Mhz: 3301, Current Mhz: 1805, Mhz Limit: 3301
Processor Information for processor 1
  Max Mhz: 3301, Current Mhz: 3301, Mhz Limit: 3301
Processor Information for processor 2
  Max Mhz: 3301, Current Mhz: 3301, Mhz Limit: 3301
Processor Information for processor 3
  Max Mhz: 3301, Current Mhz: 3301, Mhz Limit: 3301
Processor Information for processor 4
  Max Mhz: 3301, Current Mhz: 1805, Mhz Limit: 3301
Processor Information for processor 5
  Max Mhz: 3301, Current Mhz: 1805, Mhz Limit: 3301
Processor Information for processor 6
  Max Mhz: 3301, Current Mhz: 1805, Mhz Limit: 3301
Processor Information for processor 7
  Max Mhz: 3301, Current Mhz: 1805, Mhz Limit: 3301
Processor Information for processor 8
  Max Mhz: 3301, Current Mhz: 1805, Mhz Limit: 3301
Processor Information for processor 9
  Max Mhz: 3301, Current Mhz: 1805, Mhz Limit: 3301
Processor Information for processor 10
  Max Mhz: 3301, Current Mhz: 1805, Mhz Limit: 3301
Processor Information for processor 11
  Max Mhz: 3301, Current Mhz: 1805, Mhz Limit: 3301

Memory: 4k page, system-wide physical 15711M (2941M free)
TotalPageFile size 24415M (AvailPageFile size 4321M)
current process WorkingSet (physical memory assigned to process): 425M, peak: 445M
current process commit charge ("private bytes"): 488M, peak: 549M

vm_info: OpenJDK 64-Bit Server VM (23.0.1+11-39) for windows-amd64 JRE (23.0.1+11-39), built on 2024-09-30T07:20:43Z with MS VC++ 17.6 (VS2022)

END.
