#
# A fatal error has been detected by the Java Runtime Environment:
#
#  EXCEPTION_ACCESS_VIOLATION (0xc0000005) at pc=0x00007ff81e348427, pid=356, tid=17452
#
# JRE version: OpenJDK Runtime Environment (23.0.1+11) (build 23.0.1+11-39)
# Java VM: OpenJDK 64-Bit Server VM (23.0.1+11-39, mixed mode, sharing, tiered, compressed oops, compressed class ptrs, g1 gc, windows-amd64)
# Problematic frame:
# C  [glass.dll+0x28427]
#
# No core dump will be written. Minidumps are not enabled by default on client versions of Windows
#
# If you would like to submit a bug report, please visit:
#   https://bugreport.java.com/bugreport/crash.jsp
#

---------------  S U M M A R Y ------------

Command Line: -javaagent:C:\Program Files\JetBrains\IntelliJ IDEA Community Edition 2024.2.1\lib\idea_rt.jar=55588:C:\Program Files\JetBrains\IntelliJ IDEA Community Edition 2024.2.1\bin -Dfile.encoding=UTF-8 -Dsun.stdout.encoding=UTF-8 -Dsun.stderr.encoding=UTF-8 com.JESIKOM.HowManager.HowManagerApplication

Host: AMD Ryzen 5 5600H with Radeon Graphics         , 12 cores, 15G,  Windows 11 , 64 bit Build 26100 (10.0.26100.3323)
Time: Thu Mar 20 23:20:44 2025 Paris, Madrid elapsed time: 69.533822 seconds (0d 0h 1m 9s)

---------------  T H R E A D  ---------------

Current thread (0x000001cb3c7e4d20):  VMThread "VM Thread"          [id=17452, stack(0x0000009126300000,0x0000009126400000) (1024K)]

Stack: [0x0000009126300000,0x0000009126400000],  sp=0x00000091263ff050,  free space=1020k
Native frames: (J=compiled Java code, j=interpreted, Vv=VM code, C=native code)
C  [glass.dll+0x28427]  (no source info available)
C  [ucrtbase.dll+0x4bc75]  (no source info available)
C  [ucrtbase.dll+0x4b897]  (no source info available)
C  [ucrtbase.dll+0x4b84d]  (no source info available)
C  [glass.dll+0x25bbd]  (no source info available)
C  [glass.dll+0x25ce2]  (no source info available)
C  [ntdll.dll+0x12080]  (no source info available)
C  [ntdll.dll+0xbcf60]  (no source info available)
C  [ntdll.dll+0xbc124]  (no source info available)
C  [KERNEL32.DLL+0x418ab]  (no source info available)
C  [ucrtbase.dll+0xa0143]  (no source info available)
V  [jvm.dll+0x6d990c]  (no source info available)
V  [jvm.dll+0x6d9440]  (no source info available)
V  [jvm.dll+0x3da534]  (no source info available)
V  [jvm.dll+0x886720]  (no source info available)
V  [jvm.dll+0x887a47]  (no source info available)
V  [jvm.dll+0x887f78]  (no source info available)
V  [jvm.dll+0x888213]  (no source info available)
V  [jvm.dll+0x824f8b]  (no source info available)
V  [jvm.dll+0x6df065]  (no source info available)
C  [ucrtbase.dll+0x37b0]  (no source info available)
C  [KERNEL32.DLL+0x2e8d7]  (no source info available)
C  [ntdll.dll+0xbbf6c]  (no source info available)


siginfo: EXCEPTION_ACCESS_VIOLATION (0xc0000005), reading address 0x0000000000000000


Registers:
RAX=0x0000000000000000, RBX=0x000001cb3c7f1e22, RCX=0x000001cb3c7e4d20, RDX=0x00000091263ff050
RSP=0x00000091263ff050, RBP=0x0000f07b7f001d3d, RSI=0x000001cb07471048, RDI=0x000001cb07471020
R8 =0x0000000000010002, R9 =0x0000f07b7f001d3d, R10=0x000001cb1abf0000, R11=0x000001cb7ecfcee0
R12=0x0000000000000001, R13=0x000000007ffe0385, R14=0x00000091263ff158, R15=0x000001cb07471020
RIP=0x00007ff81e348427, EFLAGS=0x0000000000010206


Register to memory mapping:

RAX=0x0 is null
RBX=0x000001cb3c7f1e22 is a global jni handle
RCX=0x000001cb3c7e4d20 points into unknown readable memory: 0x00007ffff727f688 | 88 f6 27 f7 ff 7f 00 00
RDX=0x00000091263ff050 points into unknown readable memory: 0x0000000000000000 | 00 00 00 00 00 00 00 00
RSP=0x00000091263ff050 points into unknown readable memory: 0x0000000000000000 | 00 00 00 00 00 00 00 00
RBP=0x0000f07b7f001d3d is an unknown value
RSI=0x000001cb07471048 points into unknown readable memory: 0x0000f07b7f001d3d | 3d 1d 00 7f 7b f0 00 00
RDI=0x000001cb07471020 points into unknown readable memory: 0x0000ff847cc69634 | 34 96 c6 7c 84 ff 00 00
R8 =0x0000000000010002 is an unknown value
R9 =0x0000f07b7f001d3d is an unknown value
R10=0x000001cb1abf0000 points into unknown readable memory: 0x0000000000000000 | 00 00 00 00 00 00 00 00
R11=0x000001cb7ecfcee0 points into unknown readable memory: 0x000001cb07247db0 | b0 7d 24 07 cb 01 00 00
R12=0x0000000000000001 is an unknown value
R13=0x000000007ffe0385 points into unknown readable memory: 00 00 00
R14=0x00000091263ff158 points into unknown readable memory: 0x00000091263ff140 | 40 f1 3f 26 91 00 00 00
R15=0x000001cb07471020 points into unknown readable memory: 0x0000ff847cc69634 | 34 96 c6 7c 84 ff 00 00

Top of Stack: (sp=0x00000091263ff050)
0x00000091263ff050:   0000000000000000 000001cb00000000
0x00000091263ff060:   000001cb066576b0 0000000000000001
0x00000091263ff070:   000001cb07471028 00007ff8c3b3bc75
0x00000091263ff080:   000001cb07471020 000001cb00000000
0x00000091263ff090:   000001cb07471040 0000f07b7f001d3d
0x00000091263ff0a0:   fffffffffffffffe 00000091263ff128
0x00000091263ff0b0:   00007ff81e320000 00007ff81e320000
0x00000091263ff0c0:   00000091263ff148 00007ff8c3b3b897
0x00000091263ff0d0:   00000091263ff100 00000091263ff158
0x00000091263ff0e0:   00000091263ff680 00007ff8c3c298c0
0x00000091263ff0f0:   0000000000000001 00007ff8c3b3b84d
0x00000091263ff100:   0000000000000000 0000000000000001
0x00000091263ff110:   0000000000000001 00000091263ff148
0x00000091263ff120:   fffffffffffffffe 000000007ffe0384
0x00000091263ff130:   0000000000000000 00007ff81e345bbd
0x00000091263ff140:   00007ff81e35d078 00007ff800000002
0x00000091263ff150:   00007ff800000002 00000091263ff140
0x00000091263ff160:   0000000000000000 000036e8d93cd10e
0x00000091263ff170:   0000000000000000 00007ff81e345ce2
0x00000091263ff180:   0000000000000001 000000007ffe0384
0x00000091263ff190:   000000007ffe0384 0000000000000001
0x00000091263ff1a0:   0000000000000001 0000000000000000
0x00000091263ff1b0:   0000000000000001 00000000000000bc
0x00000091263ff1c0:   0000000000000000 0000000000000001
0x00000091263ff1d0:   00007ff81e345d30 00007ff8c6612080
0x00000091263ff1e0:   00007ff81e320000 00007ff800000000
0x00000091263ff1f0:   0000000000000001 000000007ffe0384
0x00000091263ff200:   000000000000008d 0000000000000000
0x00000091263ff210:   0000000000000000 0000000000000000
0x00000091263ff220:   00007ff81e320000 fffffe7d00000000
0x00000091263ff230:   00000000000000ba 0000000000000000
0x00000091263ff240:   0000000000000000 000001cb1af766a0 

Instructions: (pc=0x00007ff81e348427)
0x00007ff81e348327:   8b 4d 58 e8 49 cf ff ff 48 8b 4d 60 e8 40 cf ff
0x00007ff81e348337:   ff 48 8b 95 80 00 00 00 48 8b 8d 18 01 00 00 e8
0x00007ff81e348347:   26 c5 ff ff 33 d2 33 c9 e8 8c e1 ff ff 90 48 89
0x00007ff81e348357:   54 24 10 55 48 83 ec 20 48 8b ea 48 b8 00 00 00
0x00007ff81e348367:   00 00 00 00 00 48 83 c4 20 5d c3 cc 40 55 48 8b
0x00007ff81e348377:   ea 48 8b 01 33 c9 81 38 05 00 00 c0 0f 94 c1 8b
0x00007ff81e348387:   c1 5d c3 cc 40 55 48 83 ec 20 48 8b ea 8a 4d 40
0x00007ff81e348397:   48 83 c4 20 5d e9 33 d3 ff ff cc 40 55 48 83 ec
0x00007ff81e3483a7:   20 48 8b ea 8a 4d 20 e8 21 d3 ff ff 90 48 83 c4
0x00007ff81e3483b7:   20 5d c3 cc 40 55 48 83 ec 20 48 8b ea 48 83 c4
0x00007ff81e3483c7:   20 5d e9 82 d1 ff ff cc 40 55 48 83 ec 30 48 8b
0x00007ff81e3483d7:   ea 48 8b 01 8b 10 48 89 4c 24 28 89 54 24 20 4c
0x00007ff81e3483e7:   8d 0d 23 d6 ff ff 4c 8b 45 70 8b 55 68 48 8b 4d
0x00007ff81e3483f7:   60 e8 c3 d0 ff ff 90 48 83 c4 30 5d c3 cc cc cc
0x00007ff81e348407:   cc cc cc cc cc cc cc cc cc 40 53 48 83 ec 20 48
0x00007ff81e348417:   8b 1d 1b 46 01 00 48 85 db 74 16 e8 59 90 ff ff
0x00007ff81e348427:   4c 8b 00 48 8b d3 48 8b c8 41 ff 90 b0 00 00 00
0x00007ff81e348437:   90 48 83 c4 20 5b c3 cc cc 40 53 48 83 ec 20 48
0x00007ff81e348447:   8b 1d 5b 47 01 00 48 85 db 74 57 b8 ff ff ff ff
0x00007ff81e348457:   f0 0f c1 43 10 83 f8 01 75 3d 48 85 db 74 38 48
0x00007ff81e348467:   8b 0b 48 85 c9 74 0d ff 15 3c 0e 00 00 48 c7 03
0x00007ff81e348477:   00 00 00 00 48 8b 4b 08 48 85 c9 74 0d e8 ef cd
0x00007ff81e348487:   ff ff 48 c7 43 08 00 00 00 00 ba 18 00 00 00 48
0x00007ff81e348497:   8b cb e8 da cd ff ff 48 c7 05 ff 46 01 00 00 00
0x00007ff81e3484a7:   00 00 48 83 c4 20 5b c3 cc 40 53 48 83 ec 20 48
0x00007ff81e3484b7:   8b 1d cb 46 01 00 48 85 db 74 57 b8 ff ff ff ff
0x00007ff81e3484c7:   f0 0f c1 43 10 83 f8 01 75 3d 48 85 db 74 38 48
0x00007ff81e3484d7:   8b 0b 48 85 c9 74 0d ff 15 cc 0d 00 00 48 c7 03
0x00007ff81e3484e7:   00 00 00 00 48 8b 4b 08 48 85 c9 74 0d e8 7f cd
0x00007ff81e3484f7:   ff ff 48 c7 43 08 00 00 00 00 ba 18 00 00 00 48
0x00007ff81e348507:   8b cb e8 6a cd ff ff 48 c7 05 6f 46 01 00 00 00
0x00007ff81e348517:   00 00 48 83 c4 20 5b c3 cc 40 53 48 83 ec 20 48 


Stack slot to memory mapping:

stack at sp + 0 slots: 0x0 is null
stack at sp + 1 slots: 0x000001cb00000000 is pointing into metadata
stack at sp + 2 slots: 0x000001cb066576b0 points into unknown readable memory: 0x000001cb06657d40 | 40 7d 65 06 cb 01 00 00
stack at sp + 3 slots: 0x0000000000000001 is an unknown value
stack at sp + 4 slots: 0x000001cb07471028 points into unknown readable memory: 0x0000f07b7f001d3d | 3d 1d 00 7f 7b f0 00 00
stack at sp + 5 slots: 0x00007ff8c3b3bc75 ucrtbase.dll
stack at sp + 6 slots: 0x000001cb07471020 points into unknown readable memory: 0x0000ff847cc69634 | 34 96 c6 7c 84 ff 00 00
stack at sp + 7 slots: 0x000001cb00000000 is pointing into metadata

VM_Operation (0x00000091259ff280): Exit, mode: safepoint, requested by thread 0x000001cb06085a90


---------------  P R O C E S S  ---------------

Threads class SMR info:
_java_thread_list=0x000001cb064d97c0, length=19, elements={
0x000001cb1ad9cb00, 0x000001cb3c7fbd40, 0x000001cb3c800bb0, 0x000001cb3c8049c0,
0x000001cb3c806430, 0x000001cb3c813030, 0x000001cb3c826590, 0x000001cb3c827040,
0x000001cb3c90dd60, 0x000001cb3cafc6d0, 0x000001cb7e0dd590, 0x000001cb061e6f60,
0x000001cb061e8310, 0x000001cb061e7c80, 0x000001cb061e89a0, 0x000001cb060846e0,
0x000001cb060874d0, 0x000001cb060867b0, 0x000001cb06085a90
}

Java Threads: ( => current thread )
  0x000001cb1ad9cb00 JavaThread "main"                              [_thread_blocked, id=14172, stack(0x0000009125c00000,0x0000009125d00000) (1024K)]
  0x000001cb3c7fbd40 JavaThread "Reference Handler"          daemon [_thread_blocked, id=8644, stack(0x0000009126400000,0x0000009126500000) (1024K)]
  0x000001cb3c800bb0 JavaThread "Finalizer"                  daemon [_thread_blocked, id=6456, stack(0x0000009126500000,0x0000009126600000) (1024K)]
  0x000001cb3c8049c0 JavaThread "Attach Listener"            daemon [_thread_blocked, id=1656, stack(0x0000009126700000,0x0000009126800000) (1024K)]
  0x000001cb3c806430 JavaThread "Service Thread"             daemon [_thread_blocked, id=11556, stack(0x0000009126800000,0x0000009126900000) (1024K)]
  0x000001cb3c813030 JavaThread "Monitor Deflation Thread"   daemon [_thread_blocked, id=13004, stack(0x0000009126900000,0x0000009126a00000) (1024K)]
  0x000001cb3c826590 JavaThread "C2 CompilerThread0"         daemon [_thread_blocked, id=19212, stack(0x0000009126a00000,0x0000009126b00000) (1024K)]
  0x000001cb3c827040 JavaThread "C1 CompilerThread0"         daemon [_thread_blocked, id=6944, stack(0x0000009126b00000,0x0000009126c00000) (1024K)]
  0x000001cb3c90dd60 JavaThread "Common-Cleaner"             daemon [_thread_blocked, id=4704, stack(0x0000009126c00000,0x0000009126d00000) (1024K)]
  0x000001cb3cafc6d0 JavaThread "Monitor Ctrl-Break"         daemon [_thread_in_native, id=10436, stack(0x0000009126e00000,0x0000009126f00000) (1024K)]
  0x000001cb7e0dd590 JavaThread "Notification Thread"        daemon [_thread_blocked, id=2240, stack(0x0000009126f00000,0x0000009127000000) (1024K)]
  0x000001cb061e6f60 JavaThread "JavaFX-Launcher"                   [_thread_blocked, id=17192, stack(0x0000009127e00000,0x0000009127f00000) (1024K)]
  0x000001cb061e8310 JavaThread "QuantumRenderer-0"          daemon [_thread_blocked, id=15032, stack(0x0000009127f00000,0x0000009128000000) (1024K)]
  0x000001cb061e7c80 JavaThread "InvokeLaterDispatcher"      daemon [_thread_blocked, id=7056, stack(0x0000009128200000,0x0000009128300000) (1024K)]
  0x000001cb061e89a0 JavaThread "JavaFX Application Thread"         [_thread_in_native, id=5224, stack(0x0000009128300000,0x0000009128400000) (1024K)]
  0x000001cb060846e0 JavaThread "Thread-3"                   daemon [_thread_in_native, id=21528, stack(0x0000009128c00000,0x0000009128d00000) (1024K)]
  0x000001cb060874d0 JavaThread "Prism Font Disposer"        daemon [_thread_blocked, id=22104, stack(0x0000009128e00000,0x0000009128f00000) (1024K)]
  0x000001cb060867b0 JavaThread "Cleaner-0"                  daemon [_thread_blocked, id=16484, stack(0x0000009128f00000,0x0000009129000000) (1024K)]
  0x000001cb06085a90 JavaThread "SIGINT handler"             daemon [_thread_blocked, id=9628, stack(0x0000009125900000,0x0000009125a00000) (1024K)]
Total: 19

Other Threads:
=>0x000001cb3c7e4d20 VMThread "VM Thread"                           [id=17452, stack(0x0000009126300000,0x0000009126400000) (1024K)]
  0x000001cb1d128f00 WorkerThread "GC Thread#0"                     [id=21348, stack(0x0000009125d00000,0x0000009125e00000) (1024K)]
  0x000001cb7e83fdc0 WorkerThread "GC Thread#1"                     [id=4168, stack(0x0000009127000000,0x0000009127100000) (1024K)]
  0x000001cb7e965950 WorkerThread "GC Thread#2"                     [id=3400, stack(0x0000009127100000,0x0000009127200000) (1024K)]
  0x000001cb7e965d00 WorkerThread "GC Thread#3"                     [id=10008, stack(0x0000009127200000,0x0000009127300000) (1024K)]
  0x000001cb7e9660b0 WorkerThread "GC Thread#4"                     [id=20260, stack(0x0000009127300000,0x0000009127400000) (1024K)]
  0x000001cb7e9859d0 WorkerThread "GC Thread#5"                     [id=12808, stack(0x0000009127400000,0x0000009127500000) (1024K)]
  0x000001cb7e986190 WorkerThread "GC Thread#6"                     [id=19008, stack(0x0000009127500000,0x0000009127600000) (1024K)]
  0x000001cb7e9f3fc0 WorkerThread "GC Thread#7"                     [id=9492, stack(0x0000009127700000,0x0000009127800000) (1024K)]
  0x000001cb7e9f4ad0 WorkerThread "GC Thread#8"                     [id=2788, stack(0x0000009127800000,0x0000009127900000) (1024K)]
  0x000001cb0587b560 WorkerThread "GC Thread#9"                     [id=6804, stack(0x0000009127600000,0x0000009127700000) (1024K)]
  0x000001cb1d13e640 ConcurrentGCThread "G1 Main Marker"            terminated
  0x000001cb1d140f20 WorkerThread "G1 Conc#0"                       [id=17880, stack(0x0000009125f00000,0x0000009126000000) (1024K)]
  0x000001cb0587b1b0 WorkerThread "G1 Conc#1"                       [id=7656, stack(0x0000009127a00000,0x0000009127b00000) (1024K)]
  0x000001cb0587b910 WorkerThread "G1 Conc#2"                       [id=21408, stack(0x0000009127b00000,0x0000009127c00000) (1024K)]
  0x000001cb3c6a2350 ConcurrentGCThread "G1 Refine#0"               terminated
  0x000001cb3c6a4b90 ConcurrentGCThread "G1 Service"                terminated
Total: 17

Threads with active compile tasks:
C2 CompilerThread0  69771 7654       4       java.util.concurrent.CopyOnWriteArrayList$COWIterator::next (32 bytes)
C1 CompilerThread0  69771 7653       3       ch.qos.logback.classic.Logger::detachAndStopAllAppenders (15 bytes)
Total: 2

VM state: at safepoint (shutting down)

VM Mutex/Monitor currently owned by a thread:  ([mutex/lock_event])
[0x00007ffff7453910] Threads_lock - owner thread: 0x000001cb3c7e4d20
[0x00007ffff7453a10] Heap_lock - owner thread: 0x000001cb06085a90

Heap address: 0x000000070a800000, size: 3928 MB, Compressed Oops mode: Zero based, Oop shift amount: 3

CDS archive(s) mapped at: [0x000001cb3d000000-0x000001cb3dd70000-0x000001cb3dd70000), size 14090240, SharedBaseAddress: 0x000001cb3d000000, ArchiveRelocationMode: 1.
Compressed class space mapped at: 0x000001cb3e000000-0x000001cb7e000000, reserved size: 1073741824
Narrow klass base: 0x000001cb3d000000, Narrow klass shift: 0, Narrow klass range: 0x41000000

GC Precious Log:
 CardTable entry size: 512
 Card Set container configuration: InlinePtr #cards 4 size 8 Array Of Cards #cards 16 size 48 Howl #buckets 8 coarsen threshold 3686 Howl Bitmap #cards 512 size 80 coarsen threshold 460 Card regions per heap region 1 cards per card region 4096
 CPUs: 12 total, 12 available
 Memory: 15711M
 Large Page Support: Disabled
 NUMA Support: Disabled
 Compressed Oops: Enabled (Zero based)
 Heap Region Size: 2M
 Heap Min Capacity: 8M
 Heap Initial Capacity: 246M
 Heap Max Capacity: 3928M
 Pre-touch: Disabled
 Parallel Workers: 10
 Concurrent Workers: 3
 Concurrent Refinement Workers: 10
 Periodic GC: Disabled

Heap:
 garbage-first heap   total reserved 4022272K, committed 124928K, used 67873K [0x000000070a800000, 0x0000000800000000)
  region size 2048K, 6 young (12288K), 4 survivors (8192K)
 Metaspace       used 67978K, committed 68608K, reserved 1114112K
  class space    used 10026K, committed 10304K, reserved 1048576K

Heap Regions: E=young(eden), S=young(survivor), O=old, HS=humongous(starts), HC=humongous(continues), CS=collection set, F=free, TAMS=top-at-mark-start, PB=parsable bottom
|   0|0x000000070a800000, 0x000000070aa00000, 0x000000070aa00000|100%| O|  |TAMS 0x000000070a800000| PB 0x000000070a800000| Untracked |  0
|   1|0x000000070aa00000, 0x000000070ac00000, 0x000000070ac00000|100%| O|  |TAMS 0x000000070aa00000| PB 0x000000070aa00000| Untracked |  0
|   2|0x000000070ac00000, 0x000000070ae00000, 0x000000070ae00000|100%| O|  |TAMS 0x000000070ac00000| PB 0x000000070ac00000| Untracked |  0
|   3|0x000000070ae00000, 0x000000070ae9cf48, 0x000000070b000000| 30%| O|  |TAMS 0x000000070ae00000| PB 0x000000070ae00000| Untracked |  0
|   4|0x000000070b000000, 0x000000070b200000, 0x000000070b200000|100%| O|  |TAMS 0x000000070b000000| PB 0x000000070b000000| Untracked |  0
|   5|0x000000070b200000, 0x000000070b400000, 0x000000070b400000|100%| O|  |TAMS 0x000000070b200000| PB 0x000000070b200000| Untracked |  0
|   6|0x000000070b400000, 0x000000070b600000, 0x000000070b600000|100%| O|Cm|TAMS 0x000000070b400000| PB 0x000000070b400000| Complete |  0
|   7|0x000000070b600000, 0x000000070b800000, 0x000000070b800000|100%| O|  |TAMS 0x000000070b600000| PB 0x000000070b600000| Untracked |  0
|   8|0x000000070b800000, 0x000000070ba00000, 0x000000070ba00000|100%| O|  |TAMS 0x000000070b800000| PB 0x000000070b800000| Untracked |  0
|   9|0x000000070ba00000, 0x000000070bc00000, 0x000000070bc00000|100%|HS|  |TAMS 0x000000070ba00000| PB 0x000000070ba00000| Complete |  0
|  10|0x000000070bc00000, 0x000000070be00000, 0x000000070be00000|100%|HS|  |TAMS 0x000000070bc00000| PB 0x000000070bc00000| Complete |  0
|  11|0x000000070be00000, 0x000000070c000000, 0x000000070c000000|100%|HC|  |TAMS 0x000000070be00000| PB 0x000000070be00000| Complete |  0
|  12|0x000000070c000000, 0x000000070c200000, 0x000000070c200000|100%|HC|  |TAMS 0x000000070c000000| PB 0x000000070c000000| Complete |  0
|  13|0x000000070c200000, 0x000000070c400000, 0x000000070c400000|100%|HS|  |TAMS 0x000000070c200000| PB 0x000000070c200000| Complete |  0
|  14|0x000000070c400000, 0x000000070c600000, 0x000000070c600000|100%|HC|  |TAMS 0x000000070c400000| PB 0x000000070c400000| Complete |  0
|  15|0x000000070c600000, 0x000000070c800000, 0x000000070c800000|100%|HC|  |TAMS 0x000000070c600000| PB 0x000000070c600000| Complete |  0
|  16|0x000000070c800000, 0x000000070ca00000, 0x000000070ca00000|100%| O|  |TAMS 0x000000070c800000| PB 0x000000070c800000| Untracked |  0
|  17|0x000000070ca00000, 0x000000070cc00000, 0x000000070cc00000|100%| S|CS|TAMS 0x000000070ca00000| PB 0x000000070ca00000| Complete |  0
|  18|0x000000070cc00000, 0x000000070ce00000, 0x000000070ce00000|100%| S|CS|TAMS 0x000000070cc00000| PB 0x000000070cc00000| Complete |  0
|  19|0x000000070ce00000, 0x000000070ce00000, 0x000000070d000000|  0%| F|  |TAMS 0x000000070ce00000| PB 0x000000070ce00000| Untracked |  0
|  20|0x000000070d000000, 0x000000070d000000, 0x000000070d200000|  0%| F|  |TAMS 0x000000070d000000| PB 0x000000070d000000| Untracked |  0
|  21|0x000000070d200000, 0x000000070d200000, 0x000000070d400000|  0%| F|  |TAMS 0x000000070d200000| PB 0x000000070d200000| Untracked |  0
|  22|0x000000070d400000, 0x000000070d400000, 0x000000070d600000|  0%| F|  |TAMS 0x000000070d400000| PB 0x000000070d400000| Untracked |  0
|  23|0x000000070d600000, 0x000000070d600000, 0x000000070d800000|  0%| F|  |TAMS 0x000000070d600000| PB 0x000000070d600000| Untracked |  0
|  24|0x000000070d800000, 0x000000070d800000, 0x000000070da00000|  0%| F|  |TAMS 0x000000070d800000| PB 0x000000070d800000| Untracked |  0
|  25|0x000000070da00000, 0x000000070da00000, 0x000000070dc00000|  0%| F|  |TAMS 0x000000070da00000| PB 0x000000070da00000| Untracked |  0
|  26|0x000000070dc00000, 0x000000070dc00000, 0x000000070de00000|  0%| F|  |TAMS 0x000000070dc00000| PB 0x000000070dc00000| Untracked |  0
|  27|0x000000070de00000, 0x000000070de00000, 0x000000070e000000|  0%| F|  |TAMS 0x000000070de00000| PB 0x000000070de00000| Untracked |  0
|  28|0x000000070e000000, 0x000000070e000000, 0x000000070e200000|  0%| F|  |TAMS 0x000000070e000000| PB 0x000000070e000000| Untracked |  0
|  29|0x000000070e200000, 0x000000070e200000, 0x000000070e400000|  0%| F|  |TAMS 0x000000070e200000| PB 0x000000070e200000| Untracked |  0
|  30|0x000000070e400000, 0x000000070e400000, 0x000000070e600000|  0%| F|  |TAMS 0x000000070e400000| PB 0x000000070e400000| Untracked |  0
|  31|0x000000070e600000, 0x000000070e600000, 0x000000070e800000|  0%| F|  |TAMS 0x000000070e600000| PB 0x000000070e600000| Untracked |  0
|  32|0x000000070e800000, 0x000000070e800000, 0x000000070ea00000|  0%| F|  |TAMS 0x000000070e800000| PB 0x000000070e800000| Untracked |  0
|  33|0x000000070ea00000, 0x000000070ea00000, 0x000000070ec00000|  0%| F|  |TAMS 0x000000070ea00000| PB 0x000000070ea00000| Untracked |  0
|  34|0x000000070ec00000, 0x000000070ec00000, 0x000000070ee00000|  0%| F|  |TAMS 0x000000070ec00000| PB 0x000000070ec00000| Untracked |  0
|  35|0x000000070ee00000, 0x000000070ee00000, 0x000000070f000000|  0%| F|  |TAMS 0x000000070ee00000| PB 0x000000070ee00000| Untracked |  0
|  36|0x000000070f000000, 0x000000070f000000, 0x000000070f200000|  0%| F|  |TAMS 0x000000070f000000| PB 0x000000070f000000| Untracked |  0
|  37|0x000000070f200000, 0x000000070f200000, 0x000000070f400000|  0%| F|  |TAMS 0x000000070f200000| PB 0x000000070f200000| Untracked |  0
|  38|0x000000070f400000, 0x000000070f400000, 0x000000070f600000|  0%| F|  |TAMS 0x000000070f400000| PB 0x000000070f400000| Untracked |  0
|  39|0x000000070f600000, 0x000000070f600000, 0x000000070f800000|  0%| F|  |TAMS 0x000000070f600000| PB 0x000000070f600000| Untracked |  0
|  40|0x000000070f800000, 0x000000070f800000, 0x000000070fa00000|  0%| F|  |TAMS 0x000000070f800000| PB 0x000000070f800000| Untracked |  0
|  41|0x000000070fa00000, 0x000000070fc00000, 0x000000070fc00000|100%| S|CS|TAMS 0x000000070fa00000| PB 0x000000070fa00000| Complete |  0
|  42|0x000000070fc00000, 0x000000070fe00000, 0x000000070fe00000|100%| S|CS|TAMS 0x000000070fc00000| PB 0x000000070fc00000| Complete |  0
|  44|0x0000000710000000, 0x0000000710000000, 0x0000000710200000|  0%| F|  |TAMS 0x0000000710000000| PB 0x0000000710000000| Untracked |  0
|  45|0x0000000710200000, 0x0000000710200000, 0x0000000710400000|  0%| F|  |TAMS 0x0000000710200000| PB 0x0000000710200000| Untracked |  0
|  46|0x0000000710400000, 0x0000000710400000, 0x0000000710600000|  0%| F|  |TAMS 0x0000000710400000| PB 0x0000000710400000| Untracked |  0
|  47|0x0000000710600000, 0x0000000710600000, 0x0000000710800000|  0%| F|  |TAMS 0x0000000710600000| PB 0x0000000710600000| Untracked |  0
|  48|0x0000000710800000, 0x00000007108ae240, 0x0000000710a00000| 34%| E|  |TAMS 0x0000000710800000| PB 0x0000000710800000| Complete |  0
| 122|0x0000000719c00000, 0x0000000719e00000, 0x0000000719e00000|100%| E|CS|TAMS 0x0000000719c00000| PB 0x0000000719c00000| Complete |  0
|1952|0x00000007fe800000, 0x00000007fe9ab800, 0x00000007fea00000| 83%| O|  |TAMS 0x00000007fe800000| PB 0x00000007fe800000| Untracked |  0
|1953|0x00000007fea00000, 0x00000007fec00000, 0x00000007fec00000|100%| O|  |TAMS 0x00000007fea00000| PB 0x00000007fea00000| Untracked |  0
|1954|0x00000007fec00000, 0x00000007fee00000, 0x00000007fee00000|100%| O|  |TAMS 0x00000007fec00000| PB 0x00000007fec00000| Untracked |  0
|1955|0x00000007fee00000, 0x00000007ff000000, 0x00000007ff000000|100%| O|  |TAMS 0x00000007fee00000| PB 0x00000007fee00000| Untracked |  0
|1956|0x00000007ff000000, 0x00000007ff200000, 0x00000007ff200000|100%| O|  |TAMS 0x00000007ff000000| PB 0x00000007ff000000| Untracked |  0
|1957|0x00000007ff200000, 0x00000007ff400000, 0x00000007ff400000|100%| O|  |TAMS 0x00000007ff200000| PB 0x00000007ff200000| Untracked |  0
|1958|0x00000007ff400000, 0x00000007ff600000, 0x00000007ff600000|100%| O|  |TAMS 0x00000007ff400000| PB 0x00000007ff400000| Untracked |  0
|1959|0x00000007ff600000, 0x00000007ff800000, 0x00000007ff800000|100%| O|  |TAMS 0x00000007ff600000| PB 0x00000007ff600000| Untracked |  0
|1960|0x00000007ff800000, 0x00000007ffa00000, 0x00000007ffa00000|100%| O|  |TAMS 0x00000007ff800000| PB 0x00000007ff800000| Untracked |  0
|1961|0x00000007ffa00000, 0x00000007ffc00000, 0x00000007ffc00000|100%| O|  |TAMS 0x00000007ffa00000| PB 0x00000007ffa00000| Untracked |  0
|1962|0x00000007ffc00000, 0x00000007ffe00000, 0x00000007ffe00000|100%| O|  |TAMS 0x00000007ffc00000| PB 0x00000007ffc00000| Untracked |  0
|1963|0x00000007ffe00000, 0x0000000800000000, 0x0000000800000000|100%| O|  |TAMS 0x00000007ffe00000| PB 0x00000007ffe00000| Untracked |  0

Card table byte_map: [0x000001cb35600000,0x000001cb35db0000] _byte_map_base: 0x000001cb31dac000

Marking Bits: (CMBitMap*) 0x000001cb1d129610
 Bits: [0x000001cb35db0000, 0x000001cb39b10000)

Polling page: 0x000001cb1af30000

Metaspace:

Usage:
  Non-class:     56.59 MB used.
      Class:      9.79 MB used.
       Both:     66.39 MB used.

Virtual space:
  Non-class space:       64.00 MB reserved,      56.94 MB ( 89%) committed,  1 nodes.
      Class space:        1.00 GB reserved,      10.06 MB ( <1%) committed,  1 nodes.
             Both:        1.06 GB reserved,      67.00 MB (  6%) committed. 

Chunk freelists:
   Non-Class:  6.34 MB
       Class:  5.92 MB
        Both:  12.27 MB

MaxMetaspaceSize: unlimited
CompressedClassSpaceSize: 1.00 GB
Initial GC threshold: 21.00 MB
Current GC threshold: 98.44 MB
CDS: on
 - commit_granule_bytes: 65536.
 - commit_granule_words: 8192.
 - virtual_space_node_default_size: 8388608.
 - enlarge_chunks_in_place: 1.
 - use_allocation_guard: 0.


Internal statistics:

num_allocs_failed_limit: 9.
num_arena_births: 858.
num_arena_deaths: 0.
num_vsnodes_births: 2.
num_vsnodes_deaths: 0.
num_space_committed: 1072.
num_space_uncommitted: 0.
num_chunks_returned_to_freelist: 9.
num_chunks_taken_from_freelist: 3334.
num_chunk_merges: 9.
num_chunk_splits: 2405.
num_chunks_enlarged: 1870.
num_inconsistent_stats: 0.

CodeHeap 'non-profiled nmethods': size=120064Kb used=3276Kb max_used=3276Kb free=116787Kb
 bounds [0x000001cb2d2b0000, 0x000001cb2d5f0000, 0x000001cb347f0000]
CodeHeap 'profiled nmethods': size=120000Kb used=10593Kb max_used=10593Kb free=109406Kb
 bounds [0x000001cb257f0000, 0x000001cb26250000, 0x000001cb2cd20000]
CodeHeap 'non-nmethods': size=5696Kb used=2062Kb max_used=2098Kb free=3633Kb
 bounds [0x000001cb2cd20000, 0x000001cb2cf90000, 0x000001cb2d2b0000]
CodeCache: size=245760Kb, used=15931Kb, max_used=15967Kb, free=229826Kb
 total_blobs=8079, nmethods=7027, adapters=957, full_count=0
Compilation: enabled, stopped_count=0, restarted_count=0

Compilation events (20 events):
Event: 69.017 Thread 0x000001cb3c827040 7644       3       org.h2.result.DefaultRow::setValue (24 bytes)
Event: 69.018 Thread 0x000001cb3c827040 nmethod 7644 0x000001cb26245288 code [0x000001cb262453c0, 0x000001cb262457a0]
Event: 69.018 Thread 0x000001cb3c827040 7645       1       org.h2.mvstore.tx.VersionedValueCommitted::getCurrentValue (5 bytes)
Event: 69.018 Thread 0x000001cb3c827040 nmethod 7645 0x000001cb2d5e2f88 code [0x000001cb2d5e30a0, 0x000001cb2d5e3170]
Event: 69.018 Thread 0x000001cb3c827040 7646       3       org.h2.message.Trace::isEnabled (33 bytes)
Event: 69.018 Thread 0x000001cb3c827040 nmethod 7646 0x000001cb26245808 code [0x000001cb26245960, 0x000001cb26245ce0]
Event: 69.018 Thread 0x000001cb3c827040 7647       3       org.h2.message.TraceSystem::isEnabled (33 bytes)
Event: 69.018 Thread 0x000001cb3c827040 nmethod 7647 0x000001cb26245d88 code [0x000001cb26245ee0, 0x000001cb26246270]
Event: 69.018 Thread 0x000001cb3c827040 7648       3       ch.qos.logback.core.util.COWArrayList::asTypedArray (9 bytes)
Event: 69.019 Thread 0x000001cb3c827040 nmethod 7648 0x000001cb26246308 code [0x000001cb26246460, 0x000001cb26246958]
Event: 69.019 Thread 0x000001cb3c827040 7649       3       ch.qos.logback.core.util.COWArrayList::refreshCopyIfNecessary (12 bytes)
Event: 69.019 Thread 0x000001cb3c827040 nmethod 7649 0x000001cb26246a08 code [0x000001cb26246b60, 0x000001cb26246ff8]
Event: 69.019 Thread 0x000001cb3c827040 7650       3       ch.qos.logback.core.util.COWArrayList::isFresh (8 bytes)
Event: 69.019 Thread 0x000001cb3c827040 nmethod 7650 0x000001cb26247088 code [0x000001cb262471a0, 0x000001cb26247370]
Event: 69.019 Thread 0x000001cb3c827040 7651       3       java.time.ZonedDateTime::getLong (83 bytes)
Event: 69.019 Thread 0x000001cb3c826590 7654       4       java.util.concurrent.CopyOnWriteArrayList$COWIterator::next (32 bytes)
Event: 69.019 Thread 0x000001cb3c827040 nmethod 7651 0x000001cb26247408 code [0x000001cb26247580, 0x000001cb26247bb0]
Event: 69.019 Thread 0x000001cb3c827040 7652       3       ch.qos.logback.classic.Logger::recursiveReset (58 bytes)
Event: 69.020 Thread 0x000001cb3c827040 nmethod 7652 0x000001cb26247c08 code [0x000001cb26247dc0, 0x000001cb26248618]
Event: 69.020 Thread 0x000001cb3c827040 7653       3       ch.qos.logback.classic.Logger::detachAndStopAllAppenders (15 bytes)

GC Heap History (20 events):
Event: 0.775 GC heap before
{Heap before GC invocations=1 (full 0):
 garbage-first heap   total reserved 4022272K, committed 251904K, used 26291K [0x000000070a800000, 0x0000000800000000)
  region size 2048K, 12 young (24576K), 2 survivors (4096K)
 Metaspace       used 12187K, committed 12544K, reserved 1114112K
  class space    used 1630K, committed 1792K, reserved 1048576K
}
Event: 0.778 GC heap after
{Heap after GC invocations=2 (full 0):
 garbage-first heap   total reserved 4022272K, committed 251904K, used 9203K [0x000000070a800000, 0x0000000800000000)
  region size 2048K, 1 young (2048K), 1 survivors (2048K)
 Metaspace       used 12187K, committed 12544K, reserved 1114112K
  class space    used 1630K, committed 1792K, reserved 1048576K
}
Event: 1.570 GC heap before
{Heap before GC invocations=2 (full 0):
 garbage-first heap   total reserved 4022272K, committed 251904K, used 56307K [0x000000070a800000, 0x0000000800000000)
  region size 2048K, 26 young (53248K), 1 survivors (2048K)
 Metaspace       used 21112K, committed 21504K, reserved 1114112K
  class space    used 2872K, committed 3072K, reserved 1048576K
}
Event: 1.574 GC heap after
{Heap after GC invocations=3 (full 0):
 garbage-first heap   total reserved 4022272K, committed 251904K, used 13555K [0x000000070a800000, 0x0000000800000000)
  region size 2048K, 3 young (6144K), 3 survivors (6144K)
 Metaspace       used 21112K, committed 21504K, reserved 1114112K
  class space    used 2872K, committed 3072K, reserved 1048576K
}
Event: 1.892 GC heap before
{Heap before GC invocations=4 (full 0):
 garbage-first heap   total reserved 4022272K, committed 49152K, used 36083K [0x000000070a800000, 0x0000000800000000)
  region size 2048K, 14 young (28672K), 3 survivors (6144K)
 Metaspace       used 26681K, committed 27136K, reserved 1114112K
  class space    used 3758K, committed 3968K, reserved 1048576K
}
Event: 1.897 GC heap after
{Heap after GC invocations=5 (full 0):
 garbage-first heap   total reserved 4022272K, committed 49152K, used 14923K [0x000000070a800000, 0x0000000800000000)
  region size 2048K, 1 young (2048K), 1 survivors (2048K)
 Metaspace       used 26681K, committed 27136K, reserved 1114112K
  class space    used 3758K, committed 3968K, reserved 1048576K
}
Event: 2.165 GC heap before
{Heap before GC invocations=5 (full 0):
 garbage-first heap   total reserved 4022272K, committed 49152K, used 33355K [0x000000070a800000, 0x0000000800000000)
  region size 2048K, 11 young (22528K), 1 survivors (2048K)
 Metaspace       used 33220K, committed 33728K, reserved 1114112K
  class space    used 4593K, committed 4800K, reserved 1048576K
}
Event: 2.168 GC heap after
{Heap after GC invocations=6 (full 0):
 garbage-first heap   total reserved 4022272K, committed 49152K, used 16102K [0x000000070a800000, 0x0000000800000000)
  region size 2048K, 2 young (4096K), 2 survivors (4096K)
 Metaspace       used 33220K, committed 33728K, reserved 1114112K
  class space    used 4593K, committed 4800K, reserved 1048576K
}
Event: 2.327 GC heap before
{Heap before GC invocations=6 (full 0):
 garbage-first heap   total reserved 4022272K, committed 49152K, used 24294K [0x000000070a800000, 0x0000000800000000)
  region size 2048K, 7 young (14336K), 2 survivors (4096K)
 Metaspace       used 35635K, committed 36096K, reserved 1114112K
  class space    used 4943K, committed 5184K, reserved 1048576K
}
Event: 2.331 GC heap after
{Heap after GC invocations=7 (full 0):
 garbage-first heap   total reserved 4022272K, committed 49152K, used 17078K [0x000000070a800000, 0x0000000800000000)
  region size 2048K, 2 young (4096K), 2 survivors (4096K)
 Metaspace       used 35635K, committed 36096K, reserved 1114112K
  class space    used 4943K, committed 5184K, reserved 1048576K
}
Event: 2.607 GC heap before
{Heap before GC invocations=8 (full 0):
 garbage-first heap   total reserved 4022272K, committed 49152K, used 33462K [0x000000070a800000, 0x0000000800000000)
  region size 2048K, 11 young (22528K), 2 survivors (4096K)
 Metaspace       used 40978K, committed 41472K, reserved 1114112K
  class space    used 5747K, committed 5952K, reserved 1048576K
}
Event: 2.611 GC heap after
{Heap after GC invocations=9 (full 0):
 garbage-first heap   total reserved 4022272K, committed 49152K, used 18143K [0x000000070a800000, 0x0000000800000000)
  region size 2048K, 1 young (2048K), 1 survivors (2048K)
 Metaspace       used 40978K, committed 41472K, reserved 1114112K
  class space    used 5747K, committed 5952K, reserved 1048576K
}
Event: 2.888 GC heap before
{Heap before GC invocations=9 (full 0):
 garbage-first heap   total reserved 4022272K, committed 49152K, used 36575K [0x000000070a800000, 0x0000000800000000)
  region size 2048K, 11 young (22528K), 1 survivors (2048K)
 Metaspace       used 45937K, committed 46528K, reserved 1114112K
  class space    used 6542K, committed 6784K, reserved 1048576K
}
Event: 2.893 GC heap after
{Heap after GC invocations=10 (full 0):
 garbage-first heap   total reserved 4022272K, committed 49152K, used 18861K [0x000000070a800000, 0x0000000800000000)
  region size 2048K, 2 young (4096K), 2 survivors (4096K)
 Metaspace       used 45937K, committed 46528K, reserved 1114112K
  class space    used 6542K, committed 6784K, reserved 1048576K
}
Event: 3.157 GC heap before
{Heap before GC invocations=10 (full 0):
 garbage-first heap   total reserved 4022272K, committed 49152K, used 39341K [0x000000070a800000, 0x0000000800000000)
  region size 2048K, 12 young (24576K), 2 survivors (4096K)
 Metaspace       used 51122K, committed 51648K, reserved 1114112K
  class space    used 7183K, committed 7424K, reserved 1048576K
}
Event: 3.163 GC heap after
{Heap after GC invocations=11 (full 0):
 garbage-first heap   total reserved 4022272K, committed 151552K, used 20972K [0x000000070a800000, 0x0000000800000000)
  region size 2048K, 2 young (4096K), 2 survivors (4096K)
 Metaspace       used 51122K, committed 51648K, reserved 1114112K
  class space    used 7183K, committed 7424K, reserved 1048576K
}
Event: 3.982 GC heap before
{Heap before GC invocations=11 (full 0):
 garbage-first heap   total reserved 4022272K, committed 151552K, used 70124K [0x000000070a800000, 0x0000000800000000)
  region size 2048K, 27 young (55296K), 2 survivors (4096K)
 Metaspace       used 59712K, committed 60288K, reserved 1114112K
  class space    used 8463K, committed 8704K, reserved 1048576K
}
Event: 3.987 GC heap after
{Heap after GC invocations=12 (full 0):
 garbage-first heap   total reserved 4022272K, committed 151552K, used 26467K [0x000000070a800000, 0x0000000800000000)
  region size 2048K, 5 young (10240K), 5 survivors (10240K)
 Metaspace       used 59712K, committed 60288K, reserved 1114112K
  class space    used 8463K, committed 8704K, reserved 1048576K
}
Event: 9.836 GC heap before
{Heap before GC invocations=13 (full 0):
 garbage-first heap   total reserved 4022272K, committed 96256K, used 85859K [0x000000070a800000, 0x0000000800000000)
  region size 2048K, 28 young (57344K), 5 survivors (10240K)
 Metaspace       used 67812K, committed 68416K, reserved 1114112K
  class space    used 10011K, committed 10240K, reserved 1048576K
}
Event: 9.844 GC heap after
{Heap after GC invocations=14 (full 0):
 garbage-first heap   total reserved 4022272K, committed 124928K, used 65825K [0x000000070a800000, 0x0000000800000000)
  region size 2048K, 4 young (8192K), 4 survivors (8192K)
 Metaspace       used 67812K, committed 68416K, reserved 1114112K
  class space    used 10011K, committed 10240K, reserved 1048576K
}

Dll operation events (20 events):
Event: 3.569 Loaded shared library C:\Users\g_ste\.openjfx\cache\23.0.1+4\amd64\api-ms-win-crt-heap-l1-1-0.dll
Event: 3.571 Loaded shared library C:\Users\g_ste\.openjfx\cache\23.0.1+4\amd64\api-ms-win-crt-locale-l1-1-0.dll
Event: 3.573 Loaded shared library C:\Users\g_ste\.openjfx\cache\23.0.1+4\amd64\api-ms-win-crt-math-l1-1-0.dll
Event: 3.575 Loaded shared library C:\Users\g_ste\.openjfx\cache\23.0.1+4\amd64\api-ms-win-crt-multibyte-l1-1-0.dll
Event: 3.577 Loaded shared library C:\Users\g_ste\.openjfx\cache\23.0.1+4\amd64\api-ms-win-crt-private-l1-1-0.dll
Event: 3.579 Loaded shared library C:\Users\g_ste\.openjfx\cache\23.0.1+4\amd64\api-ms-win-crt-process-l1-1-0.dll
Event: 3.581 Loaded shared library C:\Users\g_ste\.openjfx\cache\23.0.1+4\amd64\api-ms-win-crt-runtime-l1-1-0.dll
Event: 3.582 Loaded shared library C:\Users\g_ste\.openjfx\cache\23.0.1+4\amd64\api-ms-win-crt-stdio-l1-1-0.dll
Event: 3.584 Loaded shared library C:\Users\g_ste\.openjfx\cache\23.0.1+4\amd64\api-ms-win-crt-string-l1-1-0.dll
Event: 3.586 Loaded shared library C:\Users\g_ste\.openjfx\cache\23.0.1+4\amd64\api-ms-win-crt-time-l1-1-0.dll
Event: 3.589 Loaded shared library C:\Users\g_ste\.openjfx\cache\23.0.1+4\amd64\api-ms-win-crt-utility-l1-1-0.dll
Event: 3.598 Loaded shared library C:\Users\g_ste\.openjfx\cache\23.0.1+4\amd64\ucrtbase.dll
Event: 3.600 Loaded shared library C:\Users\g_ste\.openjfx\cache\23.0.1+4\amd64\vcruntime140.dll
Event: 3.602 Loaded shared library C:\Users\g_ste\.openjfx\cache\23.0.1+4\amd64\vcruntime140_1.dll
Event: 3.608 Loaded shared library C:\Users\g_ste\.openjfx\cache\23.0.1+4\amd64\msvcp140.dll
Event: 3.609 Loaded shared library C:\Users\g_ste\.openjfx\cache\23.0.1+4\amd64\msvcp140_1.dll
Event: 3.612 Loaded shared library C:\Users\g_ste\.openjfx\cache\23.0.1+4\amd64\msvcp140_2.dll
Event: 3.632 Loaded shared library C:\Users\g_ste\.openjfx\cache\23.0.1+4\amd64\prism_d3d.dll
Event: 3.672 Loaded shared library C:\Users\g_ste\.openjfx\cache\23.0.1+4\amd64\glass.dll
Event: 4.002 Loaded shared library C:\Users\g_ste\.openjfx\cache\23.0.1+4\amd64\javafx_font.dll

Deoptimization events (20 events):
Event: 7.365 Thread 0x000001cb061e89a0 Uncommon trap: trap_request=0xffffffde fr.pc=0x000001cb2d5b6270 relative=0x0000000000000150
Event: 7.365 Thread 0x000001cb061e89a0 Uncommon trap: reason=class_check action=maybe_recompile pc=0x000001cb2d5b6270 method=java.lang.reflect.Array.newInstance(Ljava/lang/Class;I)Ljava/lang/Object; @ 2 c2
Event: 7.365 Thread 0x000001cb061e89a0 DEOPT PACKING pc=0x000001cb2d5b6270 sp=0x00000091283fb670
Event: 7.365 Thread 0x000001cb061e89a0 DEOPT UNPACKING pc=0x000001cb2cd74402 sp=0x00000091283fb608 mode 2
Event: 7.365 Thread 0x000001cb061e89a0 Uncommon trap: trap_request=0xffffffde fr.pc=0x000001cb2d5b6270 relative=0x0000000000000150
Event: 7.365 Thread 0x000001cb061e89a0 Uncommon trap: reason=class_check action=maybe_recompile pc=0x000001cb2d5b6270 method=java.lang.reflect.Array.newInstance(Ljava/lang/Class;I)Ljava/lang/Object; @ 2 c2
Event: 7.365 Thread 0x000001cb061e89a0 DEOPT PACKING pc=0x000001cb2d5b6270 sp=0x00000091283faaa0
Event: 7.365 Thread 0x000001cb061e89a0 DEOPT UNPACKING pc=0x000001cb2cd74402 sp=0x00000091283faa38 mode 2
Event: 7.365 Thread 0x000001cb061e89a0 Uncommon trap: trap_request=0xffffffde fr.pc=0x000001cb2d5b6270 relative=0x0000000000000150
Event: 7.365 Thread 0x000001cb061e89a0 Uncommon trap: reason=class_check action=maybe_recompile pc=0x000001cb2d5b6270 method=java.lang.reflect.Array.newInstance(Ljava/lang/Class;I)Ljava/lang/Object; @ 2 c2
Event: 7.365 Thread 0x000001cb061e89a0 DEOPT PACKING pc=0x000001cb2d5b6270 sp=0x00000091283faaa0
Event: 7.365 Thread 0x000001cb061e89a0 DEOPT UNPACKING pc=0x000001cb2cd74402 sp=0x00000091283faa38 mode 2
Event: 7.370 Thread 0x000001cb061e89a0 Uncommon trap: trap_request=0xffffff45 fr.pc=0x000001cb2d2bb44c relative=0x000000000000028c
Event: 7.370 Thread 0x000001cb061e89a0 Uncommon trap: reason=unstable_if action=reinterpret pc=0x000001cb2d2bb44c method=java.lang.String.isLatin1()Z @ 10 c2
Event: 7.370 Thread 0x000001cb061e89a0 DEOPT PACKING pc=0x000001cb2d2bb44c sp=0x00000091283fc090
Event: 7.370 Thread 0x000001cb061e89a0 DEOPT UNPACKING pc=0x000001cb2cd74402 sp=0x00000091283fbfc8 mode 2
Event: 7.370 Thread 0x000001cb061e89a0 Uncommon trap: trap_request=0xffffff45 fr.pc=0x000001cb2d30e854 relative=0x0000000000000054
Event: 7.370 Thread 0x000001cb061e89a0 Uncommon trap: reason=unstable_if action=reinterpret pc=0x000001cb2d30e854 method=java.lang.CharacterData.of(I)Ljava/lang/CharacterData; @ 4 c2
Event: 7.370 Thread 0x000001cb061e89a0 DEOPT PACKING pc=0x000001cb2d30e854 sp=0x00000091283fb640
Event: 7.370 Thread 0x000001cb061e89a0 DEOPT UNPACKING pc=0x000001cb2cd74402 sp=0x00000091283fb5e0 mode 2

Classes loaded (20 events):
Event: 4.518 Loading class sun/misc/Unsafe$MemoryAccessOption
Event: 4.518 Loading class sun/misc/Unsafe$MemoryAccessOption done
Event: 4.533 Loading class java/nio/ShortBuffer
Event: 4.533 Loading class java/nio/ShortBuffer done
Event: 4.533 Loading class java/nio/DoubleBuffer
Event: 4.533 Loading class java/nio/DoubleBuffer done
Event: 4.534 Loading class java/nio/DirectFloatBufferU
Event: 4.534 Loading class java/nio/DirectFloatBufferU done
Event: 4.535 Loading class java/lang/FdLibm$Atan2
Event: 4.535 Loading class java/lang/FdLibm$Atan2 done
Event: 15.770 Loading class java/lang/Throwable$WrappedPrintStream
Event: 15.770 Loading class java/lang/Throwable$PrintStreamOrWriter
Event: 15.770 Loading class java/lang/Throwable$PrintStreamOrWriter done
Event: 15.770 Loading class java/lang/Throwable$WrappedPrintStream done
Event: 69.009 Loading class jdk/internal/misc/Signal$1
Event: 69.009 Loading class jdk/internal/misc/Signal$1 done
Event: 69.015 Loading class java/util/AbstractMap$2
Event: 69.015 Loading class java/util/AbstractMap$2 done
Event: 69.015 Loading class java/util/AbstractMap$ValueIterator
Event: 69.015 Loading class java/util/AbstractMap$ValueIterator done

Classes unloaded (0 events):
No events

Classes redefined (0 events):
No events

Internal exceptions (20 events):
Event: 3.396 Thread 0x000001cb1ad9cb00 Exception <a 'java/lang/NoSuchMethodError'{0x0000000712cd42a0}: 'void java.lang.invoke.DirectMethodHandle$Holder.invokeStatic(java.lang.Object, java.lang.Object, int)'> (0x0000000712cd42a0) 
thrown [s\open\src\hotspot\share\interpreter\linkResolver.cpp, line 796]
Event: 3.415 Thread 0x000001cb1ad9cb00 Exception <a 'java/lang/NoSuchMethodError'{0x0000000712d9bb58}: 'java.lang.Object java.lang.invoke.Invokers$Holder.linkToTargetMethod(java.lang.Object, long, java.lang.Object)'> (0x0000000712d9bb58) 
thrown [s\open\src\hotspot\share\interpreter\linkResolver.cpp, line 796]
Event: 3.454 Thread 0x000001cb1ad9cb00 Exception <a 'java/lang/NoSuchMethodError'{0x0000000712803ca8}: 'long java.lang.invoke.DirectMethodHandle$Holder.invokeSpecial(java.lang.Object, java.lang.Object)'> (0x0000000712803ca8) 
thrown [s\open\src\hotspot\share\interpreter\linkResolver.cpp, line 796]
Event: 3.456 Thread 0x000001cb1ad9cb00 Exception <a 'java/lang/NoSuchMethodError'{0x0000000712820520}: 'void java.lang.invoke.DirectMethodHandle$Holder.invokeVirtual(java.lang.Object, java.lang.Object, long)'> (0x0000000712820520) 
thrown [s\open\src\hotspot\share\interpreter\linkResolver.cpp, line 796]
Event: 3.460 Thread 0x000001cb1ad9cb00 Exception <a 'java/lang/NoSuchMethodError'{0x00000007128814c0}: 'java.lang.Object java.lang.invoke.DirectMethodHandle$Holder.newInvokeSpecial(java.lang.Object, java.lang.Object, int, java.lang.Object, java.lang.Object)'> (0x00000007128814c0) 
thrown [s\open\src\hotspot\share\interpreter\linkResolver.cpp, line 796]
Event: 3.719 Thread 0x000001cb061e89a0 Exception <a 'java/lang/NoSuchMethodError'{0x00000007121aa528}: 'void java.lang.invoke.DirectMethodHandle$Holder.invokeStaticInit(java.lang.Object)'> (0x00000007121aa528) 
thrown [s\open\src\hotspot\share\interpreter\linkResolver.cpp, line 796]
Event: 3.949 Thread 0x000001cb061e89a0 Exception <a 'java/lang/NullPointerException'{0x0000000710ff8ba8}> (0x0000000710ff8ba8) 
thrown [s\open\src\hotspot\share\interpreter\linkResolver.cpp, line 1389]
Event: 4.053 Thread 0x000001cb061e89a0 Exception <a 'java/lang/NoSuchMethodError'{0x000000070f658e90}: 'void java.lang.invoke.DirectMethodHandle$Holder.invokeSpecial(java.lang.Object, java.lang.Object, double)'> (0x000000070f658e90) 
thrown [s\open\src\hotspot\share\interpreter\linkResolver.cpp, line 796]
Event: 4.054 Thread 0x000001cb061e89a0 Exception <a 'java/lang/NoSuchMethodError'{0x000000070f6633b8}: 'double java.lang.invoke.DelegatingMethodHandle$Holder.reinvoke_L(java.lang.Object, java.lang.Object, int)'> (0x000000070f6633b8) 
thrown [s\open\src\hotspot\share\interpreter\linkResolver.cpp, line 796]
Event: 4.054 Thread 0x000001cb061e89a0 Exception <a 'java/lang/NoSuchMethodError'{0x000000070f66d0f0}: 'void java.lang.invoke.DelegatingMethodHandle$Holder.reinvoke_L(java.lang.Object, java.lang.Object, double)'> (0x000000070f66d0f0) 
thrown [s\open\src\hotspot\share\interpreter\linkResolver.cpp, line 796]
Event: 4.119 Thread 0x000001cb061e89a0 Exception <a 'java/lang/NoSuchMethodError'{0x000000070f530238}: 'void java.lang.invoke.DirectMethodHandle$Holder.invokeSpecial(java.lang.Object, java.lang.Object, int)'> (0x000000070f530238) 
thrown [s\open\src\hotspot\share\interpreter\linkResolver.cpp, line 796]
Event: 4.221 Thread 0x000001cb061e89a0 Implicit null exception at 0x000001cb2d335baf to 0x000001cb2d337690
Event: 4.347 Thread 0x000001cb061e89a0 Exception <a 'java/lang/IncompatibleClassChangeError'{0x000000070e34c5b8}: Found class java.lang.Object, but interface was expected> (0x000000070e34c5b8) 
thrown [s\open\src\hotspot\share\interpreter\linkResolver.cpp, line 863]
Event: 6.074 Thread 0x000001cb061e89a0 Exception <a 'java/lang/NoSuchMethodError'{0x000000070d6b47c8}: 'long java.lang.invoke.DirectMethodHandle$Holder.invokeStatic(java.lang.Object, java.lang.Object, java.lang.Object)'> (0x000000070d6b47c8) 
thrown [s\open\src\hotspot\share\interpreter\linkResolver.cpp, line 796]
Event: 6.074 Thread 0x000001cb061e89a0 Exception <a 'java/lang/NoSuchMethodError'{0x000000070d6b7b68}: 'long java.lang.invoke.DirectMethodHandle$Holder.invokeStaticInit(java.lang.Object, java.lang.Object, java.lang.Object)'> (0x000000070d6b7b68) 
thrown [s\open\src\hotspot\share\interpreter\linkResolver.cpp, line 796]
Event: 6.075 Thread 0x000001cb061e89a0 Exception <a 'java/lang/NoSuchMethodError'{0x000000070d6cc160}: 'java.lang.Object java.lang.invoke.DirectMethodHandle$Holder.newInvokeSpecial(java.lang.Object, java.lang.Object, long)'> (0x000000070d6cc160) 
thrown [s\open\src\hotspot\share\interpreter\linkResolver.cpp, line 796]
Event: 6.083 Thread 0x000001cb061e8310 Exception <a 'java/lang/NoSuchMethodError'{0x000000070d78f630}: 'java.lang.Object java.lang.invoke.DirectMethodHandle$Holder.invokeStaticInit(java.lang.Object, int)'> (0x000000070d78f630) 
thrown [s\open\src\hotspot\share\interpreter\linkResolver.cpp, line 796]
Event: 7.310 Thread 0x000001cb061e89a0 Exception <a 'java/io/FileNotFoundException'{0x000000070d4d47c8}> (0x000000070d4d47c8) 
thrown [s\open\src\hotspot\share\prims\jni.cpp, line 520]
Event: 7.310 Thread 0x000001cb061e89a0 Exception <a 'java/io/FileNotFoundException'{0x000000070d4da750}> (0x000000070d4da750) 
thrown [s\open\src\hotspot\share\prims\jni.cpp, line 520]
Event: 7.313 Thread 0x000001cb061e89a0 Exception <a 'java/io/FileNotFoundException'{0x000000070d4f5648}> (0x000000070d4f5648) 
thrown [s\open\src\hotspot\share\prims\jni.cpp, line 520]

VM Operations (20 events):
Event: 3.208 Executing VM operation: HandshakeAllThreads (Deoptimize) done
Event: 3.431 Executing VM operation: HandshakeAllThreads (Deoptimize)
Event: 3.431 Executing VM operation: HandshakeAllThreads (Deoptimize) done
Event: 3.982 Executing VM operation: CollectForMetadataAllocation (Metadata GC Threshold)
Event: 3.987 Executing VM operation: CollectForMetadataAllocation (Metadata GC Threshold) done
Event: 3.993 Executing VM operation: G1PauseRemark
Event: 3.996 Executing VM operation: G1PauseRemark done
Event: 3.998 Executing VM operation: G1PauseCleanup
Event: 3.998 Executing VM operation: G1PauseCleanup done
Event: 4.021 Executing VM operation: HandshakeAllThreads (Deoptimize)
Event: 4.021 Executing VM operation: HandshakeAllThreads (Deoptimize) done
Event: 7.371 Executing VM operation: HandshakeAllThreads (Deoptimize)
Event: 7.371 Executing VM operation: HandshakeAllThreads (Deoptimize) done
Event: 9.836 Executing VM operation: G1CollectForAllocation (G1 Evacuation Pause)
Event: 9.844 Executing VM operation: G1CollectForAllocation (G1 Evacuation Pause) done
Event: 60.242 Executing VM operation: HandshakeAllThreads (HandshakeForDeflation)
Event: 60.242 Executing VM operation: HandshakeAllThreads (HandshakeForDeflation) done
Event: 60.242 Executing VM operation: RendezvousGCThreads
Event: 60.242 Executing VM operation: RendezvousGCThreads done
Event: 69.020 Executing VM operation: Exit

Memory protections (0 events):
No events

Nmethod flushes (20 events):
Event: 3.995 Thread 0x000001cb3c7e4d20 flushing  nmethod 0x000001cb258be888
Event: 3.995 Thread 0x000001cb3c7e4d20 flushing  nmethod 0x000001cb25900888
Event: 3.995 Thread 0x000001cb3c7e4d20 flushing  nmethod 0x000001cb25901308
Event: 3.995 Thread 0x000001cb3c7e4d20 flushing  nmethod 0x000001cb25905a88
Event: 3.995 Thread 0x000001cb3c7e4d20 flushing  nmethod 0x000001cb2592d388
Event: 3.995 Thread 0x000001cb3c7e4d20 flushing  nmethod 0x000001cb25932a88
Event: 3.995 Thread 0x000001cb3c7e4d20 flushing  nmethod 0x000001cb25933488
Event: 3.995 Thread 0x000001cb3c7e4d20 flushing  nmethod 0x000001cb25934f08
Event: 3.995 Thread 0x000001cb3c7e4d20 flushing  nmethod 0x000001cb25947408
Event: 3.995 Thread 0x000001cb3c7e4d20 flushing  nmethod 0x000001cb25971308
Event: 3.995 Thread 0x000001cb3c7e4d20 flushing  nmethod 0x000001cb25974f08
Event: 3.995 Thread 0x000001cb3c7e4d20 flushing  nmethod 0x000001cb25996188
Event: 3.995 Thread 0x000001cb3c7e4d20 flushing  nmethod 0x000001cb259c0708
Event: 3.995 Thread 0x000001cb3c7e4d20 flushing  nmethod 0x000001cb25a5ed88
Event: 3.995 Thread 0x000001cb3c7e4d20 flushing  nmethod 0x000001cb25a82508
Event: 3.995 Thread 0x000001cb3c7e4d20 flushing  nmethod 0x000001cb25a85f08
Event: 3.995 Thread 0x000001cb3c7e4d20 flushing  nmethod 0x000001cb25aff008
Event: 3.995 Thread 0x000001cb3c7e4d20 flushing  nmethod 0x000001cb25d93208
Event: 3.995 Thread 0x000001cb3c7e4d20 flushing  nmethod 0x000001cb25d93908
Event: 3.995 Thread 0x000001cb3c7e4d20 flushing  nmethod 0x000001cb25d93f08

Events (20 events):
Event: 4.703 Thread 0x000001cb3ca7f950 Thread exited: 0x000001cb3ca7f950
Event: 7.308 Thread 0x000001cb3c827040 Thread added: 0x000001cb3ca7f950
Event: 7.519 Thread 0x000001cb061e6240 Thread exited: 0x000001cb061e6240
Event: 7.817 Thread 0x000001cb3ca7f950 Thread exited: 0x000001cb3ca7f950
Event: 9.829 Thread 0x000001cb3c827040 Thread added: 0x000001cb046298f0
Event: 9.845 Thread 0x000001cb3c827040 Thread added: 0x000001cb7e2a7e50
Event: 10.319 Thread 0x000001cb7e2a7e50 Thread exited: 0x000001cb7e2a7e50
Event: 10.437 Thread 0x000001cb046298f0 Thread exited: 0x000001cb046298f0
Event: 69.010 Thread 0x000001cb3c801c00 Thread added: 0x000001cb06085a90
Event: 69.010 Thread 0x000001cb06085a90 Thread added: 0x000001cb06086120
Event: 69.010 Thread 0x000001cb06085a90 Thread added: 0x000001cb06085400
Event: 69.010 Thread 0x000001cb06085a90 Thread added: 0x000001cb061e6240
Event: 69.010 Thread 0x000001cb06085400 Thread exited: 0x000001cb06085400
Event: 69.011 Thread 0x000001cb06086120 Thread exited: 0x000001cb06086120
Event: 69.017 Thread 0x000001cb061e6240 Thread added: 0x000001cb06086120
Event: 69.017 Thread 0x000001cb05f30410 Thread exited: 0x000001cb05f30410
Event: 69.018 Thread 0x000001cb06086120 Thread exited: 0x000001cb06086120
Event: 69.019 Thread 0x000001cb061e6240 Thread exited: 0x000001cb061e6240
Event: 69.019 Thread 0x000001cb06085a90 Before exit entered
Event: 69.020 Thread 0x000001cb3c801c00 Thread exited: 0x000001cb3c801c00


Dynamic libraries:
0x00007ff7114e0000 - 0x00007ff7114ee000 	C:\Users\g_ste\.jdks\openjdk-23.0.1\bin\java.exe
0x00007ff8c6600000 - 0x00007ff8c6863000 	C:\WINDOWS\SYSTEM32\ntdll.dll
0x00007ff8c5740000 - 0x00007ff8c5807000 	C:\WINDOWS\System32\KERNEL32.DLL
0x00007ff8c4050000 - 0x00007ff8c4419000 	C:\WINDOWS\System32\KERNELBASE.dll
0x00007ff8c3af0000 - 0x00007ff8c3c3c000 	C:\WINDOWS\System32\ucrtbase.dll
0x00007ff8bc230000 - 0x00007ff8bc247000 	C:\Users\g_ste\.jdks\openjdk-23.0.1\bin\jli.dll
0x00007ff8bd0f0000 - 0x00007ff8bd10b000 	C:\Users\g_ste\.jdks\openjdk-23.0.1\bin\VCRUNTIME140.dll
0x00007ff8c5a90000 - 0x00007ff8c5c5a000 	C:\WINDOWS\System32\USER32.dll
0x00007ff8addc0000 - 0x00007ff8ae050000 	C:\WINDOWS\WinSxS\amd64_microsoft.windows.common-controls_6595b64144ccf1df_6.0.26100.3323_none_3e088096e3344490\COMCTL32.dll
0x00007ff8c3f90000 - 0x00007ff8c3fb7000 	C:\WINDOWS\System32\win32u.dll
0x00007ff8c4460000 - 0x00007ff8c448a000 	C:\WINDOWS\System32\GDI32.dll
0x00007ff8c4d00000 - 0x00007ff8c4da9000 	C:\WINDOWS\System32\msvcrt.dll
0x00007ff8c3db0000 - 0x00007ff8c3ee1000 	C:\WINDOWS\System32\gdi32full.dll
0x00007ff8c3d00000 - 0x00007ff8c3da3000 	C:\WINDOWS\System32\msvcp_win.dll
0x00007ff8c45a0000 - 0x00007ff8c45cf000 	C:\WINDOWS\System32\IMM32.DLL
0x00007ff8bc220000 - 0x00007ff8bc22c000 	C:\Users\g_ste\.jdks\openjdk-23.0.1\bin\vcruntime140_1.dll
0x00007ff82e4e0000 - 0x00007ff82e56e000 	C:\Users\g_ste\.jdks\openjdk-23.0.1\bin\msvcp140.dll
0x00007ffff67e0000 - 0x00007ffff752f000 	C:\Users\g_ste\.jdks\openjdk-23.0.1\bin\server\jvm.dll
0x00007ff8c6190000 - 0x00007ff8c6242000 	C:\WINDOWS\System32\ADVAPI32.dll
0x00007ff8c5010000 - 0x00007ff8c50b6000 	C:\WINDOWS\System32\sechost.dll
0x00007ff8c5810000 - 0x00007ff8c5926000 	C:\WINDOWS\System32\RPCRT4.dll
0x00007ff8c5930000 - 0x00007ff8c59a4000 	C:\WINDOWS\System32\WS2_32.dll
0x00007ff8c3690000 - 0x00007ff8c36de000 	C:\WINDOWS\SYSTEM32\POWRPROF.dll
0x00007ff8b8940000 - 0x00007ff8b8976000 	C:\WINDOWS\SYSTEM32\WINMM.dll
0x00007ff8bb610000 - 0x00007ff8bb61b000 	C:\WINDOWS\SYSTEM32\VERSION.dll
0x00007ff8c3670000 - 0x00007ff8c3684000 	C:\WINDOWS\SYSTEM32\UMPDC.dll
0x00007ff8c2620000 - 0x00007ff8c263a000 	C:\WINDOWS\SYSTEM32\kernel.appcore.dll
0x00007ff88af60000 - 0x00007ff88af6a000 	C:\Users\g_ste\.jdks\openjdk-23.0.1\bin\jimage.dll
0x00007ff8ba410000 - 0x00007ff8ba651000 	C:\WINDOWS\SYSTEM32\DBGHELP.DLL
0x00007ff8c5c60000 - 0x00007ff8c5fe2000 	C:\WINDOWS\System32\combase.dll
0x00007ff8c6250000 - 0x00007ff8c6326000 	C:\WINDOWS\System32\OLEAUT32.dll
0x00007ff874910000 - 0x00007ff874949000 	C:\WINDOWS\SYSTEM32\dbgcore.DLL
0x00007ff8c3ef0000 - 0x00007ff8c3f89000 	C:\WINDOWS\System32\bcryptPrimitives.dll
0x00007ff8895d0000 - 0x00007ff8895df000 	C:\Users\g_ste\.jdks\openjdk-23.0.1\bin\instrument.dll
0x00007ff88af40000 - 0x00007ff88af5e000 	C:\Users\g_ste\.jdks\openjdk-23.0.1\bin\java.dll
0x00007ff8c5ff0000 - 0x00007ff8c6185000 	C:\WINDOWS\System32\ole32.dll
0x00007ff8c45e0000 - 0x00007ff8c4cf5000 	C:\WINDOWS\System32\SHELL32.dll
0x00007ff8c3800000 - 0x00007ff8c3968000 	C:\WINDOWS\System32\wintypes.dll
0x00007ff8c14b0000 - 0x00007ff8c1cf5000 	C:\WINDOWS\SYSTEM32\windows.storage.dll
0x00007ff8c5550000 - 0x00007ff8c563b000 	C:\WINDOWS\System32\SHCORE.dll
0x00007ff8c4db0000 - 0x00007ff8c4e0d000 	C:\WINDOWS\System32\shlwapi.dll
0x00007ff8c3710000 - 0x00007ff8c373f000 	C:\WINDOWS\SYSTEM32\profapi.dll
0x00007ff81e3b0000 - 0x00007ff81e487000 	C:\Users\g_ste\.jdks\openjdk-23.0.1\bin\jsvml.dll
0x00007ff87b200000 - 0x00007ff87b217000 	C:\Users\g_ste\.jdks\openjdk-23.0.1\bin\zip.dll
0x00007ff8895c0000 - 0x00007ff8895d0000 	C:\Users\g_ste\.jdks\openjdk-23.0.1\bin\net.dll
0x00007ff8c2b40000 - 0x00007ff8c2baa000 	C:\WINDOWS\system32\mswsock.dll
0x00007ff8895a0000 - 0x00007ff8895b6000 	C:\Users\g_ste\.jdks\openjdk-23.0.1\bin\nio.dll
0x00007ff87a700000 - 0x00007ff87a71a000 	C:\Program Files\JetBrains\IntelliJ IDEA Community Edition 2024.2.1\bin\breakgen64.dll
0x00007ff8828e0000 - 0x00007ff8828e9000 	C:\Users\g_ste\.jdks\openjdk-23.0.1\bin\extnet.dll
0x00007ff8c2de0000 - 0x00007ff8c2dfc000 	C:\WINDOWS\SYSTEM32\CRYPTSP.dll
0x00007ff8c2580000 - 0x00007ff8c25ba000 	C:\WINDOWS\system32\rsaenh.dll
0x00007ff8c2be0000 - 0x00007ff8c2c0b000 	C:\WINDOWS\SYSTEM32\USERENV.dll
0x00007ff8c3020000 - 0x00007ff8c3046000 	C:\WINDOWS\SYSTEM32\bcrypt.dll
0x00007ff8c2e00000 - 0x00007ff8c2e0c000 	C:\WINDOWS\SYSTEM32\CRYPTBASE.dll
0x00007ff8c20c0000 - 0x00007ff8c20f3000 	C:\WINDOWS\SYSTEM32\IPHLPAPI.DLL
0x00007ff8c4450000 - 0x00007ff8c445a000 	C:\WINDOWS\System32\NSI.dll
0x00007ff877dc0000 - 0x00007ff877dd0000 	C:\Users\g_ste\.jdks\openjdk-23.0.1\bin\verify.dll
0x00007ff87b1c0000 - 0x00007ff87b1ca000 	C:\Users\g_ste\.jdks\openjdk-23.0.1\bin\management.dll
0x00007ff87a6f0000 - 0x00007ff87a6fb000 	C:\Users\g_ste\.jdks\openjdk-23.0.1\bin\management_ext.dll
0x00007ff8c5000000 - 0x00007ff8c5008000 	C:\WINDOWS\System32\PSAPI.DLL
0x000001cb1d030000 - 0x000001cb1d033000 	C:\Users\g_ste\.openjfx\cache\23.0.1+4\amd64\api-ms-win-core-console-l1-1-0.dll
0x000001cb1d040000 - 0x000001cb1d043000 	C:\Users\g_ste\.openjfx\cache\23.0.1+4\amd64\api-ms-win-core-console-l1-2-0.dll
0x000001cb1d050000 - 0x000001cb1d053000 	C:\Users\g_ste\.openjfx\cache\23.0.1+4\amd64\api-ms-win-core-datetime-l1-1-0.dll
0x000001cb1d060000 - 0x000001cb1d063000 	C:\Users\g_ste\.openjfx\cache\23.0.1+4\amd64\api-ms-win-core-debug-l1-1-0.dll
0x000001cb1d070000 - 0x000001cb1d073000 	C:\Users\g_ste\.openjfx\cache\23.0.1+4\amd64\api-ms-win-core-errorhandling-l1-1-0.dll
0x000001cb3cf70000 - 0x000001cb3cf74000 	C:\Users\g_ste\.openjfx\cache\23.0.1+4\amd64\api-ms-win-core-file-l1-1-0.dll
0x000001cb3cf80000 - 0x000001cb3cf83000 	C:\Users\g_ste\.openjfx\cache\23.0.1+4\amd64\api-ms-win-core-file-l1-2-0.dll
0x000001cb3cf90000 - 0x000001cb3cf93000 	C:\Users\g_ste\.openjfx\cache\23.0.1+4\amd64\api-ms-win-core-file-l2-1-0.dll
0x000001cb3cfa0000 - 0x000001cb3cfa3000 	C:\Users\g_ste\.openjfx\cache\23.0.1+4\amd64\api-ms-win-core-handle-l1-1-0.dll
0x000001cb3cfb0000 - 0x000001cb3cfb3000 	C:\Users\g_ste\.openjfx\cache\23.0.1+4\amd64\api-ms-win-core-heap-l1-1-0.dll
0x000001cb3cfc0000 - 0x000001cb3cfc3000 	C:\Users\g_ste\.openjfx\cache\23.0.1+4\amd64\api-ms-win-core-interlocked-l1-1-0.dll
0x000001cb3cfd0000 - 0x000001cb3cfd3000 	C:\Users\g_ste\.openjfx\cache\23.0.1+4\amd64\api-ms-win-core-libraryloader-l1-1-0.dll
0x000001cb3cfe0000 - 0x000001cb3cfe3000 	C:\Users\g_ste\.openjfx\cache\23.0.1+4\amd64\api-ms-win-core-localization-l1-2-0.dll
0x000001cb3cff0000 - 0x000001cb3cff3000 	C:\Users\g_ste\.openjfx\cache\23.0.1+4\amd64\api-ms-win-core-memory-l1-1-0.dll
0x000001cb7f7d0000 - 0x000001cb7f7d3000 	C:\Users\g_ste\.openjfx\cache\23.0.1+4\amd64\api-ms-win-core-namedpipe-l1-1-0.dll
0x000001cb7f7e0000 - 0x000001cb7f7e3000 	C:\Users\g_ste\.openjfx\cache\23.0.1+4\amd64\api-ms-win-core-processenvironment-l1-1-0.dll
0x000001cb7f7f0000 - 0x000001cb7f7f3000 	C:\Users\g_ste\.openjfx\cache\23.0.1+4\amd64\api-ms-win-core-processthreads-l1-1-0.dll
0x000001cb7f800000 - 0x000001cb7f803000 	C:\Users\g_ste\.openjfx\cache\23.0.1+4\amd64\api-ms-win-core-processthreads-l1-1-1.dll
0x000001cb7f810000 - 0x000001cb7f813000 	C:\Users\g_ste\.openjfx\cache\23.0.1+4\amd64\api-ms-win-core-profile-l1-1-0.dll
0x000001cb7f820000 - 0x000001cb7f823000 	C:\Users\g_ste\.openjfx\cache\23.0.1+4\amd64\api-ms-win-core-rtlsupport-l1-1-0.dll
0x000001cb7f830000 - 0x000001cb7f833000 	C:\Users\g_ste\.openjfx\cache\23.0.1+4\amd64\api-ms-win-core-string-l1-1-0.dll
0x000001cb7f840000 - 0x000001cb7f843000 	C:\Users\g_ste\.openjfx\cache\23.0.1+4\amd64\api-ms-win-core-synch-l1-1-0.dll
0x000001cb7f850000 - 0x000001cb7f853000 	C:\Users\g_ste\.openjfx\cache\23.0.1+4\amd64\api-ms-win-core-synch-l1-2-0.dll
0x000001cb7f860000 - 0x000001cb7f863000 	C:\Users\g_ste\.openjfx\cache\23.0.1+4\amd64\api-ms-win-core-sysinfo-l1-1-0.dll
0x000001cb7f870000 - 0x000001cb7f873000 	C:\Users\g_ste\.openjfx\cache\23.0.1+4\amd64\api-ms-win-core-timezone-l1-1-0.dll
0x000001cb7f880000 - 0x000001cb7f883000 	C:\Users\g_ste\.openjfx\cache\23.0.1+4\amd64\api-ms-win-core-util-l1-1-0.dll
0x000001cb7f890000 - 0x000001cb7f893000 	C:\Users\g_ste\.openjfx\cache\23.0.1+4\amd64\api-ms-win-crt-conio-l1-1-0.dll
0x000001cb7f8a0000 - 0x000001cb7f8a4000 	C:\Users\g_ste\.openjfx\cache\23.0.1+4\amd64\api-ms-win-crt-convert-l1-1-0.dll
0x000001cb7f8b0000 - 0x000001cb7f8b3000 	C:\Users\g_ste\.openjfx\cache\23.0.1+4\amd64\api-ms-win-crt-environment-l1-1-0.dll
0x000001cb7f8c0000 - 0x000001cb7f8c3000 	C:\Users\g_ste\.openjfx\cache\23.0.1+4\amd64\api-ms-win-crt-filesystem-l1-1-0.dll
0x000001cb7f8d0000 - 0x000001cb7f8d3000 	C:\Users\g_ste\.openjfx\cache\23.0.1+4\amd64\api-ms-win-crt-heap-l1-1-0.dll
0x000001cb7f8e0000 - 0x000001cb7f8e3000 	C:\Users\g_ste\.openjfx\cache\23.0.1+4\amd64\api-ms-win-crt-locale-l1-1-0.dll
0x000001cb7f8f0000 - 0x000001cb7f8f5000 	C:\Users\g_ste\.openjfx\cache\23.0.1+4\amd64\api-ms-win-crt-math-l1-1-0.dll
0x000001cb7f900000 - 0x000001cb7f905000 	C:\Users\g_ste\.openjfx\cache\23.0.1+4\amd64\api-ms-win-crt-multibyte-l1-1-0.dll
0x000001cb7f910000 - 0x000001cb7f920000 	C:\Users\g_ste\.openjfx\cache\23.0.1+4\amd64\api-ms-win-crt-private-l1-1-0.dll
0x000001cb7f920000 - 0x000001cb7f923000 	C:\Users\g_ste\.openjfx\cache\23.0.1+4\amd64\api-ms-win-crt-process-l1-1-0.dll
0x000001cb7f930000 - 0x000001cb7f934000 	C:\Users\g_ste\.openjfx\cache\23.0.1+4\amd64\api-ms-win-crt-runtime-l1-1-0.dll
0x000001cb7f940000 - 0x000001cb7f944000 	C:\Users\g_ste\.openjfx\cache\23.0.1+4\amd64\api-ms-win-crt-stdio-l1-1-0.dll
0x000001cb7f950000 - 0x000001cb7f954000 	C:\Users\g_ste\.openjfx\cache\23.0.1+4\amd64\api-ms-win-crt-string-l1-1-0.dll
0x000001cb7f960000 - 0x000001cb7f963000 	C:\Users\g_ste\.openjfx\cache\23.0.1+4\amd64\api-ms-win-crt-time-l1-1-0.dll
0x000001cb7f970000 - 0x000001cb7f973000 	C:\Users\g_ste\.openjfx\cache\23.0.1+4\amd64\api-ms-win-crt-utility-l1-1-0.dll
0x00007ff81e090000 - 0x00007ff81e18c000 	C:\Users\g_ste\.openjfx\cache\23.0.1+4\amd64\ucrtbase.dll
0x00007ff871090000 - 0x00007ff8710ab000 	C:\Users\g_ste\.openjfx\cache\23.0.1+4\amd64\vcruntime140.dll
0x00007ff874860000 - 0x00007ff87486c000 	C:\Users\g_ste\.openjfx\cache\23.0.1+4\amd64\vcruntime140_1.dll
0x00007ff81e560000 - 0x00007ff81e5ee000 	C:\Users\g_ste\.openjfx\cache\23.0.1+4\amd64\msvcp140.dll
0x00007ff8721e0000 - 0x00007ff8721e9000 	C:\Users\g_ste\.openjfx\cache\23.0.1+4\amd64\msvcp140_1.dll
0x00007ff82bf10000 - 0x00007ff82bf51000 	C:\Users\g_ste\.openjfx\cache\23.0.1+4\amd64\msvcp140_2.dll
0x00007ff82bc30000 - 0x00007ff82bc60000 	C:\Users\g_ste\.openjfx\cache\23.0.1+4\amd64\prism_d3d.dll
0x00007ff872470000 - 0x00007ff87261c000 	C:\WINDOWS\system32\d3d9.dll
0x00007ff8c0e00000 - 0x00007ff8c0e35000 	C:\WINDOWS\SYSTEM32\dwmapi.dll
0x00007ff8c0d90000 - 0x00007ff8c0dd7000 	C:\WINDOWS\SYSTEM32\dxcore.dll
0x00007ff8c0aa0000 - 0x00007ff8c0b4e000 	C:\WINDOWS\system32\uxtheme.dll
0x00007ff8c0bd0000 - 0x00007ff8c0c2d000 	C:\WINDOWS\SYSTEM32\directxdatabasehelper.dll
0x00007ff81e320000 - 0x00007ff81e365000 	C:\Users\g_ste\.openjfx\cache\23.0.1+4\amd64\glass.dll
0x00007ff8c5640000 - 0x00007ff8c5731000 	C:\WINDOWS\System32\COMDLG32.dll
0x00007ff8c63e0000 - 0x00007ff8c653b000 	C:\WINDOWS\System32\MSCTF.dll
0x00007ff8c6330000 - 0x00007ff8c63d8000 	C:\WINDOWS\System32\clbcatq.dll
0x00007ff8a58d0000 - 0x00007ff8a5a26000 	C:\Windows\System32\Windows.UI.dll
0x00007ff890030000 - 0x00007ff89017c000 	C:\Windows\System32\Windows.UI.Immersive.dll
0x00007ff8680b0000 - 0x00007ff8680c5000 	C:\Users\g_ste\.openjfx\cache\23.0.1+4\amd64\javafx_font.dll
0x00007ff8bf930000 - 0x00007ff8bfb99000 	C:\WINDOWS\SYSTEM32\dwrite.dll
0x00007ff8bee20000 - 0x00007ff8bf04e000 	C:\WINDOWS\SYSTEM32\WindowsCodecs.dll
0x00007ff8a6cc0000 - 0x00007ff8a6d1a000 	C:\WINDOWS\system32\dataexchange.dll
0x00007ff8bb620000 - 0x00007ff8bb85b000 	C:\WINDOWS\system32\twinapi.appcore.dll
0x00007ff833c60000 - 0x00007ff833c8c000 	C:\Program Files\Common Files\Microsoft Shared\Ink\rtscom.dll
0x00007ff8a7760000 - 0x00007ff8a78a6000 	C:\WINDOWS\SYSTEM32\textinputframework.dll
0x00007ff8c05e0000 - 0x00007ff8c0706000 	C:\WINDOWS\SYSTEM32\CoreMessaging.dll
0x00007ff8b78b0000 - 0x00007ff8b7b93000 	C:\WINDOWS\SYSTEM32\CoreUIComponents.dll

dbghelp: loaded successfully - version: 4.0.5 - missing functions: none
symbol engine: initialized successfully - sym options: 0x614 - pdb path: .;C:\Users\g_ste\.jdks\openjdk-23.0.1\bin;C:\WINDOWS\SYSTEM32;C:\WINDOWS\WinSxS\amd64_microsoft.windows.common-controls_6595b64144ccf1df_6.0.26100.3323_none_3e088096e3344490;C:\Users\g_ste\.jdks\openjdk-23.0.1\bin\server;C:\Program Files\JetBrains\IntelliJ IDEA Community Edition 2024.2.1\bin;C:\Users\g_ste\.openjfx\cache\23.0.1+4\amd64;C:\WINDOWS\System32\DriverStore\FileRepository\u0407098.inf_amd64_05392d9068e0824e\B406567;C:\WINDOWS\System32\DriverStore\FileRepository\nvhm.inf_amd64_5c197d2d97068bef;C:\Program Files\Common Files\Microsoft Shared\Ink

VM Arguments:
jvm_args: -javaagent:C:\Program Files\JetBrains\IntelliJ IDEA Community Edition 2024.2.1\lib\idea_rt.jar=55588:C:\Program Files\JetBrains\IntelliJ IDEA Community Edition 2024.2.1\bin -Dfile.encoding=UTF-8 -Dsun.stdout.encoding=UTF-8 -Dsun.stderr.encoding=UTF-8 
java_command: com.JESIKOM.HowManager.HowManagerApplication
java_class_path (initial): C:\Users\g_ste\Downloads\HowManager-main\HowManager-main\target\classes;C:\Users\g_ste\.m2\repository\org\springframework\boot\spring-boot-starter\3.4.2\spring-boot-starter-3.4.2.jar;C:\Users\g_ste\.m2\repository\org\springframework\boot\spring-boot\3.4.2\spring-boot-3.4.2.jar;C:\Users\g_ste\.m2\repository\org\springframework\spring-context\6.2.2\spring-context-6.2.2.jar;C:\Users\g_ste\.m2\repository\org\springframework\spring-expression\6.2.2\spring-expression-6.2.2.jar;C:\Users\g_ste\.m2\repository\io\micrometer\micrometer-observation\1.14.3\micrometer-observation-1.14.3.jar;C:\Users\g_ste\.m2\repository\io\micrometer\micrometer-commons\1.14.3\micrometer-commons-1.14.3.jar;C:\Users\g_ste\.m2\repository\org\springframework\boot\spring-boot-autoconfigure\3.4.2\spring-boot-autoconfigure-3.4.2.jar;C:\Users\g_ste\.m2\repository\org\springframework\boot\spring-boot-starter-logging\3.4.2\spring-boot-starter-logging-3.4.2.jar;C:\Users\g_ste\.m2\repository\ch\qos\logback\logback-classic\1.5.16\logback-classic-1.5.16.jar;C:\Users\g_ste\.m2\repository\ch\qos\logback\logback-core\1.5.16\logback-core-1.5.16.jar;C:\Users\g_ste\.m2\repository\org\apache\logging\log4j\log4j-to-slf4j\2.24.3\log4j-to-slf4j-2.24.3.jar;C:\Users\g_ste\.m2\repository\org\apache\logging\log4j\log4j-api\2.24.3\log4j-api-2.24.3.jar;C:\Users\g_ste\.m2\repository\org\slf4j\jul-to-slf4j\2.0.16\jul-to-slf4j-2.0.16.jar;C:\Users\g_ste\.m2\repository\jakarta\annotation\jakarta.annotation-api\2.1.1\jakarta.annotation-api-2.1.1.jar;C:\Users\g_ste\.m2\repository\org\springframework\spring-core\6.2.2\spring-core-6.2.2.jar;C:\Users\g_ste\.m2\repository\org\springframework\spring-jcl\6.2.2\spring-jcl-6.2.2.jar;C:\Users\g_ste\.m2\repository\org\yaml\snakeyaml\2.3\snakeyaml-2.3.jar;C:\Users\g_ste\.m2\repository\org\springframework\boot\spring-boot-starter-data-jpa\3.4.2\spring-boot-starter-data-jpa-3.4.2.jar;C:\Users\g_ste\.m2\repository\org\springframework\boot\spring-boot-starter-jdbc\3.4.2\spring-boot-starter-jdbc-3.4.2.jar;C:\Users\g_ste\.m2\repository\com\zaxxer\HikariCP\5.1.0\HikariCP-5.1.0.jar;C:\Users\g_ste\.m2\repository\org\springframework\spring-jdbc\6.2.2\spring-jdbc-6.2.2.jar;C:\Users\g_ste\.m2\repository\org\hibernate\orm\hibernate-core\6.6.5.Final\hibernate-core-6.6.5.Final.jar;C:\Users\g_ste\.m2\repository\jakarta\persistence\jakarta.persistence-api\3.1.0\jakarta.persistence-api-3.1.0.jar;C:\Users\g_ste\.m2\repository\jakarta\transaction\jakarta.transaction-api\2.0.1\jakarta.transaction-api-2.0.1.jar;C:\Users\g_ste\.m2\repository\org\jboss\logging\jboss-logging\3.6.1.Final\jboss-logging-3.6.1.Final.jar;C:\Users\g_ste\.m2\repository\org\hibernate\common\hibernate-commons-annotations\7.0.3.Final\hibernate-commons-annotations-7.0.3.Final.jar;C:\Users\g_ste\.m2\repository\io\smallrye\jandex\3.2.0\jandex-3.2.0.jar;C:\Users\g_ste\.m2\repository\com\fasterxml\classmate\1.7.0\classmate-1.7.0.jar;C:\Users\g_ste\.m2\repository\org\glassfish\jaxb\jaxb-runtime\4.0.5\jaxb-runtime-4.0.5.jar;C:\Users\g_ste\.m2\repository\org\glassfish\jaxb\jaxb-core\4.0.5\jaxb-core-4.0.5.jar;C:\Users\g_ste\.m2\repository\org\eclipse\angus\angus-activation\2.0.2\angus-activation-2.0.2.jar;C:\Users\g_ste\.m2\repository\org\glassfish\jaxb\txw2\4.0.5\txw2-4.0.5.jar;C:\Users\g_ste\.m2\repository\com\sun\istack\istack-commons-runtime\4.1.2\istack-commons-runtime-4.1.2.jar;C:\Users\g_ste\.m2\repository\jakarta\inject\jakarta.inject-api\2.0.1\jakarta.inject-api-2.0.1.jar;C:\Users\g_ste\.m2\repository\org\antlr\antlr4-runtime\4.13.0\antlr4-runtime-4.13.0.jar;C:\Users\g_ste\.m2\repository\org\springframework\data\spring-data-jpa\3.4.2\spring-data-jpa-3.4.2.jar;C:\Users\g_ste\.m2\repository\org\springframework\data\spring-data-commons\3.4.2\spring-data-commons-3.4.2.jar;C:\Users\g_ste\.m2\repository\org\springframework\spring-orm\6.2.2\spring-orm-6.2.2.jar;C:\Users\g_ste\.m2\repository\org\springframework\spring-aop\6.2.2\spring-aop-6.2.2.jar;C:\Users\g_ste\.m2\repository\org\springframework\spring-tx\6.2.2\spring-tx-6.2.2.jar;C:\Users\g_ste\.m2\repository\org\springframework\spring-beans\6.2.2\spring-beans-6.2.2.jar;C:\Users\g_ste\.m2\repository\org\slf4j\slf4j-api\2.0.16\slf4j-api-2.0.16.jar;C:\Users\g_ste\.m2\repository\org\springframework\spring-aspects\6.2.2\spring-aspects-6.2.2.jar;C:\Users\g_ste\.m2\repository\org\aspectj\aspectjweaver\1.9.22.1\aspectjweaver-1.9.22.1.jar;C:\Users\g_ste\.m2\repository\org\springframework\boot\spring-boot-starter-validation\3.4.2\spring-boot-starter-validation-3.4.2.jar;C:\Users\g_ste\.m2\repository\org\apache\tomcat\embed\tomcat-embed-el\10.1.34\tomcat-embed-el-10.1.34.jar;C:\Users\g_ste\.m2\repository\org\hibernate\validator\hibernate-validator\8.0.2.Final\hibernate-validator-8.0.2.Final.jar;C:\Users\g_ste\.m2\repository\jakarta\validation\jakarta.validation-api\3.0.2\jakarta.validation-api-3.0.2.jar;C:\Users\g_ste\.m2\repository\jakarta\xml\bind\jakarta.xml.bind-api\4.0.2\jakarta.xml.bind-api-4.0.2.jar;C:\Users\g_ste\.m2\repository\jakarta\activation\jakarta.activation-api\2.1.3\jakarta.activation-api-2.1.3.jar;C:\Users\g_ste\.m2\repository\org\openjfx\javafx-controls\23.0.1\javafx-controls-23.0.1.jar;C:\Users\g_ste\.m2\repository\org\openjfx\javafx-controls\23.0.1\javafx-controls-23.0.1-win.jar;C:\Users\g_ste\.m2\repository\org\openjfx\javafx-graphics\23.0.1\javafx-graphics-23.0.1.jar;C:\Users\g_ste\.m2\repository\org\openjfx\javafx-graphics\23.0.1\javafx-graphics-23.0.1-win.jar;C:\Users\g_ste\.m2\repository\org\openjfx\javafx-base\23.0.1\javafx-base-23.0.1.jar;C:\Users\g_ste\.m2\repository\org\openjfx\javafx-base\23.0.1\javafx-base-23.0.1-win.jar;C:\Users\g_ste\.m2\repository\org\openjfx\javafx-fxml\23.0.1\javafx-fxml-23.0.1.jar;C:\Users\g_ste\.m2\repository\org\openjfx\javafx-fxml\23.0.1\javafx-fxml-23.0.1-win.jar;C:\Users\g_ste\.m2\repository\com\h2database\h2\2.3.232\h2-2.3.232.jar;C:\Users\g_ste\.m2\repository\net\bytebuddy\byte-buddy\1.15.11\byte-buddy-1.15.11.jar
Launcher Type: SUN_STANDARD

[Global flags]
     intx CICompilerCount                          = 4                                         {product} {ergonomic}
     uint ConcGCThreads                            = 3                                         {product} {ergonomic}
     uint G1ConcRefinementThreads                  = 10                                        {product} {ergonomic}
   size_t G1HeapRegionSize                         = 2097152                                   {product} {ergonomic}
   size_t InitialHeapSize                          = 257949696                                 {product} {ergonomic}
   size_t MarkStackSize                            = 4194304                                   {product} {ergonomic}
   size_t MarkStackSizeMax                         = 536870912                                 {product} {ergonomic}
   size_t MaxHeapSize                              = 4118806528                                {product} {ergonomic}
   size_t MaxNewSize                               = 2470445056                                {product} {ergonomic}
   size_t MinHeapDeltaBytes                        = 2097152                                   {product} {ergonomic}
   size_t MinHeapSize                              = 8388608                                   {product} {ergonomic}
    uintx NonNMethodCodeHeapSize                   = 5832704                                {pd product} {ergonomic}
    uintx NonProfiledCodeHeapSize                  = 122945536                              {pd product} {ergonomic}
    uintx ProfiledCodeHeapSize                     = 122880000                              {pd product} {ergonomic}
    uintx ReservedCodeCacheSize                    = 251658240                              {pd product} {ergonomic}
     bool SegmentedCodeCache                       = true                                      {product} {ergonomic}
   size_t SoftMaxHeapSize                          = 4118806528                             {manageable} {ergonomic}
     bool UseCompressedOops                        = true                           {product lp64_product} {ergonomic}
     bool UseG1GC                                  = true                                      {product} {ergonomic}
     bool UseLargePagesIndividualAllocation        = false                                  {pd product} {ergonomic}

Logging:
Log output configuration:
 #0: stdout all=off uptime,level,tags foldmultilines=false
 #1: stderr all=off uptime,level,tags foldmultilines=false

Environment Variables:
JAVA_HOME="C:\Users\g_ste\.jdks\openjdk-23.0.1"
PATH=C:\app\g_ste\product\21c\dbhomeXE\bin;C:\windows\system32;C:\windows;C:\windows\System32\Wbem;C:\windows\System32\WindowsPowerShell\v1.0\;C:\windows\System32\OpenSSH\;C:\Program Files (x86)\NVIDIA Corporation\PhysX\Common;C:\Program Files\NVIDIA Corporation\NVIDIA NvDLISR;C:\Program Files\HP\HP One Agent;C:\Program Files\Git\cmd;C:\Program Files (x86)\Microsoft SQL Server\160\Tools\Binn\;C:\Program Files\Microsoft SQL Server\160\Tools\Binn\;C:\Program Files\Microsoft SQL Server\Client SDK\ODBC\170\Tools\Binn\;C:\Program Files\Microsoft SQL Server\160\DTS\Binn\;C:\Program Files\PuTTY\;C:\Users\g_ste\.jdks\openjdk-23.0.1\bin;C:\Program Files\Apache\Maven\bin;;%SystemRoot%\system32;%SystemRoot%;%SystemRoot%\System32\Wbem;%SYSTEMROOT%\System32\WindowsPowerShell\v1.0\;%SYSTEMROOT%\System32\OpenSSH\;C:\Users\g_ste\AppData\Local\Programs\Python\Python312\Scripts\;C:\Users\g_ste\AppData\Local\Programs\Python\Python312\;C:\Users\g_ste\AppData\Local\Programs\Python\Launcher\;C:\Users\g_ste\AppData\Local\Microsoft\WindowsApps;C:\Program Files\JetBrains\IntelliJ IDEA Community Edition 2024.2.1\bin;;LIEN VERS PYTHON;C:\Program Files\Git\bin;C:\Users\g_ste\AppData\Local\Programs\Microsoft VS Code\bin;C:\Users\g_ste\mysys64;C:\msys64\ucrt64\bin;C:\Program Files\Oracle\instantclient_sqlplus\instantclient_23_6;C:\Users\g_ste\.jdks\openjdk-23.0.1;
USERNAME=g_ste
OS=Windows_NT
PROCESSOR_IDENTIFIER=AMD64 Family 25 Model 80 Stepping 0, AuthenticAMD
TMP=C:\Users\g_ste\AppData\Local\Temp
TEMP=C:\Users\g_ste\AppData\Local\Temp




Periodic native trim disabled

---------------  S Y S T E M  ---------------

OS:
 Windows 11 , 64 bit Build 26100 (10.0.26100.3323)
OS uptime: 1 days 1:50 hours
Hyper-V role detected

CPU: total 12 (initial active 12) (12 cores per cpu, 2 threads per core) family 25 model 80 stepping 0 microcode 0xa50000d, cx8, cmov, fxsr, ht, mmx, 3dnowpref, sse, sse2, sse3, ssse3, sse4a, sse4.1, sse4.2, popcnt, lzcnt, tsc, tscinvbit, avx, avx2, aes, erms, clmul, bmi1, bmi2, adx, sha, fma, vzeroupper, clflush, clflushopt, hv, rdtscp, rdpid, fsrm, f16c, cet_ss
Processor Information for processor 0
  Max Mhz: 3301, Current Mhz: 3301, Mhz Limit: 3301
Processor Information for processor 1
  Max Mhz: 3301, Current Mhz: 2630, Mhz Limit: 3301
Processor Information for processor 2
  Max Mhz: 3301, Current Mhz: 2630, Mhz Limit: 3301
Processor Information for processor 3
  Max Mhz: 3301, Current Mhz: 2630, Mhz Limit: 3301
Processor Information for processor 4
  Max Mhz: 3301, Current Mhz: 2630, Mhz Limit: 3301
Processor Information for processor 5
  Max Mhz: 3301, Current Mhz: 2630, Mhz Limit: 3301
Processor Information for processor 6
  Max Mhz: 3301, Current Mhz: 2630, Mhz Limit: 3301
Processor Information for processor 7
  Max Mhz: 3301, Current Mhz: 2630, Mhz Limit: 3301
Processor Information for processor 8
  Max Mhz: 3301, Current Mhz: 2630, Mhz Limit: 3301
Processor Information for processor 9
  Max Mhz: 3301, Current Mhz: 2630, Mhz Limit: 3301
Processor Information for processor 10
  Max Mhz: 3301, Current Mhz: 2630, Mhz Limit: 3301
Processor Information for processor 11
  Max Mhz: 3301, Current Mhz: 2630, Mhz Limit: 3301

Memory: 4k page, system-wide physical 15711M (6156M free)
TotalPageFile size 21855M (AvailPageFile size 6735M)
current process WorkingSet (physical memory assigned to process): 315M, peak: 340M
current process commit charge ("private bytes"): 409M, peak: 440M

vm_info: OpenJDK 64-Bit Server VM (23.0.1+11-39) for windows-amd64 JRE (23.0.1+11-39), built on 2024-09-30T07:20:43Z with MS VC++ 17.6 (VS2022)

END.
